Flow report for Touch_Control
Sat Jan 15 12:39:42 2022
Quartus Prime Version 17.1.1 Internal Build 593 12/11/2017 SJ Lite Edition


---------------------
; Table of Contents ;
---------------------
  1. Legal Notice
  2. Flow Summary
  3. Flow Settings
  4. Flow Non-Default Global Settings
  5. Flow Elapsed Time
  6. Flow OS Summary
  7. Flow Log
  8. Flow Messages
  9. Flow Suppressed Messages



----------------
; Legal Notice ;
----------------
Copyright (C) 2017  Intel Corporation. All rights reserved.
Your use of Intel Corporation's design tools, logic functions 
and other software and tools, and its AMPP partner logic 
functions, and any output files from any of the foregoing 
(including device programming or simulation files), and any 
associated documentation or information are expressly subject 
to the terms and conditions of the Intel Program License 
Subscription Agreement, the Intel Quartus Prime License Agreement,
the Intel FPGA IP License Agreement, or other applicable license
agreement, including, without limitation, that your use is for
the sole purpose of programming logic devices manufactured by
Intel and sold by Intel or its authorized distributors.  Please
refer to the applicable agreement for further details.



+-------------------------------------------------------------------------------------------+
; Flow Summary                                                                              ;
+------------------------------------+------------------------------------------------------+
; Flow Status                        ; Successful - Sat Jan 15 12:39:42 2022                ;
; Quartus Prime Version              ; 17.1.1 Internal Build 593 12/11/2017 SJ Lite Edition ;
; Revision Name                      ; Touch_Control                                        ;
; Top-level Entity Name              ; ADC_CONTROL_mejorado                                 ;
; Family                             ; Cyclone IV E                                         ;
; Device                             ; EP4CE115F29C7                                        ;
; Timing Models                      ; Final                                                ;
; Total logic elements               ; 979 / 114,480 ( < 1 % )                              ;
;     Total combinational functions  ; 727 / 114,480 ( < 1 % )                              ;
;     Dedicated logic registers      ; 684 / 114,480 ( < 1 % )                              ;
; Total registers                    ; 684                                                  ;
; Total pins                         ; 88 / 529 ( 17 % )                                    ;
; Total virtual pins                 ; 0                                                    ;
; Total memory bits                  ; 294,912 / 3,981,312 ( 7 % )                          ;
; Embedded Multiplier 9-bit elements ; 0 / 532 ( 0 % )                                      ;
; Total PLLs                         ; 0 / 4 ( 0 % )                                        ;
+------------------------------------+------------------------------------------------------+


+-----------------------------------------+
; Flow Settings                           ;
+-------------------+---------------------+
; Option            ; Setting             ;
+-------------------+---------------------+
; Start date & time ; 01/15/2022 12:39:08 ;
; Main task         ; Compilation         ;
; Revision Name     ; Touch_Control       ;
+-------------------+---------------------+


+------------------------------------------------------------------------------------------------------------------------------------------------------------------------+
; Flow Non-Default Global Settings                                                                                                                                       ;
+--------------------------------------+-----------------------------------------------------------------------+---------------+----------------------+------------------+
; Assignment Name                      ; Value                                                                 ; Default Value ; Entity Name          ; Section Id       ;
+--------------------------------------+-----------------------------------------------------------------------+---------------+----------------------+------------------+
; COMPILER_SIGNATURE_ID                ; 38917505025.164224674708968                                           ; --            ; --                   ; --               ;
; EDA_DESIGN_INSTANCE_NAME             ; ADC_CONTROL                                                           ; --            ; --                   ; tb_Touch_Control ;
; EDA_NATIVELINK_SIMULATION_TEST_BENCH ; tb_Touch_Control                                                      ; --            ; --                   ; eda_simulation   ;
; EDA_OUTPUT_DATA_FORMAT               ; Verilog Hdl                                                           ; --            ; --                   ; eda_simulation   ;
; EDA_SIMULATION_TOOL                  ; ModelSim-Altera (Verilog)                                             ; <None>        ; --                   ; --               ;
; EDA_TEST_BENCH_ENABLE_STATUS         ; TEST_BENCH_MODE                                                       ; --            ; --                   ; eda_simulation   ;
; EDA_TEST_BENCH_FILE                  ; EMULE_ADC.vo                                                          ; --            ; --                   ; tb_Touch_Control ;
; EDA_TEST_BENCH_FILE                  ; tb_Touch_Control.v                                                    ; --            ; --                   ; tb_Touch_Control ;
; EDA_TEST_BENCH_FILE                  ; MFB.v                                                                 ; --            ; --                   ; tb_Touch_Control ;
; EDA_TEST_BENCH_MODULE_NAME           ; tb_Touch_Control                                                      ; --            ; --                   ; tb_Touch_Control ;
; EDA_TEST_BENCH_NAME                  ; tb_Touch_Control                                                      ; --            ; --                   ; eda_simulation   ;
; EDA_TIME_SCALE                       ; 1 ns                                                                  ; --            ; --                   ; eda_simulation   ;
; ENABLE_SIGNALTAP                     ; On                                                                    ; --            ; --                   ; --               ;
; MAX_CORE_JUNCTION_TEMP               ; 85                                                                    ; --            ; --                   ; --               ;
; MIN_CORE_JUNCTION_TEMP               ; 0                                                                     ; --            ; --                   ; --               ;
; PARTITION_COLOR                      ; -- (Not supported for targeted family)                                ; --            ; ADC_CONTROL_mejorado ; Top              ;
; PARTITION_FITTER_PRESERVATION_LEVEL  ; -- (Not supported for targeted family)                                ; --            ; ADC_CONTROL_mejorado ; Top              ;
; PARTITION_NETLIST_TYPE               ; -- (Not supported for targeted family)                                ; --            ; ADC_CONTROL_mejorado ; Top              ;
; POWER_BOARD_THERMAL_MODEL            ; None (CONSERVATIVE)                                                   ; --            ; --                   ; --               ;
; POWER_PRESET_COOLING_SOLUTION        ; 23 MM HEAT SINK WITH 200 LFPM AIRFLOW                                 ; --            ; --                   ; --               ;
; SLD_FILE                             ; db/captura_serie2_auto_stripped.stp                                   ; --            ; --                   ; --               ;
; SLD_NODE_CREATOR_ID                  ; 110                                                                   ; --            ; --                   ; auto_signaltap_0 ;
; SLD_NODE_ENTITY_NAME                 ; sld_signaltap                                                         ; --            ; --                   ; auto_signaltap_0 ;
; SLD_NODE_PARAMETER_ASSIGNMENT        ; SLD_RAM_BLOCK_TYPE=AUTO                                               ; --            ; --                   ; auto_signaltap_0 ;
; SLD_NODE_PARAMETER_ASSIGNMENT        ; SLD_NODE_INFO=805334528                                               ; --            ; --                   ; auto_signaltap_0 ;
; SLD_NODE_PARAMETER_ASSIGNMENT        ; SLD_POWER_UP_TRIGGER=0                                                ; --            ; --                   ; auto_signaltap_0 ;
; SLD_NODE_PARAMETER_ASSIGNMENT        ; SLD_SEGMENT_SIZE=32768                                                ; --            ; --                   ; auto_signaltap_0 ;
; SLD_NODE_PARAMETER_ASSIGNMENT        ; SLD_ATTRIBUTE_MEM_MODE=OFF                                            ; --            ; --                   ; auto_signaltap_0 ;
; SLD_NODE_PARAMETER_ASSIGNMENT        ; SLD_STATE_FLOW_USE_GENERATED=0                                        ; --            ; --                   ; auto_signaltap_0 ;
; SLD_NODE_PARAMETER_ASSIGNMENT        ; SLD_STATE_BITS=11                                                     ; --            ; --                   ; auto_signaltap_0 ;
; SLD_NODE_PARAMETER_ASSIGNMENT        ; SLD_BUFFER_FULL_STOP=1                                                ; --            ; --                   ; auto_signaltap_0 ;
; SLD_NODE_PARAMETER_ASSIGNMENT        ; SLD_CURRENT_RESOURCE_WIDTH=1                                          ; --            ; --                   ; auto_signaltap_0 ;
; SLD_NODE_PARAMETER_ASSIGNMENT        ; SLD_INCREMENTAL_ROUTING=1                                             ; --            ; --                   ; auto_signaltap_0 ;
; SLD_NODE_PARAMETER_ASSIGNMENT        ; SLD_TRIGGER_LEVEL=1                                                   ; --            ; --                   ; auto_signaltap_0 ;
; SLD_NODE_PARAMETER_ASSIGNMENT        ; SLD_SAMPLE_DEPTH=32768                                                ; --            ; --                   ; auto_signaltap_0 ;
; SLD_NODE_PARAMETER_ASSIGNMENT        ; SLD_TRIGGER_IN_ENABLED=0                                              ; --            ; --                   ; auto_signaltap_0 ;
; SLD_NODE_PARAMETER_ASSIGNMENT        ; SLD_TRIGGER_PIPELINE=0                                                ; --            ; --                   ; auto_signaltap_0 ;
; SLD_NODE_PARAMETER_ASSIGNMENT        ; SLD_RAM_PIPELINE=0                                                    ; --            ; --                   ; auto_signaltap_0 ;
; SLD_NODE_PARAMETER_ASSIGNMENT        ; SLD_COUNTER_PIPELINE=0                                                ; --            ; --                   ; auto_signaltap_0 ;
; SLD_NODE_PARAMETER_ASSIGNMENT        ; SLD_ADVANCED_TRIGGER_ENTITY=basic,1,                                  ; --            ; --                   ; auto_signaltap_0 ;
; SLD_NODE_PARAMETER_ASSIGNMENT        ; SLD_TRIGGER_LEVEL_PIPELINE=1                                          ; --            ; --                   ; auto_signaltap_0 ;
; SLD_NODE_PARAMETER_ASSIGNMENT        ; SLD_ENABLE_ADVANCED_TRIGGER=0                                         ; --            ; --                   ; auto_signaltap_0 ;
; SLD_NODE_PARAMETER_ASSIGNMENT        ; SLD_DATA_BITS=9                                                       ; --            ; --                   ; auto_signaltap_0 ;
; SLD_NODE_PARAMETER_ASSIGNMENT        ; SLD_TRIGGER_BITS=7                                                    ; --            ; --                   ; auto_signaltap_0 ;
; SLD_NODE_PARAMETER_ASSIGNMENT        ; SLD_INVERSION_MASK=00000000000000000000000000000000000000000000000000 ; --            ; --                   ; auto_signaltap_0 ;
; SLD_NODE_PARAMETER_ASSIGNMENT        ; SLD_INVERSION_MASK_LENGTH=50                                          ; --            ; --                   ; auto_signaltap_0 ;
; SLD_NODE_PARAMETER_ASSIGNMENT        ; SLD_STORAGE_QUALIFIER_INVERSION_MASK_LENGTH=0                         ; --            ; --                   ; auto_signaltap_0 ;
; TOP_LEVEL_ENTITY                     ; ADC_CONTROL_mejorado                                                  ; Touch_Control ; --                   ; --               ;
; USE_SIGNALTAP_FILE                   ; captura_serie2.stp                                                    ; --            ; --                   ; --               ;
+--------------------------------------+-----------------------------------------------------------------------+---------------+----------------------+------------------+


+-------------------------------------------------------------------------------------------------------------------------------+
; Flow Elapsed Time                                                                                                             ;
+---------------------------+--------------+-------------------------+---------------------+------------------------------------+
; Module Name               ; Elapsed Time ; Average Processors Used ; Peak Virtual Memory ; Total CPU Time (on all processors) ;
+---------------------------+--------------+-------------------------+---------------------+------------------------------------+
; Analysis & Synthesis      ; 00:00:12     ; 1.0                     ; 4826 MB             ; 00:00:20                           ;
; Fitter                    ; 00:00:10     ; 1.0                     ; 5843 MB             ; 00:00:15                           ;
; Assembler                 ; 00:00:03     ; 1.0                     ; 4685 MB             ; 00:00:03                           ;
; TimeQuest Timing Analyzer ; 00:00:02     ; 1.1                     ; 4875 MB             ; 00:00:02                           ;
; EDA Netlist Writer        ; 00:00:03     ; 1.0                     ; 4667 MB             ; 00:00:03                           ;
; Total                     ; 00:00:30     ; --                      ; --                  ; 00:00:43                           ;
+---------------------------+--------------+-------------------------+---------------------+------------------------------------+


+-----------------------------------------------------------------------------------------+
; Flow OS Summary                                                                         ;
+---------------------------+------------------+------------+------------+----------------+
; Module Name               ; Machine Hostname ; OS Name    ; OS Version ; Processor type ;
+---------------------------+------------------+------------+------------+----------------+
; Analysis & Synthesis      ; DESKTOP-LV6HA8E  ; Windows 10 ; 10.0       ; x86_64         ;
; Fitter                    ; DESKTOP-LV6HA8E  ; Windows 10 ; 10.0       ; x86_64         ;
; Assembler                 ; DESKTOP-LV6HA8E  ; Windows 10 ; 10.0       ; x86_64         ;
; TimeQuest Timing Analyzer ; DESKTOP-LV6HA8E  ; Windows 10 ; 10.0       ; x86_64         ;
; EDA Netlist Writer        ; DESKTOP-LV6HA8E  ; Windows 10 ; 10.0       ; x86_64         ;
+---------------------------+------------------+------------+------------+----------------+


------------
; Flow Log ;
------------
quartus_map --read_settings_files=on --write_settings_files=off Touch_Control -c Touch_Control
quartus_fit --read_settings_files=off --write_settings_files=off Touch_Control -c Touch_Control
quartus_asm --read_settings_files=off --write_settings_files=off Touch_Control -c Touch_Control
quartus_sta Touch_Control -c Touch_Control
quartus_eda --read_settings_files=off --write_settings_files=off Touch_Control -c Touch_Control



