Flow report for Practica1
Tue Oct 19 18:59:28 2021
Quartus Prime Version 17.1.1 Internal Build 593 12/11/2017 SJ Standard Edition


---------------------
; Table of Contents ;
---------------------
  1. Legal Notice
  2. Flow Summary
  3. Flow Settings
  4. Flow Non-Default Global Settings
  5. Flow Elapsed Time
  6. Flow OS Summary
  7. Flow Log
  8. Flow Messages
  9. Flow Suppressed Messages



----------------
; Legal Notice ;
----------------
Copyright (C) 2017  Intel Corporation. All rights reserved.
Your use of Intel Corporation's design tools, logic functions 
and other software and tools, and its AMPP partner logic 
functions, and any output files from any of the foregoing 
(including device programming or simulation files), and any 
associated documentation or information are expressly subject 
to the terms and conditions of the Intel Program License 
Subscription Agreement, the Intel Quartus Prime License Agreement,
the Intel FPGA IP License Agreement, or other applicable license
agreement, including, without limitation, that your use is for
the sole purpose of programming logic devices manufactured by
Intel and sold by Intel or its authorized distributors.  Please
refer to the applicable agreement for further details.



+-----------------------------------------------------------------------------------------------+
; Flow Summary                                                                                  ;
+------------------------------------+----------------------------------------------------------+
; Flow Status                        ; Successful - Tue Oct 19 18:59:28 2021                    ;
; Quartus Prime Version              ; 17.1.1 Internal Build 593 12/11/2017 SJ Standard Edition ;
; Revision Name                      ; Practica1                                                ;
; Top-level Entity Name              ; contador                                                 ;
; Family                             ; Cyclone IV E                                             ;
; Device                             ; EP4CE115F29C7                                            ;
; Timing Models                      ; Final                                                    ;
; Total logic elements               ; 16 / 114,480 ( < 1 % )                                   ;
;     Total combinational functions  ; 16 / 114,480 ( < 1 % )                                   ;
;     Dedicated logic registers      ; 5 / 114,480 ( < 1 % )                                    ;
; Total registers                    ; 5                                                        ;
; Total pins                         ; 10 / 529 ( 2 % )                                         ;
; Total virtual pins                 ; 0                                                        ;
; Total memory bits                  ; 0 / 3,981,312 ( 0 % )                                    ;
; Embedded Multiplier 9-bit elements ; 0 / 532 ( 0 % )                                          ;
; Total PLLs                         ; 0 / 4 ( 0 % )                                            ;
+------------------------------------+----------------------------------------------------------+


+-----------------------------------------+
; Flow Settings                           ;
+-------------------+---------------------+
; Option            ; Setting             ;
+-------------------+---------------------+
; Start date & time ; 10/19/2021 18:58:42 ;
; Main task         ; Compilation         ;
; Revision Name     ; Practica1           ;
+-------------------+---------------------+


+-------------------------------------------------------------------------------------------------------------------------+
; Flow Non-Default Global Settings                                                                                        ;
+-------------------------------------+----------------------------------------+---------------+-------------+------------+
; Assignment Name                     ; Value                                  ; Default Value ; Entity Name ; Section Id ;
+-------------------------------------+----------------------------------------+---------------+-------------+------------+
; COMPILER_SIGNATURE_ID               ; 335035121264.163466272206376           ; --            ; --          ; --         ;
; MAX_CORE_JUNCTION_TEMP              ; 85                                     ; --            ; --          ; --         ;
; MIN_CORE_JUNCTION_TEMP              ; 0                                      ; --            ; --          ; --         ;
; PARTITION_COLOR                     ; -- (Not supported for targeted family) ; --            ; contador    ; Top        ;
; PARTITION_FITTER_PRESERVATION_LEVEL ; -- (Not supported for targeted family) ; --            ; contador    ; Top        ;
; PARTITION_NETLIST_TYPE              ; -- (Not supported for targeted family) ; --            ; contador    ; Top        ;
; PROJECT_OUTPUT_DIRECTORY            ; output_files                           ; --            ; --          ; --         ;
; TOP_LEVEL_ENTITY                    ; contador                               ; Practica1     ; --          ; --         ;
+-------------------------------------+----------------------------------------+---------------+-------------+------------+


+-------------------------------------------------------------------------------------------------------------------------------+
; Flow Elapsed Time                                                                                                             ;
+---------------------------+--------------+-------------------------+---------------------+------------------------------------+
; Module Name               ; Elapsed Time ; Average Processors Used ; Peak Virtual Memory ; Total CPU Time (on all processors) ;
+---------------------------+--------------+-------------------------+---------------------+------------------------------------+
; Analysis & Synthesis      ; 00:00:09     ; 1.0                     ; 4788 MB             ; 00:00:17                           ;
; Fitter                    ; 00:00:12     ; 1.0                     ; 5866 MB             ; 00:00:16                           ;
; Assembler                 ; 00:00:04     ; 1.0                     ; 4679 MB             ; 00:00:03                           ;
; EDA Netlist Writer        ; 00:00:01     ; 1.0                     ; 4639 MB             ; 00:00:01                           ;
; TimeQuest Timing Analyzer ; 00:00:04     ; 1.0                     ; 4868 MB             ; 00:00:02                           ;
; EDA Netlist Writer        ; 00:00:01     ; 1.0                     ; 4630 MB             ; 00:00:01                           ;
; EDA Netlist Writer        ; 00:00:01     ; 1.0                     ; 4639 MB             ; 00:00:01                           ;
; Total                     ; 00:00:32     ; --                      ; --                  ; 00:00:41                           ;
+---------------------------+--------------+-------------------------+---------------------+------------------------------------+


+-----------------------------------------------------------------------------------------+
; Flow OS Summary                                                                         ;
+---------------------------+------------------+------------+------------+----------------+
; Module Name               ; Machine Hostname ; OS Name    ; OS Version ; Processor type ;
+---------------------------+------------------+------------+------------+----------------+
; Analysis & Synthesis      ; dise01           ; Windows 10 ; 10.0       ; x86_64         ;
; Fitter                    ; dise01           ; Windows 10 ; 10.0       ; x86_64         ;
; Assembler                 ; dise01           ; Windows 10 ; 10.0       ; x86_64         ;
; EDA Netlist Writer        ; dise01           ; Windows 10 ; 10.0       ; x86_64         ;
; TimeQuest Timing Analyzer ; dise01           ; Windows 10 ; 10.0       ; x86_64         ;
; EDA Netlist Writer        ; dise01           ; Windows 10 ; 10.0       ; x86_64         ;
; EDA Netlist Writer        ; dise01           ; Windows 10 ; 10.0       ; x86_64         ;
+---------------------------+------------------+------------+------------+----------------+


------------
; Flow Log ;
------------
quartus_map --read_settings_files=on --write_settings_files=off Practica1 -c Practica1
quartus_fit --read_settings_files=off --write_settings_files=off Practica1 -c Practica1
quartus_asm --read_settings_files=off --write_settings_files=off Practica1 -c Practica1
quartus_eda --write_settings_files=off --simulation=on --functional=on --flatten_buses=off --tool=modelsim_oem --format=verilog --output_directory="W:/www/MUISE/Sistemas digitales programables/Practicas de Laboratorio/Practica1/simulation/qsim/" Practica1 -c Practica1
quartus_sta Practica1 -c Practica1
quartus_eda --gen_testbench --tool=modelsim_oem --format=verilog --write_settings_files=off Practica1 -c Practica1 --vector_source="W:/www/MUISE/Sistemas digitales programables/Practicas de Laboratorio/Practica1/Waveform.vwf" --testbench_file="W:/www/MUISE/Sistemas digitales programables/Practicas de Laboratorio/Practica1/simulation/qsim/Waveform.vwf.vt"
quartus_eda --write_settings_files=off --simulation=on --functional=on --flatten_buses=off --tool=modelsim_oem --format=verilog --output_directory="W:/www/MUISE/Sistemas digitales programables/Practicas de Laboratorio/Practica1/simulation/qsim/" Practica1 -c Practica1



