Analysis & Synthesis report for motor
Thu Nov 11 11:58:34 2021
Quartus Prime Version 17.1.1 Internal Build 593 12/11/2017 SJ Lite Edition


---------------------
; Table of Contents ;
---------------------
  1. Legal Notice
  2. Analysis & Synthesis Summary
  3. Analysis & Synthesis Settings
  4. Parallel Compilation
  5. Analysis & Synthesis Source Files Read
  6. Analysis & Synthesis Resource Usage Summary
  7. Analysis & Synthesis Resource Utilization by Entity
  8. Analysis & Synthesis RAM Summary
  9. State Machine - |Verifica_Motor|control_motor:U2|Estado_actual
 10. General Register Statistics
 11. Inverted Register Statistics
 12. Multiplexer Restructuring Statistics (Restructuring Performed)
 13. Source assignments for testbench:U1
 14. Source assignments for control_motor:U2
 15. Parameter Settings for User Entity Instance: control_motor:U2
 16. Post-Synthesis Netlist Statistics for Top Partition
 17. Elapsed Time Per Partition
 18. Analysis & Synthesis Messages



----------------
; Legal Notice ;
----------------
Copyright (C) 2017  Intel Corporation. All rights reserved.
Your use of Intel Corporation's design tools, logic functions 
and other software and tools, and its AMPP partner logic 
functions, and any output files from any of the foregoing 
(including device programming or simulation files), and any 
associated documentation or information are expressly subject 
to the terms and conditions of the Intel Program License 
Subscription Agreement, the Intel Quartus Prime License Agreement,
the Intel FPGA IP License Agreement, or other applicable license
agreement, including, without limitation, that your use is for
the sole purpose of programming logic devices manufactured by
Intel and sold by Intel or its authorized distributors.  Please
refer to the applicable agreement for further details.



+-------------------------------------------------------------------------------------------+
; Analysis & Synthesis Summary                                                              ;
+------------------------------------+------------------------------------------------------+
; Analysis & Synthesis Status        ; Successful - Thu Nov 11 11:58:34 2021                ;
; Quartus Prime Version              ; 17.1.1 Internal Build 593 12/11/2017 SJ Lite Edition ;
; Revision Name                      ; motor                                                ;
; Top-level Entity Name              ; Verifica_Motor                                       ;
; Family                             ; Cyclone IV E                                         ;
; Total logic elements               ; 796                                                  ;
;     Total combinational functions  ; 725                                                  ;
;     Dedicated logic registers      ; 333                                                  ;
; Total registers                    ; 333                                                  ;
; Total pins                         ; 93                                                   ;
; Total virtual pins                 ; 0                                                    ;
; Total memory bits                  ; 384,000                                              ;
; Embedded Multiplier 9-bit elements ; 0                                                    ;
; Total PLLs                         ; 0                                                    ;
+------------------------------------+------------------------------------------------------+


+----------------------------------------------------------------------------------------------------------------------+
; Analysis & Synthesis Settings                                                                                        ;
+----------------------------------------------------------------------------+--------------------+--------------------+
; Option                                                                     ; Setting            ; Default Value      ;
+----------------------------------------------------------------------------+--------------------+--------------------+
; Device                                                                     ; EP4CE115F29C7      ;                    ;
; Top-level entity name                                                      ; Verifica_Motor     ; motor              ;
; Family name                                                                ; Cyclone IV E       ; Cyclone V          ;
; Use smart compilation                                                      ; Off                ; Off                ;
; Enable parallel Assembler and TimeQuest Timing Analyzer during compilation ; On                 ; On                 ;
; Enable compact report table                                                ; Off                ; Off                ;
; Restructure Multiplexers                                                   ; Auto               ; Auto               ;
; Create Debugging Nodes for IP Cores                                        ; Off                ; Off                ;
; Preserve fewer node names                                                  ; On                 ; On                 ;
; Intel FPGA IP Evaluation Mode                                              ; Enable             ; Enable             ;
; Verilog Version                                                            ; Verilog_2001       ; Verilog_2001       ;
; VHDL Version                                                               ; VHDL_1993          ; VHDL_1993          ;
; State Machine Processing                                                   ; Auto               ; Auto               ;
; Safe State Machine                                                         ; Off                ; Off                ;
; Extract Verilog State Machines                                             ; On                 ; On                 ;
; Extract VHDL State Machines                                                ; On                 ; On                 ;
; Ignore Verilog initial constructs                                          ; Off                ; Off                ;
; Iteration limit for constant Verilog loops                                 ; 5000               ; 5000               ;
; Iteration limit for non-constant Verilog loops                             ; 250                ; 250                ;
; Add Pass-Through Logic to Inferred RAMs                                    ; On                 ; On                 ;
; Infer RAMs from Raw Logic                                                  ; On                 ; On                 ;
; Parallel Synthesis                                                         ; On                 ; On                 ;
; DSP Block Balancing                                                        ; Auto               ; Auto               ;
; NOT Gate Push-Back                                                         ; On                 ; On                 ;
; Power-Up Don't Care                                                        ; On                 ; On                 ;
; Remove Redundant Logic Cells                                               ; Off                ; Off                ;
; Remove Duplicate Registers                                                 ; On                 ; On                 ;
; Ignore CARRY Buffers                                                       ; Off                ; Off                ;
; Ignore CASCADE Buffers                                                     ; Off                ; Off                ;
; Ignore GLOBAL Buffers                                                      ; Off                ; Off                ;
; Ignore ROW GLOBAL Buffers                                                  ; Off                ; Off                ;
; Ignore LCELL Buffers                                                       ; Off                ; Off                ;
; Ignore SOFT Buffers                                                        ; On                 ; On                 ;
; Limit AHDL Integers to 32 Bits                                             ; Off                ; Off                ;
; Optimization Technique                                                     ; Balanced           ; Balanced           ;
; Carry Chain Length                                                         ; 70                 ; 70                 ;
; Auto Carry Chains                                                          ; On                 ; On                 ;
; Auto Open-Drain Pins                                                       ; On                 ; On                 ;
; Perform WYSIWYG Primitive Resynthesis                                      ; Off                ; Off                ;
; Auto ROM Replacement                                                       ; On                 ; On                 ;
; Auto RAM Replacement                                                       ; On                 ; On                 ;
; Auto DSP Block Replacement                                                 ; On                 ; On                 ;
; Auto Shift Register Replacement                                            ; Auto               ; Auto               ;
; Allow Shift Register Merging across Hierarchies                            ; Auto               ; Auto               ;
; Auto Clock Enable Replacement                                              ; On                 ; On                 ;
; Strict RAM Replacement                                                     ; Off                ; Off                ;
; Allow Synchronous Control Signals                                          ; On                 ; On                 ;
; Force Use of Synchronous Clear Signals                                     ; Off                ; Off                ;
; Auto RAM Block Balancing                                                   ; On                 ; On                 ;
; Auto RAM to Logic Cell Conversion                                          ; Off                ; Off                ;
; Auto Resource Sharing                                                      ; Off                ; Off                ;
; Allow Any RAM Size For Recognition                                         ; Off                ; Off                ;
; Allow Any ROM Size For Recognition                                         ; Off                ; Off                ;
; Allow Any Shift Register Size For Recognition                              ; Off                ; Off                ;
; Use LogicLock Constraints during Resource Balancing                        ; On                 ; On                 ;
; Ignore translate_off and synthesis_off directives                          ; Off                ; Off                ;
; Timing-Driven Synthesis                                                    ; On                 ; On                 ;
; Report Parameter Settings                                                  ; On                 ; On                 ;
; Report Source Assignments                                                  ; On                 ; On                 ;
; Report Connectivity Checks                                                 ; On                 ; On                 ;
; Ignore Maximum Fan-Out Assignments                                         ; Off                ; Off                ;
; Synchronization Register Chain Length                                      ; 2                  ; 2                  ;
; Power Optimization During Synthesis                                        ; Normal compilation ; Normal compilation ;
; HDL message level                                                          ; Level2             ; Level2             ;
; Suppress Register Optimization Related Messages                            ; Off                ; Off                ;
; Number of Removed Registers Reported in Synthesis Report                   ; 5000               ; 5000               ;
; Number of Swept Nodes Reported in Synthesis Report                         ; 5000               ; 5000               ;
; Number of Inverted Registers Reported in Synthesis Report                  ; 100                ; 100                ;
; Clock MUX Protection                                                       ; On                 ; On                 ;
; Auto Gated Clock Conversion                                                ; Off                ; Off                ;
; Block Design Naming                                                        ; Auto               ; Auto               ;
; SDC constraint protection                                                  ; Off                ; Off                ;
; Synthesis Effort                                                           ; Auto               ; Auto               ;
; Shift Register Replacement - Allow Asynchronous Clear Signal               ; On                 ; On                 ;
; Pre-Mapping Resynthesis Optimization                                       ; Off                ; Off                ;
; Analysis & Synthesis Message Level                                         ; Medium             ; Medium             ;
; Disable Register Merging Across Hierarchies                                ; Auto               ; Auto               ;
; Resource Aware Inference For Block RAM                                     ; On                 ; On                 ;
+----------------------------------------------------------------------------+--------------------+--------------------+


+------------------------------------------+
; Parallel Compilation                     ;
+----------------------------+-------------+
; Processors                 ; Number      ;
+----------------------------+-------------+
; Number detected on machine ; 12          ;
; Maximum allowed            ; 6           ;
;                            ;             ;
; Average used               ; 1.00        ;
; Maximum used               ; 6           ;
;                            ;             ;
; Usage by Processor         ; % Time Used ;
;     Processor 1            ; 100.0%      ;
;     Processors 2-6         ;   0.0%      ;
+----------------------------+-------------+


+----------------------------------------------------------------------------------------------------------------------------------------------------------------------------------------+
; Analysis & Synthesis Source Files Read                                                                                                                                                 ;
+----------------------------------+-----------------+----------------------------------------+--------------------------------------------------------------------------------+---------+
; File Name with User-Entered Path ; Used in Netlist ; File Type                              ; File Name with Absolute Path                                                   ; Library ;
+----------------------------------+-----------------+----------------------------------------+--------------------------------------------------------------------------------+---------+
; Verifica_Motor.v                 ; yes             ; User Verilog HDL File                  ; C:/Users/jose_/Dropbox/Pepelu/UPV/MUISE/SDP-Verilog/Practica2/Verifica_Motor.v ;         ;
; testbench-U1.qxp                 ; yes             ; User File                              ; C:/Users/jose_/Dropbox/Pepelu/UPV/MUISE/SDP-Verilog/Practica2/testbench-U1.qxp ;         ;
; control_motor.v                  ; yes             ; User Verilog HDL File                  ; C:/Users/jose_/Dropbox/Pepelu/UPV/MUISE/SDP-Verilog/Practica2/control_motor.v  ;         ;
; fondo115.hex                     ; yes             ; Auto-Found Memory Initialization File  ; fondo115.hex                                                                   ;         ;
+----------------------------------+-----------------+----------------------------------------+--------------------------------------------------------------------------------+---------+


+-----------------------------------------------------------+
; Analysis & Synthesis Resource Usage Summary               ;
+---------------------------------------------+-------------+
; Resource                                    ; Usage       ;
+---------------------------------------------+-------------+
; Estimated Total logic elements              ; 796         ;
;                                             ;             ;
; Total combinational functions               ; 725         ;
; Logic element usage by number of LUT inputs ;             ;
;     -- 4 input functions                    ; 402         ;
;     -- 3 input functions                    ; 76          ;
;     -- <=2 input functions                  ; 247         ;
;                                             ;             ;
; Logic elements by mode                      ;             ;
;     -- normal mode                          ; 547         ;
;     -- arithmetic mode                      ; 178         ;
;                                             ;             ;
; Total registers                             ; 333         ;
;     -- Dedicated logic registers            ; 333         ;
;     -- I/O registers                        ; 0           ;
;                                             ;             ;
; I/O pins                                    ; 93          ;
; Total memory bits                           ; 384000      ;
;                                             ;             ;
; Embedded Multiplier 9-bit elements          ; 0           ;
;                                             ;             ;
; Maximum fan-out node                        ; Reloj~input ;
; Maximum fan-out                             ; 204         ;
; Total fan-out                               ; 4398        ;
; Average fan-out                             ; 3.40        ;
+---------------------------------------------+-------------+


+-------------------------------------------------------------------------------------------------------------------------------------------------------------------------------------------------------------------------------------------------------------------------------------------------------------------------------------------------------------------------------------------------------+
; Analysis & Synthesis Resource Utilization by Entity                                                                                                                                                                                                                                                                                                                                                   ;
+----------------------------------------------------+---------------------+---------------------------+-------------+--------------+---------+-----------+------+--------------+--------------------------------------------------------------------------------------------------------------------------------------------------------------------------------+-----------------------+--------------+
; Compilation Hierarchy Node                         ; Combinational ALUTs ; Dedicated Logic Registers ; Memory Bits ; DSP Elements ; DSP 9x9 ; DSP 18x18 ; Pins ; Virtual Pins ; Full Hierarchy Name                                                                                                                                                            ; Entity Name           ; Library Name ;
+----------------------------------------------------+---------------------+---------------------------+-------------+--------------+---------+-----------+------+--------------+--------------------------------------------------------------------------------------------------------------------------------------------------------------------------------+-----------------------+--------------+
; |Verifica_Motor                                    ; 725 (0)             ; 333 (0)                   ; 384000      ; 0            ; 0       ; 0         ; 93   ; 0            ; |Verifica_Motor                                                                                                                                                                ; Verifica_Motor        ; work         ;
;    |control_motor:U2|                              ; 11 (11)             ; 3 (3)                     ; 0           ; 0            ; 0       ; 0         ; 0    ; 0            ; |Verifica_Motor|control_motor:U2                                                                                                                                               ; control_motor         ; work         ;
;    |testbench:U1|                                  ; 714 (30)            ; 330 (0)                   ; 384000      ; 0            ; 0       ; 0         ; 0    ; 0            ; |Verifica_Motor|testbench:U1                                                                                                                                                   ; testbench             ; work         ;
;       |Codificador:U3|                             ; 55 (55)             ; 21 (21)                   ; 0           ; 0            ; 0       ; 0         ; 0    ; 0            ; |Verifica_Motor|testbench:U1|Codificador:U3                                                                                                                                    ; Codificador           ; work         ;
;       |DE2_LTM_Control:U5|                         ; 526 (1)             ; 273 (1)                   ; 384000      ; 0            ; 0       ; 0         ; 0    ; 0            ; |Verifica_Motor|testbench:U1|DE2_LTM_Control:U5                                                                                                                                ; DE2_LTM_Control       ; work         ;
;          |Reset_Delay:u3|                          ; 32 (32)             ; 24 (24)                   ; 0           ; 0            ; 0       ; 0         ; 0    ; 0            ; |Verifica_Motor|testbench:U1|DE2_LTM_Control:U5|Reset_Delay:u3                                                                                                                 ; Reset_Delay           ; work         ;
;          |adc_spi_controller:u4|                   ; 59 (59)             ; 73 (73)                   ; 0           ; 0            ; 0       ; 0         ; 0    ; 0            ; |Verifica_Motor|testbench:U1|DE2_LTM_Control:U5|adc_spi_controller:u4                                                                                                          ; adc_spi_controller    ; work         ;
;          |lcd_spi_cotroller:u2|                    ; 93 (45)             ; 55 (28)                   ; 0           ; 0            ; 0       ; 0         ; 0    ; 0            ; |Verifica_Motor|testbench:U1|DE2_LTM_Control:U5|lcd_spi_cotroller:u2                                                                                                           ; lcd_spi_cotroller     ; work         ;
;             |three_wire_controller:u0|             ; 48 (48)             ; 27 (27)                   ; 0           ; 0            ; 0       ; 0         ; 0    ; 0            ; |Verifica_Motor|testbench:U1|DE2_LTM_Control:U5|lcd_spi_cotroller:u2|three_wire_controller:u0                                                                                  ; three_wire_controller ; work         ;
;          |lcd_timing_controller:u6|                ; 299 (208)           ; 91 (85)                   ; 384000      ; 0            ; 0       ; 0         ; 0    ; 0            ; |Verifica_Motor|testbench:U1|DE2_LTM_Control:U5|lcd_timing_controller:u6                                                                                                       ; lcd_timing_controller ; work         ;
;             |imagen_fondo:u0|                      ; 91 (0)              ; 6 (0)                     ; 384000      ; 0            ; 0       ; 0         ; 0    ; 0            ; |Verifica_Motor|testbench:U1|DE2_LTM_Control:U5|lcd_timing_controller:u6|imagen_fondo:u0                                                                                       ; imagen_fondo          ; work         ;
;                |altsyncram:altsyncram_component|   ; 91 (0)              ; 6 (0)                     ; 384000      ; 0            ; 0       ; 0         ; 0    ; 0            ; |Verifica_Motor|testbench:U1|DE2_LTM_Control:U5|lcd_timing_controller:u6|imagen_fondo:u0|altsyncram:altsyncram_component                                                       ; altsyncram            ; work         ;
;                   |altsyncram_g681:auto_generated| ; 91 (0)              ; 6 (6)                     ; 384000      ; 0            ; 0       ; 0         ; 0    ; 0            ; |Verifica_Motor|testbench:U1|DE2_LTM_Control:U5|lcd_timing_controller:u6|imagen_fondo:u0|altsyncram:altsyncram_component|altsyncram_g681:auto_generated                        ; altsyncram_g681       ; work         ;
;                      |decode_aaa:rden_decode|      ; 51 (51)             ; 0 (0)                     ; 0           ; 0            ; 0       ; 0         ; 0    ; 0            ; |Verifica_Motor|testbench:U1|DE2_LTM_Control:U5|lcd_timing_controller:u6|imagen_fondo:u0|altsyncram:altsyncram_component|altsyncram_g681:auto_generated|decode_aaa:rden_decode ; decode_aaa            ; work         ;
;                      |mux_qob:mux2|                ; 40 (40)             ; 0 (0)                     ; 0           ; 0            ; 0       ; 0         ; 0    ; 0            ; |Verifica_Motor|testbench:U1|DE2_LTM_Control:U5|lcd_timing_controller:u6|imagen_fondo:u0|altsyncram:altsyncram_component|altsyncram_g681:auto_generated|mux_qob:mux2           ; mux_qob               ; work         ;
;          |touch_irq_detector:u5|                   ; 42 (42)             ; 29 (29)                   ; 0           ; 0            ; 0       ; 0         ; 0    ; 0            ; |Verifica_Motor|testbench:U1|DE2_LTM_Control:U5|touch_irq_detector:u5                                                                                                          ; touch_irq_detector    ; work         ;
;       |control_velocidad:U2|                       ; 101 (101)           ; 36 (36)                   ; 0           ; 0            ; 0       ; 0         ; 0    ; 0            ; |Verifica_Motor|testbench:U1|control_velocidad:U2                                                                                                                              ; control_velocidad     ; work         ;
;       |hex_7seg:U1|                                ; 1 (1)               ; 0 (0)                     ; 0           ; 0            ; 0       ; 0         ; 0    ; 0            ; |Verifica_Motor|testbench:U1|hex_7seg:U1                                                                                                                                       ; hex_7seg              ; work         ;
;       |hex_7seg:U2B|                               ; 1 (1)               ; 0 (0)                     ; 0           ; 0            ; 0       ; 0         ; 0    ; 0            ; |Verifica_Motor|testbench:U1|hex_7seg:U2B                                                                                                                                      ; hex_7seg              ; work         ;
+----------------------------------------------------+---------------------+---------------------------+-------------+--------------+---------+-----------+------+--------------+--------------------------------------------------------------------------------------------------------------------------------------------------------------------------------+-----------------------+--------------+
Note: For table entries with two numbers listed, the numbers in parentheses indicate the number of resources of the given type used by the specific entity alone. The numbers listed outside of parentheses indicate the total resources of the given type used by the specific entity and all of its sub-entities in the hierarchy.


+------------------------------------------------------------------------------------------------------------------------------------------------------------------------------------------------------------------------------------------------------+
; Analysis & Synthesis RAM Summary                                                                                                                                                                                                                     ;
+----------------------------------------------------------------------------------------------------------------------------------------------------+------+------+--------------+--------------+--------------+--------------+--------+--------------+
; Name                                                                                                                                               ; Type ; Mode ; Port A Depth ; Port A Width ; Port B Depth ; Port B Width ; Size   ; MIF          ;
+----------------------------------------------------------------------------------------------------------------------------------------------------+------+------+--------------+--------------+--------------+--------------+--------+--------------+
; testbench:U1|DE2_LTM_Control:U5|lcd_timing_controller:u6|imagen_fondo:u0|altsyncram:altsyncram_component|altsyncram_g681:auto_generated|ALTSYNCRAM ; AUTO ; ROM  ; 384000       ; 1            ; --           ; --           ; 384000 ; Fondo115.hex ;
+----------------------------------------------------------------------------------------------------------------------------------------------------+------+------+--------------+--------------+--------------+--------------+--------+--------------+


Encoding Type:  User-Encoded
+---------------------------------------------------------------------------+
; State Machine - |Verifica_Motor|control_motor:U2|Estado_actual            ;
+------------------+------------------+------------------+------------------+
; Name             ; Estado_actual~14 ; Estado_actual~13 ; Estado_actual~12 ;
+------------------+------------------+------------------+------------------+
; Estado_actual.S1 ; 0                ; 0                ; 0                ;
; Estado_actual.S2 ; 0                ; 0                ; 1                ;
; Estado_actual.S3 ; 0                ; 1                ; 0                ;
; Estado_actual.S4 ; 0                ; 1                ; 1                ;
; Estado_actual.S5 ; 1                ; 0                ; 0                ;
; Estado_actual.S6 ; 1                ; 0                ; 1                ;
; Estado_actual.S7 ; 1                ; 1                ; 0                ;
; Estado_actual.S8 ; 1                ; 1                ; 1                ;
+------------------+------------------+------------------+------------------+


+------------------------------------------------------+
; General Register Statistics                          ;
+----------------------------------------------+-------+
; Statistic                                    ; Value ;
+----------------------------------------------+-------+
; Total registers                              ; 333   ;
; Number of registers using Synchronous Clear  ; 66    ;
; Number of registers using Synchronous Load   ; 27    ;
; Number of registers using Asynchronous Clear ; 302   ;
; Number of registers using Asynchronous Load  ; 0     ;
; Number of registers using Clock Enable       ; 131   ;
; Number of registers using Preset             ; 0     ;
+----------------------------------------------+-------+


+----------------------------------------------------------------------------------------------+
; Inverted Register Statistics                                                                 ;
+------------------------------------------------------------------------------------+---------+
; Inverted Register                                                                  ; Fan out ;
+------------------------------------------------------------------------------------+---------+
; testbench:U1|DE2_LTM_Control:U5|lcd_spi_cotroller:u2|three_wire_controller:u0|mSEN ; 2       ;
; testbench:U1|DE2_LTM_Control:U5|lcd_timing_controller:u6|mvd                       ; 1       ;
; testbench:U1|DE2_LTM_Control:U5|touch_irq_detector:u5|oDISPLAY_MODE[0]             ; 4       ;
; testbench:U1|DE2_LTM_Control:U5|touch_irq_detector:u5|oDISPLAY_MODE[1]             ; 4       ;
; Total number of inverted registers = 4                                             ;         ;
+------------------------------------------------------------------------------------+---------+


+-----------------------------------------------------------------------------------------------------------------------------------------------------------------+
; Multiplexer Restructuring Statistics (Restructuring Performed)                                                                                                  ;
+--------------------+-----------+---------------+----------------------+------------------------+------------+---------------------------------------------------+
; Multiplexer Inputs ; Bus Width ; Baseline Area ; Area if Restructured ; Saving if Restructured ; Registered ; Example Multiplexer Output                        ;
+--------------------+-----------+---------------+----------------------+------------------------+------------+---------------------------------------------------+
; 3:1                ; 2 bits    ; 4 LEs         ; 2 LEs                ; 2 LEs                  ; No         ; |Verifica_Motor|control_motor:U2|Estado_siguiente ;
; 3:1                ; 2 bits    ; 4 LEs         ; 2 LEs                ; 2 LEs                  ; No         ; |Verifica_Motor|control_motor:U2|Estado_siguiente ;
+--------------------+-----------+---------------+----------------------+------------------------+------------+---------------------------------------------------+


+-----------------------------------------------------------------------------------------------------------------+
; Source assignments for testbench:U1                                                                             ;
+--------------------------------------------------------------------------------+--------------------+------+----+
; Assignment                                                                     ; Value              ; From ; To ;
+--------------------------------------------------------------------------------+--------------------+------+----+
; ENABLE_UNUSED_RX_CLOCK_WORKAROUND                                              ; OFF                ;      ;    ;
; PRESERVE_UNUSED_XCVR_CHANNEL                                                   ; OFF                ;      ;    ;
; ADV_NETLIST_OPT_SYNTH_WYSIWYG_REMAP                                            ; OFF                ;      ;    ;
; SYNCHRONIZATION_REGISTER_CHAIN_LENGTH                                          ; 2                  ;      ;    ;
; OPTIMIZE_POWER_DURING_SYNTHESIS                                                ; NORMAL COMPILATION ;      ;    ;
; TXPMA_SLEW_RATE                                                                ; LOW                ;      ;    ;
; ADCE_ENABLED                                                                   ; AUTO               ;      ;    ;
; BLOCK_RAM_TO_MLAB_CELL_CONVERSION                                              ; ON                 ;      ;    ;
; BLOCK_RAM_AND_MLAB_EQUIVALENT_POWER_UP_CONDITIONS                              ; AUTO               ;      ;    ;
; BLOCK_RAM_AND_MLAB_EQUIVALENT_PAUSED_READ_CAPABILITIES                         ; CARE               ;      ;    ;
; OPTIMIZE_POWER_DURING_FITTING                                                  ; NORMAL COMPILATION ;      ;    ;
; PHYSICAL_SYNTHESIS_COMBO_LOGIC_FOR_AREA                                        ; OFF                ;      ;    ;
; PHYSICAL_SYNTHESIS_COMBO_LOGIC                                                 ; OFF                ;      ;    ;
; PHYSICAL_SYNTHESIS_REGISTER_DUPLICATION                                        ; OFF                ;      ;    ;
; PHYSICAL_SYNTHESIS_MAP_LOGIC_TO_MEMORY_FOR_AREA                                ; OFF                ;      ;    ;
; PHYSICAL_SYNTHESIS_REGISTER_RETIMING                                           ; OFF                ;      ;    ;
; PHYSICAL_SYNTHESIS_ASYNCHRONOUS_SIGNAL_PIPELINING                              ; OFF                ;      ;    ;
; ENABLE_BENEFICIAL_SKEW_OPTIMIZATION                                            ; OFF                ;      ;    ;
; FORM_DDR_CLUSTERING_CLIQUE                                                     ; OFF                ;      ;    ;
; HYPER_RETIMER_FAST_FORWARD_ADD_PIPELINING_MAX                                  ; -1                 ;      ;    ;
; HYPER_RETIMER_FAST_FORWARD_ASYNCH_CLEAR                                        ; AUTO               ;      ;    ;
; HYPER_RETIMER_FAST_FORWARD_USER_PRESERVE_RESTRICTION                           ; AUTO               ;      ;    ;
; HYPER_RETIMER_FAST_FORWARD_DSP_BLOCKS                                          ; ON                 ;      ;    ;
; HYPER_RETIMER_FAST_FORWARD_RAM_BLOCKS                                          ; ON                 ;      ;    ;
; POWER_REPORT_SIGNAL_ACTIVITY                                                   ; ON                 ;      ;    ;
; POWER_REPORT_POWER_DISSIPATION                                                 ; ON                 ;      ;    ;
; ARRIAIIGX_RX_CDR_LOCKUP_FIX_OVERRIDE                                           ; OFF                ;      ;    ;
; MUX_RESTRUCTURE                                                                ; AUTO               ;      ;    ;
; MLAB_ADD_TIMING_CONSTRAINTS_FOR_MIXED_PORT_FEED_THROUGH_MODE_SETTING_DONT_CARE ; OFF                ;      ;    ;
; STATE_MACHINE_PROCESSING                                                       ; AUTO               ;      ;    ;
; SAFE_STATE_MACHINE                                                             ; OFF                ;      ;    ;
; IGNORE_VERILOG_INITIAL_CONSTRUCTS                                              ; OFF                ;      ;    ;
; VERILOG_CONSTANT_LOOP_LIMIT                                                    ; 5000               ;      ;    ;
; VERILOG_NON_CONSTANT_LOOP_LIMIT                                                ; 250                ;      ;    ;
; INFER_RAMS_FROM_RAW_LOGIC                                                      ; ON                 ;      ;    ;
; DSP_BLOCK_BALANCING                                                            ; AUTO               ;      ;    ;
; NOT_GATE_PUSH_BACK                                                             ; ON                 ;      ;    ;
; REMOVE_REDUNDANT_LOGIC_CELLS                                                   ; OFF                ;      ;    ;
; REMOVE_DUPLICATE_REGISTERS                                                     ; ON                 ;      ;    ;
; IGNORE_CARRY_BUFFERS                                                           ; OFF                ;      ;    ;
; IGNORE_CASCADE_BUFFERS                                                         ; OFF                ;      ;    ;
; IGNORE_GLOBAL_BUFFERS                                                          ; OFF                ;      ;    ;
; IGNORE_ROW_GLOBAL_BUFFERS                                                      ; OFF                ;      ;    ;
; IGNORE_LCELL_BUFFERS                                                           ; OFF                ;      ;    ;
; MAX7000_IGNORE_LCELL_BUFFERS                                                   ; AUTO               ;      ;    ;
; IGNORE_SOFT_BUFFERS                                                            ; ON                 ;      ;    ;
; MAX7000_IGNORE_SOFT_BUFFERS                                                    ; OFF                ;      ;    ;
; AUTO_GLOBAL_CLOCK_MAX                                                          ; ON                 ;      ;    ;
; AUTO_GLOBAL_OE_MAX                                                             ; ON                 ;      ;    ;
; MAX_AUTO_GLOBAL_REGISTER_CONTROLS                                              ; ON                 ;      ;    ;
; AUTO_IMPLEMENT_IN_ROM                                                          ; OFF                ;      ;    ;
; APEX20K_TECHNOLOGY_MAPPER                                                      ; LUT                ;      ;    ;
; OPTIMIZATION_TECHNIQUE                                                         ; BALANCED           ;      ;    ;
; STRATIXII_OPTIMIZATION_TECHNIQUE                                               ; BALANCED           ;      ;    ;
; CYCLONE_OPTIMIZATION_TECHNIQUE                                                 ; BALANCED           ;      ;    ;
; CYCLONEII_OPTIMIZATION_TECHNIQUE                                               ; BALANCED           ;      ;    ;
; STRATIX_OPTIMIZATION_TECHNIQUE                                                 ; BALANCED           ;      ;    ;
; MAXII_OPTIMIZATION_TECHNIQUE                                                   ; BALANCED           ;      ;    ;
; MAX7000_OPTIMIZATION_TECHNIQUE                                                 ; SPEED              ;      ;    ;
; APEX20K_OPTIMIZATION_TECHNIQUE                                                 ; BALANCED           ;      ;    ;
; MERCURY_OPTIMIZATION_TECHNIQUE                                                 ; AREA               ;      ;    ;
; FLEX6K_OPTIMIZATION_TECHNIQUE                                                  ; AREA               ;      ;    ;
; FLEX10K_OPTIMIZATION_TECHNIQUE                                                 ; AREA               ;      ;    ;
; ALLOW_XOR_GATE_USAGE                                                           ; ON                 ;      ;    ;
; AUTO_LCELL_INSERTION                                                           ; ON                 ;      ;    ;
; CARRY_CHAIN_LENGTH                                                             ; 48                 ;      ;    ;
; FLEX6K_CARRY_CHAIN_LENGTH                                                      ; 32                 ;      ;    ;
; FLEX10K_CARRY_CHAIN_LENGTH                                                     ; 32                 ;      ;    ;
; MERCURY_CARRY_CHAIN_LENGTH                                                     ; 48                 ;      ;    ;
; STRATIX_CARRY_CHAIN_LENGTH                                                     ; 70                 ;      ;    ;
; STRATIXII_CARRY_CHAIN_LENGTH                                                   ; 70                 ;      ;    ;
; CASCADE_CHAIN_LENGTH                                                           ; 2                  ;      ;    ;
; PARALLEL_EXPANDER_CHAIN_LENGTH                                                 ; 16                 ;      ;    ;
; MAX7000_PARALLEL_EXPANDER_CHAIN_LENGTH                                         ; 4                  ;      ;    ;
; AUTO_CARRY_CHAINS                                                              ; ON                 ;      ;    ;
; AUTO_CASCADE_CHAINS                                                            ; ON                 ;      ;    ;
; AUTO_PARALLEL_EXPANDERS                                                        ; ON                 ;      ;    ;
; AUTO_OPEN_DRAIN_PINS                                                           ; ON                 ;      ;    ;
; AUTO_ROM_RECOGNITION                                                           ; ON                 ;      ;    ;
; AUTO_RAM_RECOGNITION                                                           ; ON                 ;      ;    ;
; AUTO_DSP_RECOGNITION                                                           ; ON                 ;      ;    ;
; AUTO_SHIFT_REGISTER_RECOGNITION                                                ; AUTO               ;      ;    ;
; ALLOW_SHIFT_REGISTER_MERGING_ACROSS_HIERARCHIES                                ; AUTO               ;      ;    ;
; AUTO_CLOCK_ENABLE_RECOGNITION                                                  ; ON                 ;      ;    ;
; STRICT_RAM_RECOGNITION                                                         ; OFF                ;      ;    ;
; ALLOW_SYNCH_CTRL_USAGE                                                         ; ON                 ;      ;    ;
; FORCE_SYNCH_CLEAR                                                              ; OFF                ;      ;    ;
; AUTO_RAM_TO_LCELL_CONVERSION                                                   ; OFF                ;      ;    ;
; AUTO_RESOURCE_SHARING                                                          ; OFF                ;      ;    ;
; ALLOW_ANY_RAM_SIZE_FOR_RECOGNITION                                             ; OFF                ;      ;    ;
; ALLOW_ANY_ROM_SIZE_FOR_RECOGNITION                                             ; OFF                ;      ;    ;
; ALLOW_ANY_SHIFT_REGISTER_SIZE_FOR_RECOGNITION                                  ; OFF                ;      ;    ;
; MAX7000_FANIN_PER_CELL                                                         ; 100                ;      ;    ;
; SYNTH_TIMING_DRIVEN_SYNTHESIS                                                  ; OFF                ;      ;    ;
; IGNORE_MAX_FANOUT_ASSIGNMENTS                                                  ; OFF                ;      ;    ;
; USE_HIGH_SPEED_ADDER                                                           ; AUTO               ;      ;    ;
; SYNTH_GATED_CLOCK_CONVERSION                                                   ; OFF                ;      ;    ;
; BLOCK_DESIGN_NAMING                                                            ; AUTO               ;      ;    ;
; SHIFT_REGISTER_RECOGNITION_ACLR_SIGNAL                                         ; ON                 ;      ;    ;
; PRPOF_ID                                                                       ; OFF                ;      ;    ;
; DISABLE_DSP_NEGATE_INFERENCING                                                 ; OFF                ;      ;    ;
; AUTO_MERGE_PLLS                                                                ; ON                 ;      ;    ;
; IGNORE_MODE_FOR_MERGE                                                          ; OFF                ;      ;    ;
; PERIPHERY_TO_CORE_PLACEMENT_AND_ROUTING_OPTIMIZATION                           ; OFF                ;      ;    ;
; SLOW_SLEW_RATE                                                                 ; OFF                ;      ;    ;
; PCI_IO                                                                         ; OFF                ;      ;    ;
; TURBO_BIT                                                                      ; ON                 ;      ;    ;
; WEAK_PULL_UP_RESISTOR                                                          ; OFF                ;      ;    ;
; ENABLE_BUS_HOLD_CIRCUITRY                                                      ; OFF                ;      ;    ;
; AUTO_GLOBAL_MEMORY_CONTROLS                                                    ; OFF                ;      ;    ;
; QII_AUTO_PACKED_REGISTERS                                                      ; AUTO               ;      ;    ;
; AUTO_PACKED_REGISTERS_MAX                                                      ; AUTO               ;      ;    ;
; NORMAL_LCELL_INSERT                                                            ; ON                 ;      ;    ;
; CARRY_OUT_PINS_LCELL_INSERT                                                    ; ON                 ;      ;    ;
; XSTL_INPUT_ALLOW_SE_BUFFER                                                     ; OFF                ;      ;    ;
; TREAT_BIDIR_AS_OUTPUT                                                          ; OFF                ;      ;    ;
; AUTO_TURBO_BIT                                                                 ; ON                 ;      ;    ;
; AUTO_GLOBAL_CLOCK                                                              ; ON                 ;      ;    ;
; AUTO_GLOBAL_OE                                                                 ; ON                 ;      ;    ;
; AUTO_GLOBAL_REGISTER_CONTROLS                                                  ; ON                 ;      ;    ;
; SYNCHRONIZER_IDENTIFICATION                                                    ; OFF                ;      ;    ;
; M144K_BLOCK_READ_CLOCK_DUTY_CYCLE_DEPENDENCY                                   ; OFF                ;      ;    ;
; CLAMPING_DIODE                                                                 ; OFF                ;      ;    ;
; IMPLEMENT_MLAB_IN_16_BIT_DEEP_MODE                                             ; OFF                ;      ;    ;
; OPTIMIZE_POWER_DURING_SYNTHESIS                                                ; NORMAL_COMPILATION ;      ;    ;
+--------------------------------------------------------------------------------+--------------------+------+----+


+----------------------------------------------------------------+
; Source assignments for control_motor:U2                        ;
+--------------------------+--------------+------+---------------+
; Assignment               ; Value        ; From ; To            ;
+--------------------------+--------------+------+---------------+
; STATE_MACHINE_PROCESSING ; USER_ENCODED ; -    ; Estado_actual ;
+--------------------------+--------------+------+---------------+


+---------------------------------------------------------------+
; Parameter Settings for User Entity Instance: control_motor:U2 ;
+----------------+-------+--------------------------------------+
; Parameter Name ; Value ; Type                                 ;
+----------------+-------+--------------------------------------+
; S1             ; 000   ; Unsigned Binary                      ;
; S2             ; 001   ; Unsigned Binary                      ;
; S3             ; 010   ; Unsigned Binary                      ;
; S4             ; 011   ; Unsigned Binary                      ;
; S5             ; 100   ; Unsigned Binary                      ;
; S6             ; 101   ; Unsigned Binary                      ;
; S7             ; 110   ; Unsigned Binary                      ;
; S8             ; 111   ; Unsigned Binary                      ;
+----------------+-------+--------------------------------------+
Note: In order to hide this table in the UI and the text report file, please set the "Show Parameter Settings in Synthesis Report" option in "Analysis and Synthesis Settings -> More Settings" to "Off".


+-----------------------------------------------------+
; Post-Synthesis Netlist Statistics for Top Partition ;
+-----------------------+-----------------------------+
; Type                  ; Count                       ;
+-----------------------+-----------------------------+
; blackbox              ; 1                           ;
;     testbench:U1      ; 1                           ;
; boundary_port         ; 93                          ;
; cycloneiii_ff         ; 3                           ;
;     CLR               ; 3                           ;
; cycloneiii_lcell_comb ; 11                          ;
;     normal            ; 11                          ;
;         2 data inputs ; 3                           ;
;         3 data inputs ; 6                           ;
;         4 data inputs ; 2                           ;
;                       ;                             ;
; Max LUT depth         ; 2.00                        ;
; Average LUT depth     ; 0.25                        ;
+-----------------------+-----------------------------+


+-------------------------------+
; Elapsed Time Per Partition    ;
+----------------+--------------+
; Partition Name ; Elapsed Time ;
+----------------+--------------+
; Top            ; 00:00:00     ;
+----------------+--------------+


+-------------------------------+
; Analysis & Synthesis Messages ;
+-------------------------------+
Info: *******************************************************************
Info: Running Quartus Prime Analysis & Synthesis
    Info: Version 17.1.1 Internal Build 593 12/11/2017 SJ Lite Edition
    Info: Processing started: Thu Nov 11 11:58:23 2021
Info: Command: quartus_map --read_settings_files=on --write_settings_files=off motor -c motor
Warning (18236): Number of processors has not been specified which may cause overloading on shared machines.  Set the global assignment NUM_PARALLEL_PROCESSORS in your QSF to an appropriate value for best performance.
Info (20030): Parallel compilation is enabled and will use 6 of the 6 processors detected
Info (12021): Found 1 design units, including 1 entities, in source file verifica_motor.v
    Info (12023): Found entity 1: Verifica_Motor File: C:/Users/jose_/Dropbox/Pepelu/UPV/MUISE/SDP-Verilog/Practica2/Verifica_Motor.v Line: 1
Info (12021): Found 1 design units, including 1 entities, in source file testbench-u1.qxp
    Info (12023): Found entity 1: testbench File: C:/Users/jose_/Dropbox/Pepelu/UPV/MUISE/SDP-Verilog/Practica2/testbench-U1.qxp Line: -1
Info (12021): Found 1 design units, including 1 entities, in source file control_motor.v
    Info (12023): Found entity 1: control_motor File: C:/Users/jose_/Dropbox/Pepelu/UPV/MUISE/SDP-Verilog/Practica2/control_motor.v Line: 28
Info (12127): Elaborating entity "Verifica_Motor" for the top level hierarchy
Info (12128): Elaborating entity "testbench" for hierarchy "testbench:U1" File: C:/Users/jose_/Dropbox/Pepelu/UPV/MUISE/SDP-Verilog/Practica2/Verifica_Motor.v Line: 186
Info (12128): Elaborating entity "control_motor" for hierarchy "control_motor:U2" File: C:/Users/jose_/Dropbox/Pepelu/UPV/MUISE/SDP-Verilog/Practica2/Verifica_Motor.v Line: 200
Warning (12240): Synthesis found one or more imported partitions that will be treated as black boxes for timing analysis during synthesis
Warning (13009): TRI or OPNDRN buffers permanently enabled
    Warning (13010): Node "LTM_SDA~synth" File: C:/Users/jose_/Dropbox/Pepelu/UPV/MUISE/SDP-Verilog/Practica2/Verifica_Motor.v Line: 112
Info (286031): Timing-Driven Synthesis is running on partition "Top"
Info (16010): Generating hard_block partition "hard_block:auto_generated_inst"
    Info (16011): Adding 0 node(s), including 0 DDIO, 0 PLL, 0 transceiver and 0 LCELL
Info (35003): Optimize away 5 nodes that do not fanout to OUTPUT or BIDIR pins
    Info (35004): Node: "testbench:U1|HEX1_e" File: C:/Users/jose_/Dropbox/Pepelu/UPV/MUISE/SDP-Verilog/Practica2/testbench-U1.qxp Line: -1
    Info (35004): Node: "testbench:U1|HEX2_g" File: C:/Users/jose_/Dropbox/Pepelu/UPV/MUISE/SDP-Verilog/Practica2/testbench-U1.qxp Line: -1
    Info (35004): Node: "testbench:U1|LTM_SCEN" File: C:/Users/jose_/Dropbox/Pepelu/UPV/MUISE/SDP-Verilog/Practica2/testbench-U1.qxp Line: -1
    Info (35004): Node: "testbench:U1|HEX0_b" File: C:/Users/jose_/Dropbox/Pepelu/UPV/MUISE/SDP-Verilog/Practica2/testbench-U1.qxp Line: -1
    Info (35004): Node: "testbench:U1|HEX3_g" File: C:/Users/jose_/Dropbox/Pepelu/UPV/MUISE/SDP-Verilog/Practica2/testbench-U1.qxp Line: -1
Warning (21074): Design contains 3 input pin(s) that do not drive logic
    Warning (15610): No output dependent on input pin "ADC_BUSY" File: C:/Users/jose_/Dropbox/Pepelu/UPV/MUISE/SDP-Verilog/Practica2/Verifica_Motor.v Line: 115
    Warning (15610): No output dependent on input pin "KEY3" File: C:/Users/jose_/Dropbox/Pepelu/UPV/MUISE/SDP-Verilog/Practica2/Verifica_Motor.v Line: 65
    Warning (15610): No output dependent on input pin "KEY2" File: C:/Users/jose_/Dropbox/Pepelu/UPV/MUISE/SDP-Verilog/Practica2/Verifica_Motor.v Line: 64
Info (21057): Implemented 956 device resources after synthesis - the final resource count might be different
    Info (21058): Implemented 10 input pins
    Info (21059): Implemented 82 output pins
    Info (21060): Implemented 1 bidirectional pins
    Info (21061): Implemented 816 logic cells
    Info (21064): Implemented 47 RAM segments
Info: Quartus Prime Analysis & Synthesis was successful. 0 errors, 8 warnings
    Info: Peak virtual memory: 4809 megabytes
    Info: Processing ended: Thu Nov 11 11:58:34 2021
    Info: Elapsed time: 00:00:11
    Info: Total CPU time (on all processors): 00:00:18


