Analysis & Synthesis report for Subtarea3
Sun Nov 14 22:29:52 2021
Quartus Prime Version 17.1.1 Internal Build 593 12/11/2017 SJ Lite Edition


---------------------
; Table of Contents ;
---------------------
  1. Legal Notice
  2. Analysis & Synthesis Summary
  3. Analysis & Synthesis Settings
  4. Parallel Compilation
  5. Analysis & Synthesis Source Files Read
  6. Analysis & Synthesis Resource Usage Summary
  7. Analysis & Synthesis Resource Utilization by Entity
  8. State Machine - |paso3|mealy_speed:i4|state
  9. User-Specified and Inferred Latches
 10. General Register Statistics
 11. Inverted Register Statistics
 12. Multiplexer Restructuring Statistics (Restructuring Performed)
 13. Source assignments for mealy_speed:i4
 14. Parameter Settings for User Entity Instance: Top-level Entity: |paso3
 15. Parameter Settings for User Entity Instance: contador:i1
 16. Parameter Settings for User Entity Instance: medvedev_kit_LS:i2
 17. Parameter Settings for User Entity Instance: contador:i3
 18. Parameter Settings for User Entity Instance: variable_counter:i5
 19. Port Connectivity Checks: "contador:i3"
 20. Port Connectivity Checks: "contador:i1"
 21. Post-Synthesis Netlist Statistics for Top Partition
 22. Elapsed Time Per Partition
 23. Analysis & Synthesis Messages



----------------
; Legal Notice ;
----------------
Copyright (C) 2017  Intel Corporation. All rights reserved.
Your use of Intel Corporation's design tools, logic functions 
and other software and tools, and its AMPP partner logic 
functions, and any output files from any of the foregoing 
(including device programming or simulation files), and any 
associated documentation or information are expressly subject 
to the terms and conditions of the Intel Program License 
Subscription Agreement, the Intel Quartus Prime License Agreement,
the Intel FPGA IP License Agreement, or other applicable license
agreement, including, without limitation, that your use is for
the sole purpose of programming logic devices manufactured by
Intel and sold by Intel or its authorized distributors.  Please
refer to the applicable agreement for further details.



+-------------------------------------------------------------------------------------------+
; Analysis & Synthesis Summary                                                              ;
+------------------------------------+------------------------------------------------------+
; Analysis & Synthesis Status        ; Successful - Sun Nov 14 22:29:52 2021                ;
; Quartus Prime Version              ; 17.1.1 Internal Build 593 12/11/2017 SJ Lite Edition ;
; Revision Name                      ; Subtarea3                                            ;
; Top-level Entity Name              ; paso3                                                ;
; Family                             ; Cyclone IV E                                         ;
; Total logic elements               ; 96                                                   ;
;     Total combinational functions  ; 96                                                   ;
;     Dedicated logic registers      ; 42                                                   ;
; Total registers                    ; 42                                                   ;
; Total pins                         ; 22                                                   ;
; Total virtual pins                 ; 0                                                    ;
; Total memory bits                  ; 0                                                    ;
; Embedded Multiplier 9-bit elements ; 0                                                    ;
; Total PLLs                         ; 0                                                    ;
+------------------------------------+------------------------------------------------------+


+----------------------------------------------------------------------------------------------------------------------+
; Analysis & Synthesis Settings                                                                                        ;
+----------------------------------------------------------------------------+--------------------+--------------------+
; Option                                                                     ; Setting            ; Default Value      ;
+----------------------------------------------------------------------------+--------------------+--------------------+
; Device                                                                     ; EP4CE6F17C7        ;                    ;
; Top-level entity name                                                      ; paso3              ; Subtarea3          ;
; Family name                                                                ; Cyclone IV E       ; Cyclone V          ;
; Use smart compilation                                                      ; Off                ; Off                ;
; Enable parallel Assembler and TimeQuest Timing Analyzer during compilation ; On                 ; On                 ;
; Enable compact report table                                                ; Off                ; Off                ;
; Restructure Multiplexers                                                   ; Auto               ; Auto               ;
; Create Debugging Nodes for IP Cores                                        ; Off                ; Off                ;
; Preserve fewer node names                                                  ; On                 ; On                 ;
; Intel FPGA IP Evaluation Mode                                              ; Enable             ; Enable             ;
; Verilog Version                                                            ; Verilog_2001       ; Verilog_2001       ;
; VHDL Version                                                               ; VHDL_1993          ; VHDL_1993          ;
; State Machine Processing                                                   ; Auto               ; Auto               ;
; Safe State Machine                                                         ; Off                ; Off                ;
; Extract Verilog State Machines                                             ; On                 ; On                 ;
; Extract VHDL State Machines                                                ; On                 ; On                 ;
; Ignore Verilog initial constructs                                          ; Off                ; Off                ;
; Iteration limit for constant Verilog loops                                 ; 5000               ; 5000               ;
; Iteration limit for non-constant Verilog loops                             ; 250                ; 250                ;
; Add Pass-Through Logic to Inferred RAMs                                    ; On                 ; On                 ;
; Infer RAMs from Raw Logic                                                  ; On                 ; On                 ;
; Parallel Synthesis                                                         ; On                 ; On                 ;
; DSP Block Balancing                                                        ; Auto               ; Auto               ;
; NOT Gate Push-Back                                                         ; On                 ; On                 ;
; Power-Up Don't Care                                                        ; On                 ; On                 ;
; Remove Redundant Logic Cells                                               ; Off                ; Off                ;
; Remove Duplicate Registers                                                 ; On                 ; On                 ;
; Ignore CARRY Buffers                                                       ; Off                ; Off                ;
; Ignore CASCADE Buffers                                                     ; Off                ; Off                ;
; Ignore GLOBAL Buffers                                                      ; Off                ; Off                ;
; Ignore ROW GLOBAL Buffers                                                  ; Off                ; Off                ;
; Ignore LCELL Buffers                                                       ; Off                ; Off                ;
; Ignore SOFT Buffers                                                        ; On                 ; On                 ;
; Limit AHDL Integers to 32 Bits                                             ; Off                ; Off                ;
; Optimization Technique                                                     ; Balanced           ; Balanced           ;
; Carry Chain Length                                                         ; 70                 ; 70                 ;
; Auto Carry Chains                                                          ; On                 ; On                 ;
; Auto Open-Drain Pins                                                       ; On                 ; On                 ;
; Perform WYSIWYG Primitive Resynthesis                                      ; Off                ; Off                ;
; Auto ROM Replacement                                                       ; On                 ; On                 ;
; Auto RAM Replacement                                                       ; On                 ; On                 ;
; Auto DSP Block Replacement                                                 ; On                 ; On                 ;
; Auto Shift Register Replacement                                            ; Auto               ; Auto               ;
; Allow Shift Register Merging across Hierarchies                            ; Auto               ; Auto               ;
; Auto Clock Enable Replacement                                              ; On                 ; On                 ;
; Strict RAM Replacement                                                     ; Off                ; Off                ;
; Allow Synchronous Control Signals                                          ; On                 ; On                 ;
; Force Use of Synchronous Clear Signals                                     ; Off                ; Off                ;
; Auto RAM Block Balancing                                                   ; On                 ; On                 ;
; Auto RAM to Logic Cell Conversion                                          ; Off                ; Off                ;
; Auto Resource Sharing                                                      ; Off                ; Off                ;
; Allow Any RAM Size For Recognition                                         ; Off                ; Off                ;
; Allow Any ROM Size For Recognition                                         ; Off                ; Off                ;
; Allow Any Shift Register Size For Recognition                              ; Off                ; Off                ;
; Use LogicLock Constraints during Resource Balancing                        ; On                 ; On                 ;
; Ignore translate_off and synthesis_off directives                          ; Off                ; Off                ;
; Timing-Driven Synthesis                                                    ; On                 ; On                 ;
; Report Parameter Settings                                                  ; On                 ; On                 ;
; Report Source Assignments                                                  ; On                 ; On                 ;
; Report Connectivity Checks                                                 ; On                 ; On                 ;
; Ignore Maximum Fan-Out Assignments                                         ; Off                ; Off                ;
; Synchronization Register Chain Length                                      ; 2                  ; 2                  ;
; Power Optimization During Synthesis                                        ; Normal compilation ; Normal compilation ;
; HDL message level                                                          ; Level2             ; Level2             ;
; Suppress Register Optimization Related Messages                            ; Off                ; Off                ;
; Number of Removed Registers Reported in Synthesis Report                   ; 5000               ; 5000               ;
; Number of Swept Nodes Reported in Synthesis Report                         ; 5000               ; 5000               ;
; Number of Inverted Registers Reported in Synthesis Report                  ; 100                ; 100                ;
; Clock MUX Protection                                                       ; On                 ; On                 ;
; Auto Gated Clock Conversion                                                ; Off                ; Off                ;
; Block Design Naming                                                        ; Auto               ; Auto               ;
; SDC constraint protection                                                  ; Off                ; Off                ;
; Synthesis Effort                                                           ; Auto               ; Auto               ;
; Shift Register Replacement - Allow Asynchronous Clear Signal               ; On                 ; On                 ;
; Pre-Mapping Resynthesis Optimization                                       ; Off                ; Off                ;
; Analysis & Synthesis Message Level                                         ; Medium             ; Medium             ;
; Disable Register Merging Across Hierarchies                                ; Auto               ; Auto               ;
; Resource Aware Inference For Block RAM                                     ; On                 ; On                 ;
+----------------------------------------------------------------------------+--------------------+--------------------+


+------------------------------------------+
; Parallel Compilation                     ;
+----------------------------+-------------+
; Processors                 ; Number      ;
+----------------------------+-------------+
; Number detected on machine ; 12          ;
; Maximum allowed            ; 6           ;
;                            ;             ;
; Average used               ; 1.00        ;
; Maximum used               ; 6           ;
;                            ;             ;
; Usage by Processor         ; % Time Used ;
;     Processor 1            ; 100.0%      ;
;     Processor 2            ;   0.0%      ;
;     Processors 3-6         ;   0.0%      ;
+----------------------------+-------------+


+--------------------------------------------------------------------------------------------------------------------------------------------------------------------------+
; Analysis & Synthesis Source Files Read                                                                                                                                   ;
+----------------------------------+-----------------+------------------------+----------------------------------------------------------------------------------+---------+
; File Name with User-Entered Path ; Used in Netlist ; File Type              ; File Name with Absolute Path                                                     ; Library ;
+----------------------------------+-----------------+------------------------+----------------------------------------------------------------------------------+---------+
; contador.v                       ; yes             ; User Verilog HDL File  ; C:/Users/jose_/Dropbox/Pepelu/UPV/MUISE/SDP-Verilog/Practica2/contador.v         ;         ;
; MathFun.vh                       ; yes             ; User Unspecified File  ; C:/Users/jose_/Dropbox/Pepelu/UPV/MUISE/SDP-Verilog/Practica2/MathFun.vh         ;         ;
; medvedev_kit_LS.v                ; yes             ; User Verilog HDL File  ; C:/Users/jose_/Dropbox/Pepelu/UPV/MUISE/SDP-Verilog/Practica2/medvedev_kit_LS.v  ;         ;
; mealy_speed.v                    ; yes             ; User Verilog HDL File  ; C:/Users/jose_/Dropbox/Pepelu/UPV/MUISE/SDP-Verilog/Practica2/mealy_speed.v      ;         ;
; variable_counter.v               ; yes             ; User Verilog HDL File  ; C:/Users/jose_/Dropbox/Pepelu/UPV/MUISE/SDP-Verilog/Practica2/variable_counter.v ;         ;
; paso3.v                          ; yes             ; User Verilog HDL File  ; C:/Users/jose_/Dropbox/Pepelu/UPV/MUISE/SDP-Verilog/Practica2/paso3.v            ;         ;
+----------------------------------+-----------------+------------------------+----------------------------------------------------------------------------------+---------+


+----------------------------------------------------------+
; Analysis & Synthesis Resource Usage Summary              ;
+---------------------------------------------+------------+
; Resource                                    ; Usage      ;
+---------------------------------------------+------------+
; Estimated Total logic elements              ; 96         ;
;                                             ;            ;
; Total combinational functions               ; 96         ;
; Logic element usage by number of LUT inputs ;            ;
;     -- 4 input functions                    ; 41         ;
;     -- 3 input functions                    ; 22         ;
;     -- <=2 input functions                  ; 33         ;
;                                             ;            ;
; Logic elements by mode                      ;            ;
;     -- normal mode                          ; 71         ;
;     -- arithmetic mode                      ; 25         ;
;                                             ;            ;
; Total registers                             ; 42         ;
;     -- Dedicated logic registers            ; 42         ;
;     -- I/O registers                        ; 0          ;
;                                             ;            ;
; I/O pins                                    ; 22         ;
;                                             ;            ;
; Embedded Multiplier 9-bit elements          ; 0          ;
;                                             ;            ;
; Maximum fan-out node                        ; iCLK~input ;
; Maximum fan-out                             ; 42         ;
; Total fan-out                               ; 497        ;
; Average fan-out                             ; 2.73       ;
+---------------------------------------------+------------+


+----------------------------------------------------------------------------------------------------------------------------------------------------------------------------------------------------------------------+
; Analysis & Synthesis Resource Utilization by Entity                                                                                                                                                                  ;
+----------------------------+---------------------+---------------------------+-------------+--------------+---------+-----------+------+--------------+----------------------------+------------------+--------------+
; Compilation Hierarchy Node ; Combinational ALUTs ; Dedicated Logic Registers ; Memory Bits ; DSP Elements ; DSP 9x9 ; DSP 18x18 ; Pins ; Virtual Pins ; Full Hierarchy Name        ; Entity Name      ; Library Name ;
+----------------------------+---------------------+---------------------------+-------------+--------------+---------+-----------+------+--------------+----------------------------+------------------+--------------+
; |paso3                     ; 96 (0)              ; 42 (0)                    ; 0           ; 0            ; 0       ; 0         ; 22   ; 0            ; |paso3                     ; paso3            ; work         ;
;    |contador:i1|           ; 33 (33)             ; 23 (23)                   ; 0           ; 0            ; 0       ; 0         ; 0    ; 0            ; |paso3|contador:i1         ; contador         ; work         ;
;    |contador:i3|           ; 12 (12)             ; 4 (4)                     ; 0           ; 0            ; 0       ; 0         ; 0    ; 0            ; |paso3|contador:i3         ; contador         ; work         ;
;    |mealy_speed:i4|        ; 3 (3)               ; 2 (2)                     ; 0           ; 0            ; 0       ; 0         ; 0    ; 0            ; |paso3|mealy_speed:i4      ; mealy_speed      ; work         ;
;    |medvedev_kit_LS:i2|    ; 38 (38)             ; 9 (9)                     ; 0           ; 0            ; 0       ; 0         ; 0    ; 0            ; |paso3|medvedev_kit_LS:i2  ; medvedev_kit_LS  ; work         ;
;    |variable_counter:i5|   ; 10 (10)             ; 4 (4)                     ; 0           ; 0            ; 0       ; 0         ; 0    ; 0            ; |paso3|variable_counter:i5 ; variable_counter ; work         ;
+----------------------------+---------------------+---------------------------+-------------+--------------+---------+-----------+------+--------------+----------------------------+------------------+--------------+
Note: For table entries with two numbers listed, the numbers in parentheses indicate the number of resources of the given type used by the specific entity alone. The numbers listed outside of parentheses indicate the total resources of the given type used by the specific entity and all of its sub-entities in the hierarchy.


Encoding Type:  User-Encoded
+---------------------------------------------+
; State Machine - |paso3|mealy_speed:i4|state ;
+----------+---------+------------------------+
; Name     ; state~5 ; state~4                ;
+----------+---------+------------------------+
; state.S0 ; 0       ; 0                      ;
; state.S1 ; 0       ; 1                      ;
; state.S2 ; 1       ; 0                      ;
+----------+---------+------------------------+


+------------------------------------------------------------------------------------------------------------+
; User-Specified and Inferred Latches                                                                        ;
+----------------------------------------------------+------------------------------+------------------------+
; Latch Name                                         ; Latch Enable Signal          ; Free of Timing Hazards ;
+----------------------------------------------------+------------------------------+------------------------+
; medvedev_kit_LS:i2|Estado_siguiente[0]_397         ; medvedev_kit_LS:i2|Selector0 ; yes                    ;
; medvedev_kit_LS:i2|Estado_siguiente[1]_418         ; medvedev_kit_LS:i2|Selector0 ; yes                    ;
; medvedev_kit_LS:i2|Estado_siguiente[2]_439         ; medvedev_kit_LS:i2|Selector0 ; yes                    ;
; medvedev_kit_LS:i2|Estado_siguiente[3]_460         ; medvedev_kit_LS:i2|Selector0 ; yes                    ;
; medvedev_kit_LS:i2|Estado_siguiente[4]_481         ; medvedev_kit_LS:i2|Selector0 ; yes                    ;
; medvedev_kit_LS:i2|Estado_siguiente[5]_502         ; medvedev_kit_LS:i2|Selector0 ; yes                    ;
; medvedev_kit_LS:i2|Estado_siguiente[6]_523         ; medvedev_kit_LS:i2|Selector0 ; yes                    ;
; medvedev_kit_LS:i2|Estado_siguiente[7]_544         ; medvedev_kit_LS:i2|Selector0 ; yes                    ;
; medvedev_kit_LS:i2|Estado_siguiente[8]_565         ; medvedev_kit_LS:i2|Selector0 ; yes                    ;
; Number of user-specified and inferred latches = 9  ;                              ;                        ;
+----------------------------------------------------+------------------------------+------------------------+
Note: All latches listed above may not be present at the end of synthesis due to various synthesis optimizations.


+------------------------------------------------------+
; General Register Statistics                          ;
+----------------------------------------------+-------+
; Statistic                                    ; Value ;
+----------------------------------------------+-------+
; Total registers                              ; 42    ;
; Number of registers using Synchronous Clear  ; 27    ;
; Number of registers using Synchronous Load   ; 0     ;
; Number of registers using Asynchronous Clear ; 15    ;
; Number of registers using Asynchronous Load  ; 0     ;
; Number of registers using Clock Enable       ; 40    ;
; Number of registers using Preset             ; 0     ;
+----------------------------------------------+-------+


+--------------------------------------------------+
; Inverted Register Statistics                     ;
+----------------------------------------+---------+
; Inverted Register                      ; Fan out ;
+----------------------------------------+---------+
; medvedev_kit_LS:i2|Estado_actual[7]    ; 6       ;
; Total number of inverted registers = 1 ;         ;
+----------------------------------------+---------+


+--------------------------------------------------------------------------------------------------------------------------------------------+
; Multiplexer Restructuring Statistics (Restructuring Performed)                                                                             ;
+--------------------+-----------+---------------+----------------------+------------------------+------------+------------------------------+
; Multiplexer Inputs ; Bus Width ; Baseline Area ; Area if Restructured ; Saving if Restructured ; Registered ; Example Multiplexer Output   ;
+--------------------+-----------+---------------+----------------------+------------------------+------------+------------------------------+
; 4:1                ; 23 bits   ; 46 LEs        ; 23 LEs               ; 23 LEs                 ; Yes        ; |paso3|contador:i1|oCOUNT[6] ;
; 4:1                ; 4 bits    ; 8 LEs         ; 8 LEs                ; 0 LEs                  ; Yes        ; |paso3|contador:i3|oCOUNT[0] ;
+--------------------+-----------+---------------+----------------------+------------------------+------------+------------------------------+


+--------------------------------------------------------+
; Source assignments for mealy_speed:i4                  ;
+--------------------------+--------------+------+-------+
; Assignment               ; Value        ; From ; To    ;
+--------------------------+--------------+------+-------+
; STATE_MACHINE_PROCESSING ; USER_ENCODED ; -    ; state ;
+--------------------------+--------------+------+-------+


+-----------------------------------------------------------------------+
; Parameter Settings for User Entity Instance: Top-level Entity: |paso3 ;
+----------------+---------+--------------------------------------------+
; Parameter Name ; Value   ; Type                                       ;
+----------------+---------+--------------------------------------------+
; mod            ; 5000000 ; Signed Integer                             ;
; n              ; 16      ; Signed Integer                             ;
+----------------+---------+--------------------------------------------+
Note: In order to hide this table in the UI and the text report file, please set the "Show Parameter Settings in Synthesis Report" option in "Analysis and Synthesis Settings -> More Settings" to "Off".


+----------------------------------------------------------+
; Parameter Settings for User Entity Instance: contador:i1 ;
+----------------+---------+-------------------------------+
; Parameter Name ; Value   ; Type                          ;
+----------------+---------+-------------------------------+
; fin_cuenta     ; 5000000 ; Signed Integer                ;
; n              ; 23      ; Signed Integer                ;
+----------------+---------+-------------------------------+
Note: In order to hide this table in the UI and the text report file, please set the "Show Parameter Settings in Synthesis Report" option in "Analysis and Synthesis Settings -> More Settings" to "Off".


+-----------------------------------------------------------------+
; Parameter Settings for User Entity Instance: medvedev_kit_LS:i2 ;
+----------------+-----------+------------------------------------+
; Parameter Name ; Value     ; Type                               ;
+----------------+-----------+------------------------------------+
; S1             ; 010000000 ; Unsigned Binary                    ;
; S2             ; 001000000 ; Unsigned Binary                    ;
; S3             ; 000100000 ; Unsigned Binary                    ;
; S4             ; 000010000 ; Unsigned Binary                    ;
; S5             ; 000001000 ; Unsigned Binary                    ;
; S6             ; 000000100 ; Unsigned Binary                    ;
; S7             ; 000000010 ; Unsigned Binary                    ;
; S8             ; 000000001 ; Unsigned Binary                    ;
; S9             ; 100000010 ; Unsigned Binary                    ;
; S10            ; 100000100 ; Unsigned Binary                    ;
; S11            ; 100001000 ; Unsigned Binary                    ;
; S12            ; 100010000 ; Unsigned Binary                    ;
; S13            ; 100100000 ; Unsigned Binary                    ;
; S14            ; 101000000 ; Unsigned Binary                    ;
+----------------+-----------+------------------------------------+
Note: In order to hide this table in the UI and the text report file, please set the "Show Parameter Settings in Synthesis Report" option in "Analysis and Synthesis Settings -> More Settings" to "Off".


+----------------------------------------------------------+
; Parameter Settings for User Entity Instance: contador:i3 ;
+----------------+-------+---------------------------------+
; Parameter Name ; Value ; Type                            ;
+----------------+-------+---------------------------------+
; fin_cuenta     ; 16    ; Signed Integer                  ;
; n              ; 4     ; Signed Integer                  ;
+----------------+-------+---------------------------------+
Note: In order to hide this table in the UI and the text report file, please set the "Show Parameter Settings in Synthesis Report" option in "Analysis and Synthesis Settings -> More Settings" to "Off".


+------------------------------------------------------------------+
; Parameter Settings for User Entity Instance: variable_counter:i5 ;
+----------------+-------+-----------------------------------------+
; Parameter Name ; Value ; Type                                    ;
+----------------+-------+-----------------------------------------+
; width_counter  ; 4     ; Signed Integer                          ;
+----------------+-------+-----------------------------------------+
Note: In order to hide this table in the UI and the text report file, please set the "Show Parameter Settings in Synthesis Report" option in "Analysis and Synthesis Settings -> More Settings" to "Off".


+---------------------------------------------------+
; Port Connectivity Checks: "contador:i3"           ;
+------+--------+----------+------------------------+
; Port ; Type   ; Severity ; Details                ;
+------+--------+----------+------------------------+
; oTC  ; Output ; Info     ; Explicitly unconnected ;
+------+--------+----------+------------------------+


+-----------------------------------------------------+
; Port Connectivity Checks: "contador:i1"             ;
+--------+--------+----------+------------------------+
; Port   ; Type   ; Severity ; Details                ;
+--------+--------+----------+------------------------+
; oCOUNT ; Output ; Info     ; Explicitly unconnected ;
+--------+--------+----------+------------------------+


+-----------------------------------------------------+
; Post-Synthesis Netlist Statistics for Top Partition ;
+-----------------------+-----------------------------+
; Type                  ; Count                       ;
+-----------------------+-----------------------------+
; boundary_port         ; 22                          ;
; cycloneiii_ff         ; 42                          ;
;     CLR               ; 2                           ;
;     ENA CLR           ; 13                          ;
;     ENA SCLR          ; 27                          ;
; cycloneiii_lcell_comb ; 97                          ;
;     arith             ; 25                          ;
;         2 data inputs ; 23                          ;
;         3 data inputs ; 2                           ;
;     normal            ; 72                          ;
;         1 data inputs ; 4                           ;
;         2 data inputs ; 7                           ;
;         3 data inputs ; 20                          ;
;         4 data inputs ; 41                          ;
;                       ;                             ;
; Max LUT depth         ; 5.00                        ;
; Average LUT depth     ; 3.31                        ;
+-----------------------+-----------------------------+


+-------------------------------+
; Elapsed Time Per Partition    ;
+----------------+--------------+
; Partition Name ; Elapsed Time ;
+----------------+--------------+
; Top            ; 00:00:00     ;
+----------------+--------------+


+-------------------------------+
; Analysis & Synthesis Messages ;
+-------------------------------+
Info: *******************************************************************
Info: Running Quartus Prime Analysis & Synthesis
    Info: Version 17.1.1 Internal Build 593 12/11/2017 SJ Lite Edition
    Info: Processing started: Sun Nov 14 22:29:40 2021
Info: Command: quartus_map --read_settings_files=on --write_settings_files=off Subtarea3 -c Subtarea3
Warning (18236): Number of processors has not been specified which may cause overloading on shared machines.  Set the global assignment NUM_PARALLEL_PROCESSORS in your QSF to an appropriate value for best performance.
Info (20030): Parallel compilation is enabled and will use 6 of the 6 processors detected
Info (12021): Found 1 design units, including 1 entities, in source file paso1.v
    Info (12023): Found entity 1: paso1 File: C:/Users/jose_/Dropbox/Pepelu/UPV/MUISE/SDP-Verilog/Practica2/paso1.v Line: 24
Info (12021): Found 1 design units, including 1 entities, in source file contador.v
    Info (12023): Found entity 1: contador File: C:/Users/jose_/Dropbox/Pepelu/UPV/MUISE/SDP-Verilog/Practica2/contador.v Line: 27
Info (12021): Found 1 design units, including 1 entities, in source file medvedev_kit_ls.v
    Info (12023): Found entity 1: medvedev_kit_LS File: C:/Users/jose_/Dropbox/Pepelu/UPV/MUISE/SDP-Verilog/Practica2/medvedev_kit_LS.v Line: 33
Info (12021): Found 1 design units, including 1 entities, in source file paso1_tb.v
    Info (12023): Found entity 1: paso1_TB File: C:/Users/jose_/Dropbox/Pepelu/UPV/MUISE/SDP-Verilog/Practica2/paso1_TB.v Line: 27
Info (12021): Found 1 design units, including 1 entities, in source file mealy_speed.v
    Info (12023): Found entity 1: mealy_speed File: C:/Users/jose_/Dropbox/Pepelu/UPV/MUISE/SDP-Verilog/Practica2/mealy_speed.v Line: 26
Info (12021): Found 1 design units, including 1 entities, in source file paso2_tb.v
    Info (12023): Found entity 1: paso2_TB File: C:/Users/jose_/Dropbox/Pepelu/UPV/MUISE/SDP-Verilog/Practica2/paso2_TB.v Line: 27
Info (12021): Found 1 design units, including 1 entities, in source file paso2.v
    Info (12023): Found entity 1: paso2 File: C:/Users/jose_/Dropbox/Pepelu/UPV/MUISE/SDP-Verilog/Practica2/paso2.v Line: 27
Info (12021): Found 1 design units, including 1 entities, in source file variable_counter.v
    Info (12023): Found entity 1: variable_counter File: C:/Users/jose_/Dropbox/Pepelu/UPV/MUISE/SDP-Verilog/Practica2/variable_counter.v Line: 29
Info (12021): Found 1 design units, including 1 entities, in source file paso3.v
    Info (12023): Found entity 1: paso3 File: C:/Users/jose_/Dropbox/Pepelu/UPV/MUISE/SDP-Verilog/Practica2/paso3.v Line: 31
Info (12021): Found 1 design units, including 1 entities, in source file paso3_tb.v
    Info (12023): Found entity 1: paso3_TB File: C:/Users/jose_/Dropbox/Pepelu/UPV/MUISE/SDP-Verilog/Practica2/paso3_TB.v Line: 27
Info (12127): Elaborating entity "paso3" for the top level hierarchy
Info (12128): Elaborating entity "contador" for hierarchy "contador:i1" File: C:/Users/jose_/Dropbox/Pepelu/UPV/MUISE/SDP-Verilog/Practica2/paso3.v Line: 53
Warning (10230): Verilog HDL assignment warning at contador.v(58): truncated value with size 32 to match size of target (23) File: C:/Users/jose_/Dropbox/Pepelu/UPV/MUISE/SDP-Verilog/Practica2/contador.v Line: 58
Warning (10230): Verilog HDL assignment warning at contador.v(64): truncated value with size 32 to match size of target (23) File: C:/Users/jose_/Dropbox/Pepelu/UPV/MUISE/SDP-Verilog/Practica2/contador.v Line: 64
Warning (10230): Verilog HDL assignment warning at contador.v(69): truncated value with size 32 to match size of target (23) File: C:/Users/jose_/Dropbox/Pepelu/UPV/MUISE/SDP-Verilog/Practica2/contador.v Line: 69
Info (12128): Elaborating entity "medvedev_kit_LS" for hierarchy "medvedev_kit_LS:i2" File: C:/Users/jose_/Dropbox/Pepelu/UPV/MUISE/SDP-Verilog/Practica2/paso3.v Line: 58
Warning (10240): Verilog HDL Always Construct warning at medvedev_kit_LS.v(52): inferring latch(es) for variable "Estado_siguiente", which holds its previous value in one or more paths through the always construct File: C:/Users/jose_/Dropbox/Pepelu/UPV/MUISE/SDP-Verilog/Practica2/medvedev_kit_LS.v Line: 52
Info (10041): Inferred latch for "Estado_siguiente[0]" at medvedev_kit_LS.v(52) File: C:/Users/jose_/Dropbox/Pepelu/UPV/MUISE/SDP-Verilog/Practica2/medvedev_kit_LS.v Line: 52
Info (10041): Inferred latch for "Estado_siguiente[1]" at medvedev_kit_LS.v(52) File: C:/Users/jose_/Dropbox/Pepelu/UPV/MUISE/SDP-Verilog/Practica2/medvedev_kit_LS.v Line: 52
Info (10041): Inferred latch for "Estado_siguiente[2]" at medvedev_kit_LS.v(52) File: C:/Users/jose_/Dropbox/Pepelu/UPV/MUISE/SDP-Verilog/Practica2/medvedev_kit_LS.v Line: 52
Info (10041): Inferred latch for "Estado_siguiente[3]" at medvedev_kit_LS.v(52) File: C:/Users/jose_/Dropbox/Pepelu/UPV/MUISE/SDP-Verilog/Practica2/medvedev_kit_LS.v Line: 52
Info (10041): Inferred latch for "Estado_siguiente[4]" at medvedev_kit_LS.v(52) File: C:/Users/jose_/Dropbox/Pepelu/UPV/MUISE/SDP-Verilog/Practica2/medvedev_kit_LS.v Line: 52
Info (10041): Inferred latch for "Estado_siguiente[5]" at medvedev_kit_LS.v(52) File: C:/Users/jose_/Dropbox/Pepelu/UPV/MUISE/SDP-Verilog/Practica2/medvedev_kit_LS.v Line: 52
Info (10041): Inferred latch for "Estado_siguiente[6]" at medvedev_kit_LS.v(52) File: C:/Users/jose_/Dropbox/Pepelu/UPV/MUISE/SDP-Verilog/Practica2/medvedev_kit_LS.v Line: 52
Info (10041): Inferred latch for "Estado_siguiente[7]" at medvedev_kit_LS.v(52) File: C:/Users/jose_/Dropbox/Pepelu/UPV/MUISE/SDP-Verilog/Practica2/medvedev_kit_LS.v Line: 52
Info (10041): Inferred latch for "Estado_siguiente[8]" at medvedev_kit_LS.v(52) File: C:/Users/jose_/Dropbox/Pepelu/UPV/MUISE/SDP-Verilog/Practica2/medvedev_kit_LS.v Line: 52
Info (12128): Elaborating entity "contador" for hierarchy "contador:i3" File: C:/Users/jose_/Dropbox/Pepelu/UPV/MUISE/SDP-Verilog/Practica2/paso3.v Line: 65
Warning (10230): Verilog HDL assignment warning at contador.v(58): truncated value with size 32 to match size of target (4) File: C:/Users/jose_/Dropbox/Pepelu/UPV/MUISE/SDP-Verilog/Practica2/contador.v Line: 58
Warning (10230): Verilog HDL assignment warning at contador.v(64): truncated value with size 32 to match size of target (4) File: C:/Users/jose_/Dropbox/Pepelu/UPV/MUISE/SDP-Verilog/Practica2/contador.v Line: 64
Warning (10230): Verilog HDL assignment warning at contador.v(69): truncated value with size 32 to match size of target (4) File: C:/Users/jose_/Dropbox/Pepelu/UPV/MUISE/SDP-Verilog/Practica2/contador.v Line: 69
Info (12128): Elaborating entity "mealy_speed" for hierarchy "mealy_speed:i4" File: C:/Users/jose_/Dropbox/Pepelu/UPV/MUISE/SDP-Verilog/Practica2/paso3.v Line: 72
Warning (10230): Verilog HDL assignment warning at mealy_speed.v(39): truncated value with size 32 to match size of target (1) File: C:/Users/jose_/Dropbox/Pepelu/UPV/MUISE/SDP-Verilog/Practica2/mealy_speed.v Line: 39
Warning (10230): Verilog HDL assignment warning at mealy_speed.v(40): truncated value with size 32 to match size of target (1) File: C:/Users/jose_/Dropbox/Pepelu/UPV/MUISE/SDP-Verilog/Practica2/mealy_speed.v Line: 40
Info (12128): Elaborating entity "variable_counter" for hierarchy "variable_counter:i5" File: C:/Users/jose_/Dropbox/Pepelu/UPV/MUISE/SDP-Verilog/Practica2/paso3.v Line: 80
Warning (10230): Verilog HDL assignment warning at variable_counter.v(40): truncated value with size 32 to match size of target (4) File: C:/Users/jose_/Dropbox/Pepelu/UPV/MUISE/SDP-Verilog/Practica2/variable_counter.v Line: 40
Warning (10230): Verilog HDL assignment warning at variable_counter.v(45): truncated value with size 32 to match size of target (1) File: C:/Users/jose_/Dropbox/Pepelu/UPV/MUISE/SDP-Verilog/Practica2/variable_counter.v Line: 45
Warning (10230): Verilog HDL assignment warning at variable_counter.v(56): truncated value with size 32 to match size of target (4) File: C:/Users/jose_/Dropbox/Pepelu/UPV/MUISE/SDP-Verilog/Practica2/variable_counter.v Line: 56
Warning (13012): Latch medvedev_kit_LS:i2|Estado_siguiente[0]_397 has unsafe behavior File: C:/Users/jose_/Dropbox/Pepelu/UPV/MUISE/SDP-Verilog/Practica2/medvedev_kit_LS.v Line: 52
    Warning (13013): Ports D and ENA on the latch are fed by the same signal medvedev_kit_LS:i2|Estado_actual[0] File: C:/Users/jose_/Dropbox/Pepelu/UPV/MUISE/SDP-Verilog/Practica2/medvedev_kit_LS.v Line: 104
Warning (13012): Latch medvedev_kit_LS:i2|Estado_siguiente[1]_418 has unsafe behavior File: C:/Users/jose_/Dropbox/Pepelu/UPV/MUISE/SDP-Verilog/Practica2/medvedev_kit_LS.v Line: 52
    Warning (13013): Ports D and ENA on the latch are fed by the same signal medvedev_kit_LS:i2|Estado_actual[8] File: C:/Users/jose_/Dropbox/Pepelu/UPV/MUISE/SDP-Verilog/Practica2/medvedev_kit_LS.v Line: 104
Warning (13012): Latch medvedev_kit_LS:i2|Estado_siguiente[2]_439 has unsafe behavior File: C:/Users/jose_/Dropbox/Pepelu/UPV/MUISE/SDP-Verilog/Practica2/medvedev_kit_LS.v Line: 52
    Warning (13013): Ports D and ENA on the latch are fed by the same signal medvedev_kit_LS:i2|Estado_actual[7] File: C:/Users/jose_/Dropbox/Pepelu/UPV/MUISE/SDP-Verilog/Practica2/medvedev_kit_LS.v Line: 104
Warning (13012): Latch medvedev_kit_LS:i2|Estado_siguiente[3]_460 has unsafe behavior File: C:/Users/jose_/Dropbox/Pepelu/UPV/MUISE/SDP-Verilog/Practica2/medvedev_kit_LS.v Line: 52
    Warning (13013): Ports D and ENA on the latch are fed by the same signal medvedev_kit_LS:i2|Estado_actual[7] File: C:/Users/jose_/Dropbox/Pepelu/UPV/MUISE/SDP-Verilog/Practica2/medvedev_kit_LS.v Line: 104
Warning (13012): Latch medvedev_kit_LS:i2|Estado_siguiente[4]_481 has unsafe behavior File: C:/Users/jose_/Dropbox/Pepelu/UPV/MUISE/SDP-Verilog/Practica2/medvedev_kit_LS.v Line: 52
    Warning (13013): Ports D and ENA on the latch are fed by the same signal medvedev_kit_LS:i2|Estado_actual[7] File: C:/Users/jose_/Dropbox/Pepelu/UPV/MUISE/SDP-Verilog/Practica2/medvedev_kit_LS.v Line: 104
Warning (13012): Latch medvedev_kit_LS:i2|Estado_siguiente[5]_502 has unsafe behavior File: C:/Users/jose_/Dropbox/Pepelu/UPV/MUISE/SDP-Verilog/Practica2/medvedev_kit_LS.v Line: 52
    Warning (13013): Ports D and ENA on the latch are fed by the same signal medvedev_kit_LS:i2|Estado_actual[7] File: C:/Users/jose_/Dropbox/Pepelu/UPV/MUISE/SDP-Verilog/Practica2/medvedev_kit_LS.v Line: 104
Warning (13012): Latch medvedev_kit_LS:i2|Estado_siguiente[6]_523 has unsafe behavior File: C:/Users/jose_/Dropbox/Pepelu/UPV/MUISE/SDP-Verilog/Practica2/medvedev_kit_LS.v Line: 52
    Warning (13013): Ports D and ENA on the latch are fed by the same signal medvedev_kit_LS:i2|Estado_actual[6] File: C:/Users/jose_/Dropbox/Pepelu/UPV/MUISE/SDP-Verilog/Practica2/medvedev_kit_LS.v Line: 104
Warning (13012): Latch medvedev_kit_LS:i2|Estado_siguiente[7]_544 has unsafe behavior File: C:/Users/jose_/Dropbox/Pepelu/UPV/MUISE/SDP-Verilog/Practica2/medvedev_kit_LS.v Line: 52
    Warning (13013): Ports D and ENA on the latch are fed by the same signal medvedev_kit_LS:i2|Estado_actual[7] File: C:/Users/jose_/Dropbox/Pepelu/UPV/MUISE/SDP-Verilog/Practica2/medvedev_kit_LS.v Line: 104
Warning (13012): Latch medvedev_kit_LS:i2|Estado_siguiente[8]_565 has unsafe behavior File: C:/Users/jose_/Dropbox/Pepelu/UPV/MUISE/SDP-Verilog/Practica2/medvedev_kit_LS.v Line: 52
    Warning (13013): Ports D and ENA on the latch are fed by the same signal medvedev_kit_LS:i2|Estado_actual[7] File: C:/Users/jose_/Dropbox/Pepelu/UPV/MUISE/SDP-Verilog/Practica2/medvedev_kit_LS.v Line: 104
Info (13000): Registers with preset signals will power-up high File: C:/Users/jose_/Dropbox/Pepelu/UPV/MUISE/SDP-Verilog/Practica2/medvedev_kit_LS.v Line: 104
Info (13003): DEV_CLRn pin will set, and not reset, register with preset signal due to NOT Gate Push-Back
Info (286030): Timing-Driven Synthesis is running
Info (16010): Generating hard_block partition "hard_block:auto_generated_inst"
    Info (16011): Adding 0 node(s), including 0 DDIO, 0 PLL, 0 transceiver and 0 LCELL
Info (21057): Implemented 127 device resources after synthesis - the final resource count might be different
    Info (21058): Implemented 6 input pins
    Info (21059): Implemented 16 output pins
    Info (21061): Implemented 105 logic cells
Info: Quartus Prime Analysis & Synthesis was successful. 0 errors, 31 warnings
    Info: Peak virtual memory: 4794 megabytes
    Info: Processing ended: Sun Nov 14 22:29:52 2021
    Info: Elapsed time: 00:00:12
    Info: Total CPU time (on all processors): 00:00:24


