Flow report for Subtarea3
Fri Nov 12 10:59:23 2021
Quartus Prime Version 17.1.1 Internal Build 593 12/11/2017 SJ Lite Edition


---------------------
; Table of Contents ;
---------------------
  1. Legal Notice
  2. Flow Summary
  3. Flow Settings
  4. Flow Non-Default Global Settings
  5. Flow Elapsed Time
  6. Flow OS Summary
  7. Flow Log
  8. Flow Messages
  9. Flow Suppressed Messages



----------------
; Legal Notice ;
----------------
Copyright (C) 2017  Intel Corporation. All rights reserved.
Your use of Intel Corporation's design tools, logic functions 
and other software and tools, and its AMPP partner logic 
functions, and any output files from any of the foregoing 
(including device programming or simulation files), and any 
associated documentation or information are expressly subject 
to the terms and conditions of the Intel Program License 
Subscription Agreement, the Intel Quartus Prime License Agreement,
the Intel FPGA IP License Agreement, or other applicable license
agreement, including, without limitation, that your use is for
the sole purpose of programming logic devices manufactured by
Intel and sold by Intel or its authorized distributors.  Please
refer to the applicable agreement for further details.



+-------------------------------------------------------------------------------------------+
; Flow Summary                                                                              ;
+------------------------------------+------------------------------------------------------+
; Flow Status                        ; Successful - Fri Nov 12 10:59:23 2021                ;
; Quartus Prime Version              ; 17.1.1 Internal Build 593 12/11/2017 SJ Lite Edition ;
; Revision Name                      ; Subtarea3                                            ;
; Top-level Entity Name              ; paso3                                                ;
; Family                             ; Cyclone IV E                                         ;
; Device                             ; EP4CE6F17C7                                          ;
; Timing Models                      ; Final                                                ;
; Total logic elements               ; 104 / 6,272 ( 2 % )                                  ;
;     Total combinational functions  ; 104 / 6,272 ( 2 % )                                  ;
;     Dedicated logic registers      ; 42 / 6,272 ( < 1 % )                                 ;
; Total registers                    ; 42                                                   ;
; Total pins                         ; 22 / 180 ( 12 % )                                    ;
; Total virtual pins                 ; 0                                                    ;
; Total memory bits                  ; 0 / 276,480 ( 0 % )                                  ;
; Embedded Multiplier 9-bit elements ; 0 / 30 ( 0 % )                                       ;
; Total PLLs                         ; 0 / 2 ( 0 % )                                        ;
+------------------------------------+------------------------------------------------------+


+-----------------------------------------+
; Flow Settings                           ;
+-------------------+---------------------+
; Option            ; Setting             ;
+-------------------+---------------------+
; Start date & time ; 11/12/2021 10:59:03 ;
; Main task         ; Compilation         ;
; Revision Name     ; Subtarea3           ;
+-------------------+---------------------+


+------------------------------------------------------------------------------------------------------------------------------+
; Flow Non-Default Global Settings                                                                                             ;
+--------------------------------------+----------------------------------------+---------------+-------------+----------------+
; Assignment Name                      ; Value                                  ; Default Value ; Entity Name ; Section Id     ;
+--------------------------------------+----------------------------------------+---------------+-------------+----------------+
; COMPILER_SIGNATURE_ID                ; 49410870802600.163671114323436         ; --            ; --          ; --             ;
; EDA_DESIGN_INSTANCE_NAME             ; paso3                                  ; --            ; --          ; paso3_TB       ;
; EDA_DESIGN_INSTANCE_NAME             ; paso1                                  ; --            ; --          ; paso1_TB       ;
; EDA_DESIGN_INSTANCE_NAME             ; paso2                                  ; --            ; --          ; paso2_TB       ;
; EDA_NATIVELINK_SIMULATION_TEST_BENCH ; paso3_TB                               ; --            ; --          ; eda_simulation ;
; EDA_OUTPUT_DATA_FORMAT               ; Verilog Hdl                            ; --            ; --          ; eda_simulation ;
; EDA_SIMULATION_TOOL                  ; ModelSim-Altera (Verilog)              ; <None>        ; --          ; --             ;
; EDA_TEST_BENCH_ENABLE_STATUS         ; TEST_BENCH_MODE                        ; --            ; --          ; eda_simulation ;
; EDA_TEST_BENCH_FILE                  ; paso3_TB.v                             ; --            ; --          ; paso3_TB       ;
; EDA_TEST_BENCH_FILE                  ; paso1_TB.v                             ; --            ; --          ; paso1_TB       ;
; EDA_TEST_BENCH_FILE                  ; paso2_TB.v                             ; --            ; --          ; paso2_TB       ;
; EDA_TEST_BENCH_MODULE_NAME           ; paso3_TB                               ; --            ; --          ; paso3_TB       ;
; EDA_TEST_BENCH_MODULE_NAME           ; paso1_TB                               ; --            ; --          ; paso1_TB       ;
; EDA_TEST_BENCH_MODULE_NAME           ; paso2_TB                               ; --            ; --          ; paso2_TB       ;
; EDA_TEST_BENCH_NAME                  ; paso1_TB                               ; --            ; --          ; eda_simulation ;
; EDA_TEST_BENCH_NAME                  ; paso2_TB                               ; --            ; --          ; eda_simulation ;
; EDA_TEST_BENCH_NAME                  ; paso3_TB                               ; --            ; --          ; eda_simulation ;
; EDA_TIME_SCALE                       ; 1 ps                                   ; --            ; --          ; eda_simulation ;
; MAX_CORE_JUNCTION_TEMP               ; 85                                     ; --            ; --          ; --             ;
; MIN_CORE_JUNCTION_TEMP               ; 0                                      ; --            ; --          ; --             ;
; PARTITION_COLOR                      ; -- (Not supported for targeted family) ; --            ; paso3       ; Top            ;
; PARTITION_FITTER_PRESERVATION_LEVEL  ; -- (Not supported for targeted family) ; --            ; paso3       ; Top            ;
; PARTITION_NETLIST_TYPE               ; -- (Not supported for targeted family) ; --            ; paso3       ; Top            ;
; POWER_BOARD_THERMAL_MODEL            ; None (CONSERVATIVE)                    ; --            ; --          ; --             ;
; POWER_PRESET_COOLING_SOLUTION        ; 23 MM HEAT SINK WITH 200 LFPM AIRFLOW  ; --            ; --          ; --             ;
; TOP_LEVEL_ENTITY                     ; paso3                                  ; Subtarea3     ; --          ; --             ;
+--------------------------------------+----------------------------------------+---------------+-------------+----------------+


+-------------------------------------------------------------------------------------------------------------------------------+
; Flow Elapsed Time                                                                                                             ;
+---------------------------+--------------+-------------------------+---------------------+------------------------------------+
; Module Name               ; Elapsed Time ; Average Processors Used ; Peak Virtual Memory ; Total CPU Time (on all processors) ;
+---------------------------+--------------+-------------------------+---------------------+------------------------------------+
; Analysis & Synthesis      ; 00:00:08     ; 1.0                     ; 4767 MB             ; 00:00:17                           ;
; Fitter                    ; 00:00:05     ; 1.0                     ; 5612 MB             ; 00:00:05                           ;
; Assembler                 ; 00:00:00     ; 1.0                     ; 4670 MB             ; 00:00:01                           ;
; TimeQuest Timing Analyzer ; 00:00:02     ; 1.2                     ; 4772 MB             ; 00:00:02                           ;
; EDA Netlist Writer        ; 00:00:01     ; 1.0                     ; 4639 MB             ; 00:00:01                           ;
; Total                     ; 00:00:16     ; --                      ; --                  ; 00:00:26                           ;
+---------------------------+--------------+-------------------------+---------------------+------------------------------------+


+-----------------------------------------------------------------------------------------+
; Flow OS Summary                                                                         ;
+---------------------------+------------------+------------+------------+----------------+
; Module Name               ; Machine Hostname ; OS Name    ; OS Version ; Processor type ;
+---------------------------+------------------+------------+------------+----------------+
; Analysis & Synthesis      ; DESKTOP-LV6HA8E  ; Windows 10 ; 10.0       ; x86_64         ;
; Fitter                    ; DESKTOP-LV6HA8E  ; Windows 10 ; 10.0       ; x86_64         ;
; Assembler                 ; DESKTOP-LV6HA8E  ; Windows 10 ; 10.0       ; x86_64         ;
; TimeQuest Timing Analyzer ; DESKTOP-LV6HA8E  ; Windows 10 ; 10.0       ; x86_64         ;
; EDA Netlist Writer        ; DESKTOP-LV6HA8E  ; Windows 10 ; 10.0       ; x86_64         ;
+---------------------------+------------------+------------+------------+----------------+


------------
; Flow Log ;
------------
quartus_map --read_settings_files=on --write_settings_files=off Subtarea3 -c Subtarea3
quartus_fit --read_settings_files=off --write_settings_files=off Subtarea3 -c Subtarea3
quartus_asm --read_settings_files=off --write_settings_files=off Subtarea3 -c Subtarea3
quartus_sta Subtarea3 -c Subtarea3
quartus_eda --read_settings_files=off --write_settings_files=off Subtarea3 -c Subtarea3



