Analysis & Synthesis report for Practica3
Tue Nov 16 19:08:28 2021
Quartus Prime Version 17.1.1 Internal Build 593 12/11/2017 SJ Standard Edition


---------------------
; Table of Contents ;
---------------------
  1. Legal Notice
  2. Analysis & Synthesis Summary
  3. Analysis & Synthesis Settings
  4. Parallel Compilation
  5. Analysis & Synthesis Source Files Read
  6. Analysis & Synthesis Resource Usage Summary
  7. Analysis & Synthesis Resource Utilization by Entity
  8. General Register Statistics
  9. Multiplexer Restructuring Statistics (Restructuring Performed)
 10. Parameter Settings for User Entity Instance: contador:HCOUNT
 11. Parameter Settings for User Entity Instance: contador:VCOUNT
 12. Parameter Settings for User Entity Instance: pll_ltm_0002:PLL|altera_pll:altera_pll_i
 13. Port Connectivity Checks: "pll_ltm_0002:PLL|altera_pll:altera_pll_i"
 14. Port Connectivity Checks: "pll_ltm_0002:PLL"
 15. Port Connectivity Checks: "contador:VCOUNT"
 16. Port Connectivity Checks: "contador:HCOUNT"
 17. Post-Synthesis Netlist Statistics for Top Partition
 18. Elapsed Time Per Partition
 19. Analysis & Synthesis Messages



----------------
; Legal Notice ;
----------------
Copyright (C) 2017  Intel Corporation. All rights reserved.
Your use of Intel Corporation's design tools, logic functions 
and other software and tools, and its AMPP partner logic 
functions, and any output files from any of the foregoing 
(including device programming or simulation files), and any 
associated documentation or information are expressly subject 
to the terms and conditions of the Intel Program License 
Subscription Agreement, the Intel Quartus Prime License Agreement,
the Intel FPGA IP License Agreement, or other applicable license
agreement, including, without limitation, that your use is for
the sole purpose of programming logic devices manufactured by
Intel and sold by Intel or its authorized distributors.  Please
refer to the applicable agreement for further details.



+--------------------------------------------------------------------------------------------+
; Analysis & Synthesis Summary                                                               ;
+---------------------------------+----------------------------------------------------------+
; Analysis & Synthesis Status     ; Successful - Tue Nov 16 19:08:28 2021                    ;
; Quartus Prime Version           ; 17.1.1 Internal Build 593 12/11/2017 SJ Standard Edition ;
; Revision Name                   ; Practica3                                                ;
; Top-level Entity Name           ; LCD_SYNC                                                 ;
; Family                          ; Cyclone V                                                ;
; Logic utilization (in ALMs)     ; N/A                                                      ;
; Total registers                 ; 11                                                       ;
; Total pins                      ; 30                                                       ;
; Total virtual pins              ; 0                                                        ;
; Total block memory bits         ; 0                                                        ;
; Total DSP Blocks                ; 0                                                        ;
; Total HSSI RX PCSs              ; 0                                                        ;
; Total HSSI PMA RX Deserializers ; 0                                                        ;
; Total HSSI TX PCSs              ; 0                                                        ;
; Total HSSI PMA TX Serializers   ; 0                                                        ;
; Total PLLs                      ; 1                                                        ;
; Total DLLs                      ; 0                                                        ;
+---------------------------------+----------------------------------------------------------+


+---------------------------------------------------------------------------------------------------------------------------+
; Analysis & Synthesis Settings                                                                                             ;
+---------------------------------------------------------------------------------+--------------------+--------------------+
; Option                                                                          ; Setting            ; Default Value      ;
+---------------------------------------------------------------------------------+--------------------+--------------------+
; Device                                                                          ; 5CGXFC7C7F23C8     ;                    ;
; Top-level entity name                                                           ; LCD_SYNC           ; Practica3          ;
; Family name                                                                     ; Cyclone V          ; Cyclone V          ;
; Use smart compilation                                                           ; Off                ; Off                ;
; Enable parallel Assembler and TimeQuest Timing Analyzer during compilation      ; On                 ; On                 ;
; Enable compact report table                                                     ; Off                ; Off                ;
; Restructure Multiplexers                                                        ; Auto               ; Auto               ;
; MLAB Add Timing Constraints For Mixed-Port Feed-Through Mode Setting Don't Care ; Off                ; Off                ;
; Create Debugging Nodes for IP Cores                                             ; Off                ; Off                ;
; Preserve fewer node names                                                       ; On                 ; On                 ;
; Intel FPGA IP Evaluation Mode                                                   ; Enable             ; Enable             ;
; Verilog Version                                                                 ; Verilog_2001       ; Verilog_2001       ;
; VHDL Version                                                                    ; VHDL_1993          ; VHDL_1993          ;
; State Machine Processing                                                        ; Auto               ; Auto               ;
; Safe State Machine                                                              ; Off                ; Off                ;
; Extract Verilog State Machines                                                  ; On                 ; On                 ;
; Extract VHDL State Machines                                                     ; On                 ; On                 ;
; Ignore Verilog initial constructs                                               ; Off                ; Off                ;
; Iteration limit for constant Verilog loops                                      ; 5000               ; 5000               ;
; Iteration limit for non-constant Verilog loops                                  ; 250                ; 250                ;
; Add Pass-Through Logic to Inferred RAMs                                         ; On                 ; On                 ;
; Infer RAMs from Raw Logic                                                       ; On                 ; On                 ;
; Parallel Synthesis                                                              ; On                 ; On                 ;
; DSP Block Balancing                                                             ; Auto               ; Auto               ;
; NOT Gate Push-Back                                                              ; On                 ; On                 ;
; Power-Up Don't Care                                                             ; On                 ; On                 ;
; Remove Redundant Logic Cells                                                    ; Off                ; Off                ;
; Remove Duplicate Registers                                                      ; On                 ; On                 ;
; Ignore CARRY Buffers                                                            ; Off                ; Off                ;
; Ignore CASCADE Buffers                                                          ; Off                ; Off                ;
; Ignore GLOBAL Buffers                                                           ; Off                ; Off                ;
; Ignore ROW GLOBAL Buffers                                                       ; Off                ; Off                ;
; Ignore LCELL Buffers                                                            ; Off                ; Off                ;
; Ignore SOFT Buffers                                                             ; On                 ; On                 ;
; Limit AHDL Integers to 32 Bits                                                  ; Off                ; Off                ;
; Optimization Technique                                                          ; Balanced           ; Balanced           ;
; Carry Chain Length                                                              ; 70                 ; 70                 ;
; Auto Carry Chains                                                               ; On                 ; On                 ;
; Auto Open-Drain Pins                                                            ; On                 ; On                 ;
; Perform WYSIWYG Primitive Resynthesis                                           ; Off                ; Off                ;
; Auto ROM Replacement                                                            ; On                 ; On                 ;
; Auto RAM Replacement                                                            ; On                 ; On                 ;
; Auto DSP Block Replacement                                                      ; On                 ; On                 ;
; Auto Shift Register Replacement                                                 ; Auto               ; Auto               ;
; Allow Shift Register Merging across Hierarchies                                 ; Auto               ; Auto               ;
; Auto Clock Enable Replacement                                                   ; On                 ; On                 ;
; Strict RAM Replacement                                                          ; Off                ; Off                ;
; Allow Synchronous Control Signals                                               ; On                 ; On                 ;
; Force Use of Synchronous Clear Signals                                          ; Off                ; Off                ;
; Auto Resource Sharing                                                           ; Off                ; Off                ;
; Allow Any RAM Size For Recognition                                              ; Off                ; Off                ;
; Allow Any ROM Size For Recognition                                              ; Off                ; Off                ;
; Allow Any Shift Register Size For Recognition                                   ; Off                ; Off                ;
; Use LogicLock Constraints during Resource Balancing                             ; On                 ; On                 ;
; Ignore translate_off and synthesis_off directives                               ; Off                ; Off                ;
; Timing-Driven Synthesis                                                         ; On                 ; On                 ;
; Report Parameter Settings                                                       ; On                 ; On                 ;
; Report Source Assignments                                                       ; On                 ; On                 ;
; Report Connectivity Checks                                                      ; On                 ; On                 ;
; Ignore Maximum Fan-Out Assignments                                              ; Off                ; Off                ;
; Synchronization Register Chain Length                                           ; 3                  ; 3                  ;
; Power Optimization During Synthesis                                             ; Normal compilation ; Normal compilation ;
; HDL message level                                                               ; Level2             ; Level2             ;
; Suppress Register Optimization Related Messages                                 ; Off                ; Off                ;
; Number of Removed Registers Reported in Synthesis Report                        ; 5000               ; 5000               ;
; Number of Swept Nodes Reported in Synthesis Report                              ; 5000               ; 5000               ;
; Number of Inverted Registers Reported in Synthesis Report                       ; 100                ; 100                ;
; Clock MUX Protection                                                            ; On                 ; On                 ;
; Auto Gated Clock Conversion                                                     ; Off                ; Off                ;
; Block Design Naming                                                             ; Auto               ; Auto               ;
; SDC constraint protection                                                       ; Off                ; Off                ;
; Synthesis Effort                                                                ; Auto               ; Auto               ;
; Shift Register Replacement - Allow Asynchronous Clear Signal                    ; On                 ; On                 ;
; Pre-Mapping Resynthesis Optimization                                            ; Off                ; Off                ;
; Analysis & Synthesis Message Level                                              ; Medium             ; Medium             ;
; Disable Register Merging Across Hierarchies                                     ; Auto               ; Auto               ;
; Resource Aware Inference For Block RAM                                          ; On                 ; On                 ;
; Automatic Parallel Synthesis                                                    ; On                 ; On                 ;
; Partial Reconfiguration Bitstream ID                                            ; Off                ; Off                ;
+---------------------------------------------------------------------------------+--------------------+--------------------+


+------------------------------------------+
; Parallel Compilation                     ;
+----------------------------+-------------+
; Processors                 ; Number      ;
+----------------------------+-------------+
; Number detected on machine ; 12          ;
; Maximum allowed            ; 6           ;
;                            ;             ;
; Average used               ; 1.00        ;
; Maximum used               ; 6           ;
;                            ;             ;
; Usage by Processor         ; % Time Used ;
;     Processor 1            ; 100.0%      ;
;     Processors 2-6         ;   0.0%      ;
+----------------------------+-------------+


+--------------------------------------------------------------------------------------------------------------------------------------------------------------------------------------------------------+
; Analysis & Synthesis Source Files Read                                                                                                                                                                 ;
+----------------------------------+-----------------+------------------------+----------------------------------------------------------------------------------------------------------------+---------+
; File Name with User-Entered Path ; Used in Netlist ; File Type              ; File Name with Absolute Path                                                                                   ; Library ;
+----------------------------------+-----------------+------------------------+----------------------------------------------------------------------------------------------------------------+---------+
; MathFun.vh                       ; yes             ; User Unspecified File  ; W:/www/MUISE/Sistemas digitales programables/Practica1 Subir/SDP-laboratories/Practica3/MathFun.vh             ;         ;
; contador.v                       ; yes             ; User Verilog HDL File  ; W:/www/MUISE/Sistemas digitales programables/Practica1 Subir/SDP-laboratories/Practica3/contador.v             ;         ;
; pll_ltm/pll_ltm_0002.v           ; yes             ; User Verilog HDL File  ; W:/www/MUISE/Sistemas digitales programables/Practica1 Subir/SDP-laboratories/Practica3/pll_ltm/pll_ltm_0002.v ; pll_ltm ;
; LCD_SYNC.v                       ; yes             ; User Verilog HDL File  ; W:/www/MUISE/Sistemas digitales programables/Practica1 Subir/SDP-laboratories/Practica3/LCD_SYNC.v             ;         ;
; altera_pll.v                     ; yes             ; Megafunction           ; c:/intelfpga/17.1/quartus/libraries/megafunctions/altera_pll.v                                                 ;         ;
+----------------------------------+-----------------+------------------------+----------------------------------------------------------------------------------------------------------------+---------+


+-------------------------------------------------------------------------------------------------------+
; Analysis & Synthesis Resource Usage Summary                                                           ;
+---------------------------------------------+---------------------------------------------------------+
; Resource                                    ; Usage                                                   ;
+---------------------------------------------+---------------------------------------------------------+
; Estimate of Logic utilization (ALMs needed) ; 8                                                       ;
;                                             ;                                                         ;
; Combinational ALUT usage for logic          ; 15                                                      ;
;     -- 7 input functions                    ; 0                                                       ;
;     -- 6 input functions                    ; 0                                                       ;
;     -- 5 input functions                    ; 2                                                       ;
;     -- 4 input functions                    ; 2                                                       ;
;     -- <=3 input functions                  ; 11                                                      ;
;                                             ;                                                         ;
; Dedicated logic registers                   ; 11                                                      ;
;                                             ;                                                         ;
; I/O pins                                    ; 30                                                      ;
;                                             ;                                                         ;
; Total DSP Blocks                            ; 0                                                       ;
;                                             ;                                                         ;
; Total PLLs                                  ; 1                                                       ;
;     -- PLLs                                 ; 1                                                       ;
;                                             ;                                                         ;
; Maximum fan-out node                        ; pll_ltm_0002:PLL|altera_pll:altera_pll_i|outclk_wire[0] ;
; Maximum fan-out                             ; 13                                                      ;
; Total fan-out                               ; 107                                                     ;
; Average fan-out                             ; 1.23                                                    ;
+---------------------------------------------+---------------------------------------------------------+


+-----------------------------------------------------------------------------------------------------------------------------------------------------------------------------------------------------------------------------+
; Analysis & Synthesis Resource Utilization by Entity                                                                                                                                                                         ;
+---------------------------------+---------------------+---------------------------+-------------------+------------+------+--------------+----------------------------------------------------+--------------+--------------+
; Compilation Hierarchy Node      ; Combinational ALUTs ; Dedicated Logic Registers ; Block Memory Bits ; DSP Blocks ; Pins ; Virtual Pins ; Full Hierarchy Name                                ; Entity Name  ; Library Name ;
+---------------------------------+---------------------+---------------------------+-------------------+------------+------+--------------+----------------------------------------------------+--------------+--------------+
; |LCD_SYNC                       ; 15 (0)              ; 11 (0)                    ; 0                 ; 0          ; 30   ; 0            ; |LCD_SYNC                                          ; LCD_SYNC     ; work         ;
;    |contador:HCOUNT|            ; 15 (15)             ; 11 (11)                   ; 0                 ; 0          ; 0    ; 0            ; |LCD_SYNC|contador:HCOUNT                          ; contador     ; work         ;
;    |pll_ltm_0002:PLL|           ; 0 (0)               ; 0 (0)                     ; 0                 ; 0          ; 0    ; 0            ; |LCD_SYNC|pll_ltm_0002:PLL                         ; pll_ltm_0002 ; pll_ltm      ;
;       |altera_pll:altera_pll_i| ; 0 (0)               ; 0 (0)                     ; 0                 ; 0          ; 0    ; 0            ; |LCD_SYNC|pll_ltm_0002:PLL|altera_pll:altera_pll_i ; altera_pll   ; work         ;
+---------------------------------+---------------------+---------------------------+-------------------+------------+------+--------------+----------------------------------------------------+--------------+--------------+
Note: For table entries with two numbers listed, the numbers in parentheses indicate the number of resources of the given type used by the specific entity alone. The numbers listed outside of parentheses indicate the total resources of the given type used by the specific entity and all of its sub-entities in the hierarchy.


+------------------------------------------------------+
; General Register Statistics                          ;
+----------------------------------------------+-------+
; Statistic                                    ; Value ;
+----------------------------------------------+-------+
; Total registers                              ; 11    ;
; Number of registers using Synchronous Clear  ; 11    ;
; Number of registers using Synchronous Load   ; 0     ;
; Number of registers using Asynchronous Clear ; 0     ;
; Number of registers using Asynchronous Load  ; 0     ;
; Number of registers using Clock Enable       ; 0     ;
; Number of registers using Preset             ; 0     ;
+----------------------------------------------+-------+


+---------------------------------------------------------------------------------------------------------------------------------------------------+
; Multiplexer Restructuring Statistics (Restructuring Performed)                                                                                    ;
+--------------------+-----------+---------------+----------------------+------------------------+------------+-------------------------------------+
; Multiplexer Inputs ; Bus Width ; Baseline Area ; Area if Restructured ; Saving if Restructured ; Registered ; Example Multiplexer Output          ;
+--------------------+-----------+---------------+----------------------+------------------------+------------+-------------------------------------+
; 3:1                ; 11 bits   ; 22 LEs        ; 0 LEs                ; 22 LEs                 ; Yes        ; |LCD_SYNC|contador:HCOUNT|oCOUNT[5] ;
+--------------------+-----------+---------------+----------------------+------------------------+------------+-------------------------------------+


+--------------------------------------------------------------+
; Parameter Settings for User Entity Instance: contador:HCOUNT ;
+----------------+-------+-------------------------------------+
; Parameter Name ; Value ; Type                                ;
+----------------+-------+-------------------------------------+
; fin_cuenta     ; 1056  ; Signed Integer                      ;
; n              ; 11    ; Signed Integer                      ;
+----------------+-------+-------------------------------------+
Note: In order to hide this table in the UI and the text report file, please set the "Show Parameter Settings in Synthesis Report" option in "Analysis and Synthesis Settings -> More Settings" to "Off".


+--------------------------------------------------------------+
; Parameter Settings for User Entity Instance: contador:VCOUNT ;
+----------------+-------+-------------------------------------+
; Parameter Name ; Value ; Type                                ;
+----------------+-------+-------------------------------------+
; fin_cuenta     ; 525   ; Signed Integer                      ;
; n              ; 10    ; Signed Integer                      ;
+----------------+-------+-------------------------------------+
Note: In order to hide this table in the UI and the text report file, please set the "Show Parameter Settings in Synthesis Report" option in "Analysis and Synthesis Settings -> More Settings" to "Off".


+---------------------------------------------------------------------------------------+
; Parameter Settings for User Entity Instance: pll_ltm_0002:PLL|altera_pll:altera_pll_i ;
+--------------------------------------+------------------------+-----------------------+
; Parameter Name                       ; Value                  ; Type                  ;
+--------------------------------------+------------------------+-----------------------+
; reference_clock_frequency            ; 50.0 MHz               ; String                ;
; fractional_vco_multiplier            ; false                  ; String                ;
; pll_type                             ; General                ; String                ;
; pll_subtype                          ; General                ; String                ;
; number_of_clocks                     ; 1                      ; Signed Integer        ;
; operation_mode                       ; direct                 ; String                ;
; deserialization_factor               ; 4                      ; Signed Integer        ;
; data_rate                            ; 0                      ; Signed Integer        ;
; sim_additional_refclk_cycles_to_lock ; 0                      ; Signed Integer        ;
; output_clock_frequency0              ; 25.000000 MHz          ; String                ;
; phase_shift0                         ; 0 ps                   ; String                ;
; duty_cycle0                          ; 50                     ; Signed Integer        ;
; output_clock_frequency1              ; 0 MHz                  ; String                ;
; phase_shift1                         ; 0 ps                   ; String                ;
; duty_cycle1                          ; 50                     ; Signed Integer        ;
; output_clock_frequency2              ; 0 MHz                  ; String                ;
; phase_shift2                         ; 0 ps                   ; String                ;
; duty_cycle2                          ; 50                     ; Signed Integer        ;
; output_clock_frequency3              ; 0 MHz                  ; String                ;
; phase_shift3                         ; 0 ps                   ; String                ;
; duty_cycle3                          ; 50                     ; Signed Integer        ;
; output_clock_frequency4              ; 0 MHz                  ; String                ;
; phase_shift4                         ; 0 ps                   ; String                ;
; duty_cycle4                          ; 50                     ; Signed Integer        ;
; output_clock_frequency5              ; 0 MHz                  ; String                ;
; phase_shift5                         ; 0 ps                   ; String                ;
; duty_cycle5                          ; 50                     ; Signed Integer        ;
; output_clock_frequency6              ; 0 MHz                  ; String                ;
; phase_shift6                         ; 0 ps                   ; String                ;
; duty_cycle6                          ; 50                     ; Signed Integer        ;
; output_clock_frequency7              ; 0 MHz                  ; String                ;
; phase_shift7                         ; 0 ps                   ; String                ;
; duty_cycle7                          ; 50                     ; Signed Integer        ;
; output_clock_frequency8              ; 0 MHz                  ; String                ;
; phase_shift8                         ; 0 ps                   ; String                ;
; duty_cycle8                          ; 50                     ; Signed Integer        ;
; output_clock_frequency9              ; 0 MHz                  ; String                ;
; phase_shift9                         ; 0 ps                   ; String                ;
; duty_cycle9                          ; 50                     ; Signed Integer        ;
; output_clock_frequency10             ; 0 MHz                  ; String                ;
; phase_shift10                        ; 0 ps                   ; String                ;
; duty_cycle10                         ; 50                     ; Signed Integer        ;
; output_clock_frequency11             ; 0 MHz                  ; String                ;
; phase_shift11                        ; 0 ps                   ; String                ;
; duty_cycle11                         ; 50                     ; Signed Integer        ;
; output_clock_frequency12             ; 0 MHz                  ; String                ;
; phase_shift12                        ; 0 ps                   ; String                ;
; duty_cycle12                         ; 50                     ; Signed Integer        ;
; output_clock_frequency13             ; 0 MHz                  ; String                ;
; phase_shift13                        ; 0 ps                   ; String                ;
; duty_cycle13                         ; 50                     ; Signed Integer        ;
; output_clock_frequency14             ; 0 MHz                  ; String                ;
; phase_shift14                        ; 0 ps                   ; String                ;
; duty_cycle14                         ; 50                     ; Signed Integer        ;
; output_clock_frequency15             ; 0 MHz                  ; String                ;
; phase_shift15                        ; 0 ps                   ; String                ;
; duty_cycle15                         ; 50                     ; Signed Integer        ;
; output_clock_frequency16             ; 0 MHz                  ; String                ;
; phase_shift16                        ; 0 ps                   ; String                ;
; duty_cycle16                         ; 50                     ; Signed Integer        ;
; output_clock_frequency17             ; 0 MHz                  ; String                ;
; phase_shift17                        ; 0 ps                   ; String                ;
; duty_cycle17                         ; 50                     ; Signed Integer        ;
; clock_name_0                         ;                        ; String                ;
; clock_name_1                         ;                        ; String                ;
; clock_name_2                         ;                        ; String                ;
; clock_name_3                         ;                        ; String                ;
; clock_name_4                         ;                        ; String                ;
; clock_name_5                         ;                        ; String                ;
; clock_name_6                         ;                        ; String                ;
; clock_name_7                         ;                        ; String                ;
; clock_name_8                         ;                        ; String                ;
; clock_name_global_0                  ; false                  ; String                ;
; clock_name_global_1                  ; false                  ; String                ;
; clock_name_global_2                  ; false                  ; String                ;
; clock_name_global_3                  ; false                  ; String                ;
; clock_name_global_4                  ; false                  ; String                ;
; clock_name_global_5                  ; false                  ; String                ;
; clock_name_global_6                  ; false                  ; String                ;
; clock_name_global_7                  ; false                  ; String                ;
; clock_name_global_8                  ; false                  ; String                ;
; m_cnt_hi_div                         ; 1                      ; Signed Integer        ;
; m_cnt_lo_div                         ; 1                      ; Signed Integer        ;
; m_cnt_bypass_en                      ; false                  ; String                ;
; m_cnt_odd_div_duty_en                ; false                  ; String                ;
; n_cnt_hi_div                         ; 1                      ; Signed Integer        ;
; n_cnt_lo_div                         ; 1                      ; Signed Integer        ;
; n_cnt_bypass_en                      ; false                  ; String                ;
; n_cnt_odd_div_duty_en                ; false                  ; String                ;
; c_cnt_hi_div0                        ; 1                      ; Signed Integer        ;
; c_cnt_lo_div0                        ; 1                      ; Signed Integer        ;
; c_cnt_bypass_en0                     ; false                  ; String                ;
; c_cnt_in_src0                        ; ph_mux_clk             ; String                ;
; c_cnt_odd_div_duty_en0               ; false                  ; String                ;
; c_cnt_prst0                          ; 1                      ; Signed Integer        ;
; c_cnt_ph_mux_prst0                   ; 0                      ; Signed Integer        ;
; c_cnt_hi_div1                        ; 1                      ; Signed Integer        ;
; c_cnt_lo_div1                        ; 1                      ; Signed Integer        ;
; c_cnt_bypass_en1                     ; false                  ; String                ;
; c_cnt_in_src1                        ; ph_mux_clk             ; String                ;
; c_cnt_odd_div_duty_en1               ; false                  ; String                ;
; c_cnt_prst1                          ; 1                      ; Signed Integer        ;
; c_cnt_ph_mux_prst1                   ; 0                      ; Signed Integer        ;
; c_cnt_hi_div2                        ; 1                      ; Signed Integer        ;
; c_cnt_lo_div2                        ; 1                      ; Signed Integer        ;
; c_cnt_bypass_en2                     ; false                  ; String                ;
; c_cnt_in_src2                        ; ph_mux_clk             ; String                ;
; c_cnt_odd_div_duty_en2               ; false                  ; String                ;
; c_cnt_prst2                          ; 1                      ; Signed Integer        ;
; c_cnt_ph_mux_prst2                   ; 0                      ; Signed Integer        ;
; c_cnt_hi_div3                        ; 1                      ; Signed Integer        ;
; c_cnt_lo_div3                        ; 1                      ; Signed Integer        ;
; c_cnt_bypass_en3                     ; false                  ; String                ;
; c_cnt_in_src3                        ; ph_mux_clk             ; String                ;
; c_cnt_odd_div_duty_en3               ; false                  ; String                ;
; c_cnt_prst3                          ; 1                      ; Signed Integer        ;
; c_cnt_ph_mux_prst3                   ; 0                      ; Signed Integer        ;
; c_cnt_hi_div4                        ; 1                      ; Signed Integer        ;
; c_cnt_lo_div4                        ; 1                      ; Signed Integer        ;
; c_cnt_bypass_en4                     ; false                  ; String                ;
; c_cnt_in_src4                        ; ph_mux_clk             ; String                ;
; c_cnt_odd_div_duty_en4               ; false                  ; String                ;
; c_cnt_prst4                          ; 1                      ; Signed Integer        ;
; c_cnt_ph_mux_prst4                   ; 0                      ; Signed Integer        ;
; c_cnt_hi_div5                        ; 1                      ; Signed Integer        ;
; c_cnt_lo_div5                        ; 1                      ; Signed Integer        ;
; c_cnt_bypass_en5                     ; false                  ; String                ;
; c_cnt_in_src5                        ; ph_mux_clk             ; String                ;
; c_cnt_odd_div_duty_en5               ; false                  ; String                ;
; c_cnt_prst5                          ; 1                      ; Signed Integer        ;
; c_cnt_ph_mux_prst5                   ; 0                      ; Signed Integer        ;
; c_cnt_hi_div6                        ; 1                      ; Signed Integer        ;
; c_cnt_lo_div6                        ; 1                      ; Signed Integer        ;
; c_cnt_bypass_en6                     ; false                  ; String                ;
; c_cnt_in_src6                        ; ph_mux_clk             ; String                ;
; c_cnt_odd_div_duty_en6               ; false                  ; String                ;
; c_cnt_prst6                          ; 1                      ; Signed Integer        ;
; c_cnt_ph_mux_prst6                   ; 0                      ; Signed Integer        ;
; c_cnt_hi_div7                        ; 1                      ; Signed Integer        ;
; c_cnt_lo_div7                        ; 1                      ; Signed Integer        ;
; c_cnt_bypass_en7                     ; false                  ; String                ;
; c_cnt_in_src7                        ; ph_mux_clk             ; String                ;
; c_cnt_odd_div_duty_en7               ; false                  ; String                ;
; c_cnt_prst7                          ; 1                      ; Signed Integer        ;
; c_cnt_ph_mux_prst7                   ; 0                      ; Signed Integer        ;
; c_cnt_hi_div8                        ; 1                      ; Signed Integer        ;
; c_cnt_lo_div8                        ; 1                      ; Signed Integer        ;
; c_cnt_bypass_en8                     ; false                  ; String                ;
; c_cnt_in_src8                        ; ph_mux_clk             ; String                ;
; c_cnt_odd_div_duty_en8               ; false                  ; String                ;
; c_cnt_prst8                          ; 1                      ; Signed Integer        ;
; c_cnt_ph_mux_prst8                   ; 0                      ; Signed Integer        ;
; c_cnt_hi_div9                        ; 1                      ; Signed Integer        ;
; c_cnt_lo_div9                        ; 1                      ; Signed Integer        ;
; c_cnt_bypass_en9                     ; false                  ; String                ;
; c_cnt_in_src9                        ; ph_mux_clk             ; String                ;
; c_cnt_odd_div_duty_en9               ; false                  ; String                ;
; c_cnt_prst9                          ; 1                      ; Signed Integer        ;
; c_cnt_ph_mux_prst9                   ; 0                      ; Signed Integer        ;
; c_cnt_hi_div10                       ; 1                      ; Signed Integer        ;
; c_cnt_lo_div10                       ; 1                      ; Signed Integer        ;
; c_cnt_bypass_en10                    ; false                  ; String                ;
; c_cnt_in_src10                       ; ph_mux_clk             ; String                ;
; c_cnt_odd_div_duty_en10              ; false                  ; String                ;
; c_cnt_prst10                         ; 1                      ; Signed Integer        ;
; c_cnt_ph_mux_prst10                  ; 0                      ; Signed Integer        ;
; c_cnt_hi_div11                       ; 1                      ; Signed Integer        ;
; c_cnt_lo_div11                       ; 1                      ; Signed Integer        ;
; c_cnt_bypass_en11                    ; false                  ; String                ;
; c_cnt_in_src11                       ; ph_mux_clk             ; String                ;
; c_cnt_odd_div_duty_en11              ; false                  ; String                ;
; c_cnt_prst11                         ; 1                      ; Signed Integer        ;
; c_cnt_ph_mux_prst11                  ; 0                      ; Signed Integer        ;
; c_cnt_hi_div12                       ; 1                      ; Signed Integer        ;
; c_cnt_lo_div12                       ; 1                      ; Signed Integer        ;
; c_cnt_bypass_en12                    ; false                  ; String                ;
; c_cnt_in_src12                       ; ph_mux_clk             ; String                ;
; c_cnt_odd_div_duty_en12              ; false                  ; String                ;
; c_cnt_prst12                         ; 1                      ; Signed Integer        ;
; c_cnt_ph_mux_prst12                  ; 0                      ; Signed Integer        ;
; c_cnt_hi_div13                       ; 1                      ; Signed Integer        ;
; c_cnt_lo_div13                       ; 1                      ; Signed Integer        ;
; c_cnt_bypass_en13                    ; false                  ; String                ;
; c_cnt_in_src13                       ; ph_mux_clk             ; String                ;
; c_cnt_odd_div_duty_en13              ; false                  ; String                ;
; c_cnt_prst13                         ; 1                      ; Signed Integer        ;
; c_cnt_ph_mux_prst13                  ; 0                      ; Signed Integer        ;
; c_cnt_hi_div14                       ; 1                      ; Signed Integer        ;
; c_cnt_lo_div14                       ; 1                      ; Signed Integer        ;
; c_cnt_bypass_en14                    ; false                  ; String                ;
; c_cnt_in_src14                       ; ph_mux_clk             ; String                ;
; c_cnt_odd_div_duty_en14              ; false                  ; String                ;
; c_cnt_prst14                         ; 1                      ; Signed Integer        ;
; c_cnt_ph_mux_prst14                  ; 0                      ; Signed Integer        ;
; c_cnt_hi_div15                       ; 1                      ; Signed Integer        ;
; c_cnt_lo_div15                       ; 1                      ; Signed Integer        ;
; c_cnt_bypass_en15                    ; false                  ; String                ;
; c_cnt_in_src15                       ; ph_mux_clk             ; String                ;
; c_cnt_odd_div_duty_en15              ; false                  ; String                ;
; c_cnt_prst15                         ; 1                      ; Signed Integer        ;
; c_cnt_ph_mux_prst15                  ; 0                      ; Signed Integer        ;
; c_cnt_hi_div16                       ; 1                      ; Signed Integer        ;
; c_cnt_lo_div16                       ; 1                      ; Signed Integer        ;
; c_cnt_bypass_en16                    ; false                  ; String                ;
; c_cnt_in_src16                       ; ph_mux_clk             ; String                ;
; c_cnt_odd_div_duty_en16              ; false                  ; String                ;
; c_cnt_prst16                         ; 1                      ; Signed Integer        ;
; c_cnt_ph_mux_prst16                  ; 0                      ; Signed Integer        ;
; c_cnt_hi_div17                       ; 1                      ; Signed Integer        ;
; c_cnt_lo_div17                       ; 1                      ; Signed Integer        ;
; c_cnt_bypass_en17                    ; false                  ; String                ;
; c_cnt_in_src17                       ; ph_mux_clk             ; String                ;
; c_cnt_odd_div_duty_en17              ; false                  ; String                ;
; c_cnt_prst17                         ; 1                      ; Signed Integer        ;
; c_cnt_ph_mux_prst17                  ; 0                      ; Signed Integer        ;
; pll_vco_div                          ; 1                      ; Signed Integer        ;
; pll_slf_rst                          ; false                  ; String                ;
; pll_bw_sel                           ; low                    ; String                ;
; pll_output_clk_frequency             ; 0 MHz                  ; String                ;
; pll_cp_current                       ; 0                      ; Signed Integer        ;
; pll_bwctrl                           ; 0                      ; Signed Integer        ;
; pll_fractional_division              ; 1                      ; Signed Integer        ;
; pll_fractional_cout                  ; 24                     ; Signed Integer        ;
; pll_dsm_out_sel                      ; 1st_order              ; String                ;
; mimic_fbclk_type                     ; gclk                   ; String                ;
; pll_fbclk_mux_1                      ; glb                    ; String                ;
; pll_fbclk_mux_2                      ; fb_1                   ; String                ;
; pll_m_cnt_in_src                     ; ph_mux_clk             ; String                ;
; pll_vcoph_div                        ; 1                      ; Signed Integer        ;
; refclk1_frequency                    ; 0 MHz                  ; String                ;
; pll_clkin_0_src                      ; clk_0                  ; String                ;
; pll_clkin_1_src                      ; clk_0                  ; String                ;
; pll_clk_loss_sw_en                   ; false                  ; String                ;
; pll_auto_clk_sw_en                   ; false                  ; String                ;
; pll_manu_clk_sw_en                   ; false                  ; String                ;
; pll_clk_sw_dly                       ; 0                      ; Signed Integer        ;
; pll_extclk_0_cnt_src                 ; pll_extclk_cnt_src_vss ; String                ;
; pll_extclk_1_cnt_src                 ; pll_extclk_cnt_src_vss ; String                ;
+--------------------------------------+------------------------+-----------------------+
Note: In order to hide this table in the UI and the text report file, please set the "Show Parameter Settings in Synthesis Report" option in "Analysis and Synthesis Settings -> More Settings" to "Off".


+--------------------------------------------------------------------------------------------------------------------------------------------------------------------------------------+
; Port Connectivity Checks: "pll_ltm_0002:PLL|altera_pll:altera_pll_i"                                                                                                                 ;
+-------------------+--------+----------+----------------------------------------------------------------------------------------------------------------------------------------------+
; Port              ; Type   ; Severity ; Details                                                                                                                                      ;
+-------------------+--------+----------+----------------------------------------------------------------------------------------------------------------------------------------------+
; fboutclk          ; Output ; Info     ; Explicitly unconnected                                                                                                                       ;
; fbclk             ; Input  ; Info     ; Stuck at GND                                                                                                                                 ;
; refclk1           ; Input  ; Warning  ; Declared by entity but not connected by instance. If a default value exists, it will be used.  Otherwise, the port will be connected to GND. ;
; phase_en          ; Input  ; Warning  ; Declared by entity but not connected by instance. If a default value exists, it will be used.  Otherwise, the port will be connected to GND. ;
; updn              ; Input  ; Warning  ; Declared by entity but not connected by instance. If a default value exists, it will be used.  Otherwise, the port will be connected to GND. ;
; num_phase_shifts  ; Input  ; Warning  ; Declared by entity but not connected by instance. If a default value exists, it will be used.  Otherwise, the port will be connected to GND. ;
; scanclk           ; Input  ; Warning  ; Declared by entity but not connected by instance. If a default value exists, it will be used.  Otherwise, the port will be connected to GND. ;
; cntsel            ; Input  ; Warning  ; Declared by entity but not connected by instance. If a default value exists, it will be used.  Otherwise, the port will be connected to GND. ;
; reconfig_to_pll   ; Input  ; Warning  ; Declared by entity but not connected by instance. If a default value exists, it will be used.  Otherwise, the port will be connected to GND. ;
; extswitch         ; Input  ; Warning  ; Declared by entity but not connected by instance. If a default value exists, it will be used.  Otherwise, the port will be connected to GND. ;
; adjpllin          ; Input  ; Warning  ; Declared by entity but not connected by instance. If a default value exists, it will be used.  Otherwise, the port will be connected to GND. ;
; cclk              ; Input  ; Warning  ; Declared by entity but not connected by instance. If a default value exists, it will be used.  Otherwise, the port will be connected to GND. ;
; phase_done        ; Output ; Warning  ; Declared by entity but not connected by instance. Logic that only feeds a dangling port will be removed.                                     ;
; reconfig_from_pll ; Output ; Warning  ; Declared by entity but not connected by instance. Logic that only feeds a dangling port will be removed.                                     ;
; activeclk         ; Output ; Warning  ; Declared by entity but not connected by instance. Logic that only feeds a dangling port will be removed.                                     ;
; clkbad            ; Output ; Warning  ; Declared by entity but not connected by instance. Logic that only feeds a dangling port will be removed.                                     ;
; phout             ; Output ; Warning  ; Declared by entity but not connected by instance. Logic that only feeds a dangling port will be removed.                                     ;
; lvds_clk          ; Output ; Warning  ; Declared by entity but not connected by instance. Logic that only feeds a dangling port will be removed.                                     ;
; loaden            ; Output ; Warning  ; Declared by entity but not connected by instance. Logic that only feeds a dangling port will be removed.                                     ;
; extclk_out        ; Output ; Warning  ; Declared by entity but not connected by instance. Logic that only feeds a dangling port will be removed.                                     ;
; cascade_out       ; Output ; Warning  ; Declared by entity but not connected by instance. Logic that only feeds a dangling port will be removed.                                     ;
; zdbfbclk          ; Bidir  ; Warning  ; Declared by entity but not connected by instance. Logic that only feeds a dangling port will be removed.                                     ;
+-------------------+--------+----------+----------------------------------------------------------------------------------------------------------------------------------------------+


+---------------------------------------------------------------------------------------------------------------------------------------+
; Port Connectivity Checks: "pll_ltm_0002:PLL"                                                                                          ;
+--------+--------+----------+----------------------------------------------------------------------------------------------------------+
; Port   ; Type   ; Severity ; Details                                                                                                  ;
+--------+--------+----------+----------------------------------------------------------------------------------------------------------+
; locked ; Output ; Warning  ; Declared by entity but not connected by instance. Logic that only feeds a dangling port will be removed. ;
+--------+--------+----------+----------------------------------------------------------------------------------------------------------+


+-----------------------------------------------------------------------------------------------------------------------------------------------------------------------------------------------------------------------+
; Port Connectivity Checks: "contador:VCOUNT"                                                                                                                                                                           ;
+--------------+--------+----------+------------------------------------------------------------------------------------------------------------------------------------------------------------------------------------+
; Port         ; Type   ; Severity ; Details                                                                                                                                                                            ;
+--------------+--------+----------+------------------------------------------------------------------------------------------------------------------------------------------------------------------------------------+
; iUP_DOWN     ; Input  ; Warning  ; Input port expression (32 bits) is wider than the input port (1 bits) it drives.  The 31 most-significant bit(s) in the expression will be dangling if they have no other fanouts. ;
; iUP_DOWN[-1] ; Input  ; Info     ; Stuck at VCC                                                                                                                                                                       ;
; oCOUNT       ; Output ; Warning  ; Output or bidir port (10 bits) is wider than the port expression (1 bits) it drives; bit(s) "oCOUNT[9..1]" have no fanouts                                                         ;
; oCOUNT       ; Output ; Info     ; Connected to dangling logic. Logic that only feeds a dangling port will be removed.                                                                                                ;
; oTC          ; Output ; Info     ; Connected to dangling logic. Logic that only feeds a dangling port will be removed.                                                                                                ;
+--------------+--------+----------+------------------------------------------------------------------------------------------------------------------------------------------------------------------------------------+


+-----------------------------------------------------------------------------------------------------------------------------------------------------------------------------------------------------------------------+
; Port Connectivity Checks: "contador:HCOUNT"                                                                                                                                                                           ;
+--------------+--------+----------+------------------------------------------------------------------------------------------------------------------------------------------------------------------------------------+
; Port         ; Type   ; Severity ; Details                                                                                                                                                                            ;
+--------------+--------+----------+------------------------------------------------------------------------------------------------------------------------------------------------------------------------------------+
; iENABLE      ; Input  ; Warning  ; Input port expression (32 bits) is wider than the input port (1 bits) it drives.  The 31 most-significant bit(s) in the expression will be dangling if they have no other fanouts. ;
; iENABLE[-1]  ; Input  ; Info     ; Stuck at VCC                                                                                                                                                                       ;
; iUP_DOWN     ; Input  ; Warning  ; Input port expression (32 bits) is wider than the input port (1 bits) it drives.  The 31 most-significant bit(s) in the expression will be dangling if they have no other fanouts. ;
; iUP_DOWN[-1] ; Input  ; Info     ; Stuck at VCC                                                                                                                                                                       ;
; oCOUNT       ; Output ; Warning  ; Output or bidir port (11 bits) is wider than the port expression (1 bits) it drives; bit(s) "oCOUNT[10..1]" have no fanouts                                                        ;
; oCOUNT       ; Output ; Info     ; Connected to dangling logic. Logic that only feeds a dangling port will be removed.                                                                                                ;
+--------------+--------+----------+------------------------------------------------------------------------------------------------------------------------------------------------------------------------------------+


+-----------------------------------------------------+
; Post-Synthesis Netlist Statistics for Top Partition ;
+-----------------------+-----------------------------+
; Type                  ; Count                       ;
+-----------------------+-----------------------------+
; arriav_ff             ; 11                          ;
;     SCLR              ; 11                          ;
; arriav_lcell_comb     ; 17                          ;
;     arith             ; 11                          ;
;         1 data inputs ; 11                          ;
;     normal            ; 6                           ;
;         0 data inputs ; 1                           ;
;         1 data inputs ; 1                           ;
;         4 data inputs ; 2                           ;
;         5 data inputs ; 2                           ;
; boundary_port         ; 30                          ;
; generic_pll           ; 1                           ;
;                       ;                             ;
; Max LUT depth         ; 3.00                        ;
; Average LUT depth     ; 1.96                        ;
+-----------------------+-----------------------------+


+-------------------------------+
; Elapsed Time Per Partition    ;
+----------------+--------------+
; Partition Name ; Elapsed Time ;
+----------------+--------------+
; Top            ; 00:00:01     ;
+----------------+--------------+


+-------------------------------+
; Analysis & Synthesis Messages ;
+-------------------------------+
Info: *******************************************************************
Info: Running Quartus Prime Analysis & Synthesis
    Info: Version 17.1.1 Internal Build 593 12/11/2017 SJ Standard Edition
    Info: Processing started: Tue Nov 16 19:08:14 2021
Info: Command: quartus_map --read_settings_files=on --write_settings_files=off subtarea1 -c Practica3
Warning (18236): Number of processors has not been specified which may cause overloading on shared machines.  Set the global assignment NUM_PARALLEL_PROCESSORS in your QSF to an appropriate value for best performance.
Info (20030): Parallel compilation is enabled and will use 6 of the 6 processors detected
Info (12021): Found 1 design units, including 1 entities, in source file contador.v
    Info (12023): Found entity 1: contador File: W:/www/MUISE/Sistemas digitales programables/Practica1 Subir/SDP-laboratories/Practica3/contador.v Line: 27
Info (12021): Found 1 design units, including 1 entities, in source file pll_ltm.v
    Info (12023): Found entity 1: pll_ltm File: W:/www/MUISE/Sistemas digitales programables/Practica1 Subir/SDP-laboratories/Practica3/pll_ltm.v Line: 8
Info (12021): Found 1 design units, including 1 entities, in source file pll_ltm/pll_ltm_0002.v
    Info (12023): Found entity 1: pll_ltm_0002 File: W:/www/MUISE/Sistemas digitales programables/Practica1 Subir/SDP-laboratories/Practica3/pll_ltm/pll_ltm_0002.v Line: 2
Warning (10275): Verilog HDL Module Instantiation warning at LCD_SYNC.v(24): ignored dangling comma in List of Port Connections File: W:/www/MUISE/Sistemas digitales programables/Practica1 Subir/SDP-laboratories/Practica3/LCD_SYNC.v Line: 24
Info (12021): Found 1 design units, including 1 entities, in source file lcd_sync.v
    Info (12023): Found entity 1: LCD_SYNC File: W:/www/MUISE/Sistemas digitales programables/Practica1 Subir/SDP-laboratories/Practica3/LCD_SYNC.v Line: 1
Warning (10236): Verilog HDL Implicit Net warning at LCD_SYNC.v(13): created implicit net for "Columna" File: W:/www/MUISE/Sistemas digitales programables/Practica1 Subir/SDP-laboratories/Practica3/LCD_SYNC.v Line: 13
Warning (10236): Verilog HDL Implicit Net warning at LCD_SYNC.v(15): created implicit net for "EN_vCOUNT" File: W:/www/MUISE/Sistemas digitales programables/Practica1 Subir/SDP-laboratories/Practica3/LCD_SYNC.v Line: 15
Warning (10236): Verilog HDL Implicit Net warning at LCD_SYNC.v(15): created implicit net for "Fila" File: W:/www/MUISE/Sistemas digitales programables/Practica1 Subir/SDP-laboratories/Practica3/LCD_SYNC.v Line: 15
Warning (10236): Verilog HDL Implicit Net warning at LCD_SYNC.v(15): created implicit net for "TC_COUNT" File: W:/www/MUISE/Sistemas digitales programables/Practica1 Subir/SDP-laboratories/Practica3/LCD_SYNC.v Line: 15
Warning (10236): Verilog HDL Implicit Net warning at LCD_SYNC.v(18): created implicit net for "vD" File: W:/www/MUISE/Sistemas digitales programables/Practica1 Subir/SDP-laboratories/Practica3/LCD_SYNC.v Line: 18
Info (12127): Elaborating entity "LCD_SYNC" for the top level hierarchy
Warning (10036): Verilog HDL or VHDL warning at LCD_SYNC.v(18): object "vD" assigned a value but never read File: W:/www/MUISE/Sistemas digitales programables/Practica1 Subir/SDP-laboratories/Practica3/LCD_SYNC.v Line: 18
Warning (10034): Output port "Columnas" at LCD_SYNC.v(5) has no driver File: W:/www/MUISE/Sistemas digitales programables/Practica1 Subir/SDP-laboratories/Practica3/LCD_SYNC.v Line: 5
Warning (10034): Output port "Filas" at LCD_SYNC.v(8) has no driver File: W:/www/MUISE/Sistemas digitales programables/Practica1 Subir/SDP-laboratories/Practica3/LCD_SYNC.v Line: 8
Warning (10034): Output port "GREST" at LCD_SYNC.v(4) has no driver File: W:/www/MUISE/Sistemas digitales programables/Practica1 Subir/SDP-laboratories/Practica3/LCD_SYNC.v Line: 4
Warning (10034): Output port "VD" at LCD_SYNC.v(4) has no driver File: W:/www/MUISE/Sistemas digitales programables/Practica1 Subir/SDP-laboratories/Practica3/LCD_SYNC.v Line: 4
Warning (10034): Output port "DEN" at LCD_SYNC.v(4) has no driver File: W:/www/MUISE/Sistemas digitales programables/Practica1 Subir/SDP-laboratories/Practica3/LCD_SYNC.v Line: 4
Info (12128): Elaborating entity "contador" for hierarchy "contador:HCOUNT" File: W:/www/MUISE/Sistemas digitales programables/Practica1 Subir/SDP-laboratories/Practica3/LCD_SYNC.v Line: 13
Warning (10230): Verilog HDL assignment warning at contador.v(58): truncated value with size 32 to match size of target (11) File: W:/www/MUISE/Sistemas digitales programables/Practica1 Subir/SDP-laboratories/Practica3/contador.v Line: 58
Warning (10230): Verilog HDL assignment warning at contador.v(64): truncated value with size 32 to match size of target (11) File: W:/www/MUISE/Sistemas digitales programables/Practica1 Subir/SDP-laboratories/Practica3/contador.v Line: 64
Warning (10230): Verilog HDL assignment warning at contador.v(69): truncated value with size 32 to match size of target (11) File: W:/www/MUISE/Sistemas digitales programables/Practica1 Subir/SDP-laboratories/Practica3/contador.v Line: 69
Info (12128): Elaborating entity "contador" for hierarchy "contador:VCOUNT" File: W:/www/MUISE/Sistemas digitales programables/Practica1 Subir/SDP-laboratories/Practica3/LCD_SYNC.v Line: 15
Warning (10230): Verilog HDL assignment warning at contador.v(58): truncated value with size 32 to match size of target (10) File: W:/www/MUISE/Sistemas digitales programables/Practica1 Subir/SDP-laboratories/Practica3/contador.v Line: 58
Warning (10230): Verilog HDL assignment warning at contador.v(64): truncated value with size 32 to match size of target (10) File: W:/www/MUISE/Sistemas digitales programables/Practica1 Subir/SDP-laboratories/Practica3/contador.v Line: 64
Warning (10230): Verilog HDL assignment warning at contador.v(69): truncated value with size 32 to match size of target (10) File: W:/www/MUISE/Sistemas digitales programables/Practica1 Subir/SDP-laboratories/Practica3/contador.v Line: 69
Info (12128): Elaborating entity "pll_ltm_0002" for hierarchy "pll_ltm_0002:PLL" File: W:/www/MUISE/Sistemas digitales programables/Practica1 Subir/SDP-laboratories/Practica3/LCD_SYNC.v Line: 24
Info (12128): Elaborating entity "altera_pll" for hierarchy "pll_ltm_0002:PLL|altera_pll:altera_pll_i" File: W:/www/MUISE/Sistemas digitales programables/Practica1 Subir/SDP-laboratories/Practica3/pll_ltm/pll_ltm_0002.v Line: 85
Info (10008): Verilog HDL or VHDL information: EDA Netlist Writer cannot regroup multidimensional array "wire_to_nowhere_64" into its bus
Info (12130): Elaborated megafunction instantiation "pll_ltm_0002:PLL|altera_pll:altera_pll_i" File: W:/www/MUISE/Sistemas digitales programables/Practica1 Subir/SDP-laboratories/Practica3/pll_ltm/pll_ltm_0002.v Line: 85
Info (12133): Instantiated megafunction "pll_ltm_0002:PLL|altera_pll:altera_pll_i" with the following parameter: File: W:/www/MUISE/Sistemas digitales programables/Practica1 Subir/SDP-laboratories/Practica3/pll_ltm/pll_ltm_0002.v Line: 85
    Info (12134): Parameter "fractional_vco_multiplier" = "false"
    Info (12134): Parameter "reference_clock_frequency" = "50.0 MHz"
    Info (12134): Parameter "operation_mode" = "direct"
    Info (12134): Parameter "number_of_clocks" = "1"
    Info (12134): Parameter "output_clock_frequency0" = "25.000000 MHz"
    Info (12134): Parameter "phase_shift0" = "0 ps"
    Info (12134): Parameter "duty_cycle0" = "50"
    Info (12134): Parameter "output_clock_frequency1" = "0 MHz"
    Info (12134): Parameter "phase_shift1" = "0 ps"
    Info (12134): Parameter "duty_cycle1" = "50"
    Info (12134): Parameter "output_clock_frequency2" = "0 MHz"
    Info (12134): Parameter "phase_shift2" = "0 ps"
    Info (12134): Parameter "duty_cycle2" = "50"
    Info (12134): Parameter "output_clock_frequency3" = "0 MHz"
    Info (12134): Parameter "phase_shift3" = "0 ps"
    Info (12134): Parameter "duty_cycle3" = "50"
    Info (12134): Parameter "output_clock_frequency4" = "0 MHz"
    Info (12134): Parameter "phase_shift4" = "0 ps"
    Info (12134): Parameter "duty_cycle4" = "50"
    Info (12134): Parameter "output_clock_frequency5" = "0 MHz"
    Info (12134): Parameter "phase_shift5" = "0 ps"
    Info (12134): Parameter "duty_cycle5" = "50"
    Info (12134): Parameter "output_clock_frequency6" = "0 MHz"
    Info (12134): Parameter "phase_shift6" = "0 ps"
    Info (12134): Parameter "duty_cycle6" = "50"
    Info (12134): Parameter "output_clock_frequency7" = "0 MHz"
    Info (12134): Parameter "phase_shift7" = "0 ps"
    Info (12134): Parameter "duty_cycle7" = "50"
    Info (12134): Parameter "output_clock_frequency8" = "0 MHz"
    Info (12134): Parameter "phase_shift8" = "0 ps"
    Info (12134): Parameter "duty_cycle8" = "50"
    Info (12134): Parameter "output_clock_frequency9" = "0 MHz"
    Info (12134): Parameter "phase_shift9" = "0 ps"
    Info (12134): Parameter "duty_cycle9" = "50"
    Info (12134): Parameter "output_clock_frequency10" = "0 MHz"
    Info (12134): Parameter "phase_shift10" = "0 ps"
    Info (12134): Parameter "duty_cycle10" = "50"
    Info (12134): Parameter "output_clock_frequency11" = "0 MHz"
    Info (12134): Parameter "phase_shift11" = "0 ps"
    Info (12134): Parameter "duty_cycle11" = "50"
    Info (12134): Parameter "output_clock_frequency12" = "0 MHz"
    Info (12134): Parameter "phase_shift12" = "0 ps"
    Info (12134): Parameter "duty_cycle12" = "50"
    Info (12134): Parameter "output_clock_frequency13" = "0 MHz"
    Info (12134): Parameter "phase_shift13" = "0 ps"
    Info (12134): Parameter "duty_cycle13" = "50"
    Info (12134): Parameter "output_clock_frequency14" = "0 MHz"
    Info (12134): Parameter "phase_shift14" = "0 ps"
    Info (12134): Parameter "duty_cycle14" = "50"
    Info (12134): Parameter "output_clock_frequency15" = "0 MHz"
    Info (12134): Parameter "phase_shift15" = "0 ps"
    Info (12134): Parameter "duty_cycle15" = "50"
    Info (12134): Parameter "output_clock_frequency16" = "0 MHz"
    Info (12134): Parameter "phase_shift16" = "0 ps"
    Info (12134): Parameter "duty_cycle16" = "50"
    Info (12134): Parameter "output_clock_frequency17" = "0 MHz"
    Info (12134): Parameter "phase_shift17" = "0 ps"
    Info (12134): Parameter "duty_cycle17" = "50"
    Info (12134): Parameter "pll_type" = "General"
    Info (12134): Parameter "pll_subtype" = "General"
Warning (12241): 4 hierarchies have connectivity warnings - see the Connectivity Checks report folder
Warning (13024): Output pins are stuck at VCC or GND
    Warning (13410): Pin "GREST" is stuck at GND File: W:/www/MUISE/Sistemas digitales programables/Practica1 Subir/SDP-laboratories/Practica3/LCD_SYNC.v Line: 4
    Warning (13410): Pin "VD" is stuck at GND File: W:/www/MUISE/Sistemas digitales programables/Practica1 Subir/SDP-laboratories/Practica3/LCD_SYNC.v Line: 4
    Warning (13410): Pin "DEN" is stuck at GND File: W:/www/MUISE/Sistemas digitales programables/Practica1 Subir/SDP-laboratories/Practica3/LCD_SYNC.v Line: 4
    Warning (13410): Pin "Columnas[0]" is stuck at GND File: W:/www/MUISE/Sistemas digitales programables/Practica1 Subir/SDP-laboratories/Practica3/LCD_SYNC.v Line: 5
    Warning (13410): Pin "Columnas[1]" is stuck at GND File: W:/www/MUISE/Sistemas digitales programables/Practica1 Subir/SDP-laboratories/Practica3/LCD_SYNC.v Line: 5
    Warning (13410): Pin "Columnas[2]" is stuck at GND File: W:/www/MUISE/Sistemas digitales programables/Practica1 Subir/SDP-laboratories/Practica3/LCD_SYNC.v Line: 5
    Warning (13410): Pin "Columnas[3]" is stuck at GND File: W:/www/MUISE/Sistemas digitales programables/Practica1 Subir/SDP-laboratories/Practica3/LCD_SYNC.v Line: 5
    Warning (13410): Pin "Columnas[4]" is stuck at GND File: W:/www/MUISE/Sistemas digitales programables/Practica1 Subir/SDP-laboratories/Practica3/LCD_SYNC.v Line: 5
    Warning (13410): Pin "Columnas[5]" is stuck at GND File: W:/www/MUISE/Sistemas digitales programables/Practica1 Subir/SDP-laboratories/Practica3/LCD_SYNC.v Line: 5
    Warning (13410): Pin "Columnas[6]" is stuck at GND File: W:/www/MUISE/Sistemas digitales programables/Practica1 Subir/SDP-laboratories/Practica3/LCD_SYNC.v Line: 5
    Warning (13410): Pin "Columnas[7]" is stuck at GND File: W:/www/MUISE/Sistemas digitales programables/Practica1 Subir/SDP-laboratories/Practica3/LCD_SYNC.v Line: 5
    Warning (13410): Pin "Columnas[8]" is stuck at GND File: W:/www/MUISE/Sistemas digitales programables/Practica1 Subir/SDP-laboratories/Practica3/LCD_SYNC.v Line: 5
    Warning (13410): Pin "Columnas[9]" is stuck at GND File: W:/www/MUISE/Sistemas digitales programables/Practica1 Subir/SDP-laboratories/Practica3/LCD_SYNC.v Line: 5
    Warning (13410): Pin "Columnas[10]" is stuck at GND File: W:/www/MUISE/Sistemas digitales programables/Practica1 Subir/SDP-laboratories/Practica3/LCD_SYNC.v Line: 5
    Warning (13410): Pin "Columnas[11]" is stuck at GND File: W:/www/MUISE/Sistemas digitales programables/Practica1 Subir/SDP-laboratories/Practica3/LCD_SYNC.v Line: 5
    Warning (13410): Pin "Columnas[12]" is stuck at GND File: W:/www/MUISE/Sistemas digitales programables/Practica1 Subir/SDP-laboratories/Practica3/LCD_SYNC.v Line: 5
    Warning (13410): Pin "Columnas[13]" is stuck at GND File: W:/www/MUISE/Sistemas digitales programables/Practica1 Subir/SDP-laboratories/Practica3/LCD_SYNC.v Line: 5
    Warning (13410): Pin "Filas[0]" is stuck at GND File: W:/www/MUISE/Sistemas digitales programables/Practica1 Subir/SDP-laboratories/Practica3/LCD_SYNC.v Line: 8
    Warning (13410): Pin "Filas[1]" is stuck at GND File: W:/www/MUISE/Sistemas digitales programables/Practica1 Subir/SDP-laboratories/Practica3/LCD_SYNC.v Line: 8
    Warning (13410): Pin "Filas[2]" is stuck at GND File: W:/www/MUISE/Sistemas digitales programables/Practica1 Subir/SDP-laboratories/Practica3/LCD_SYNC.v Line: 8
    Warning (13410): Pin "Filas[3]" is stuck at GND File: W:/www/MUISE/Sistemas digitales programables/Practica1 Subir/SDP-laboratories/Practica3/LCD_SYNC.v Line: 8
    Warning (13410): Pin "Filas[4]" is stuck at GND File: W:/www/MUISE/Sistemas digitales programables/Practica1 Subir/SDP-laboratories/Practica3/LCD_SYNC.v Line: 8
    Warning (13410): Pin "Filas[5]" is stuck at GND File: W:/www/MUISE/Sistemas digitales programables/Practica1 Subir/SDP-laboratories/Practica3/LCD_SYNC.v Line: 8
    Warning (13410): Pin "Filas[6]" is stuck at GND File: W:/www/MUISE/Sistemas digitales programables/Practica1 Subir/SDP-laboratories/Practica3/LCD_SYNC.v Line: 8
    Warning (13410): Pin "Filas[7]" is stuck at GND File: W:/www/MUISE/Sistemas digitales programables/Practica1 Subir/SDP-laboratories/Practica3/LCD_SYNC.v Line: 8
    Warning (13410): Pin "Filas[8]" is stuck at GND File: W:/www/MUISE/Sistemas digitales programables/Practica1 Subir/SDP-laboratories/Practica3/LCD_SYNC.v Line: 8
Info (286030): Timing-Driven Synthesis is running
Warning (20013): Ignored 16 assignments for entity "pll_ltm" -- entity does not exist in design
    Warning (20014): Assignment for entity set_global_assignment -name IP_TOOL_NAME altera_pll -entity pll_ltm -sip pll_ltm.sip -library lib_pll_ltm was ignored
    Warning (20014): Assignment for entity set_global_assignment -name IP_TOOL_VERSION 17.1 -entity pll_ltm -sip pll_ltm.sip -library lib_pll_ltm was ignored
    Warning (20014): Assignment for entity set_global_assignment -name IP_TOOL_ENV mwpim -entity pll_ltm -sip pll_ltm.sip -library lib_pll_ltm was ignored
Info (16010): Generating hard_block partition "hard_block:auto_generated_inst"
    Info (16011): Adding 7 node(s), including 0 DDIO, 1 PLL, 0 transceiver and 0 LCELL
Info (21057): Implemented 46 device resources after synthesis - the final resource count might be different
    Info (21058): Implemented 2 input pins
    Info (21059): Implemented 28 output pins
    Info (21061): Implemented 15 logic cells
    Info (21065): Implemented 1 PLLs
Info: Quartus Prime Analysis & Synthesis was successful. 0 errors, 51 warnings
    Info: Peak virtual memory: 4844 megabytes
    Info: Processing ended: Tue Nov 16 19:08:28 2021
    Info: Elapsed time: 00:00:14
    Info: Total CPU time (on all processors): 00:00:18


