Analysis & Synthesis report for Practica4
Tue Dec 21 17:49:05 2021
Quartus Prime Version 17.1.1 Internal Build 593 12/11/2017 SJ Standard Edition


---------------------
; Table of Contents ;
---------------------
  1. Legal Notice
  2. Analysis & Synthesis Summary
  3. Analysis & Synthesis Settings
  4. Parallel Compilation
  5. Analysis & Synthesis Source Files Read
  6. Analysis & Synthesis Resource Usage Summary
  7. Analysis & Synthesis Resource Utilization by Entity
  8. State Machine - |ADC_CONTROL|FSM:Control|state
  9. Registers Removed During Synthesis
 10. General Register Statistics
 11. Multiplexer Restructuring Statistics (Restructuring Performed)
 12. Parameter Settings for User Entity Instance: Top-level Entity: |ADC_CONTROL
 13. Parameter Settings for User Entity Instance: contador:ADC_CNT1
 14. Parameter Settings for User Entity Instance: contador:ADC_CNT1_HALF
 15. Parameter Settings for User Entity Instance: contador:ADC_CNT_80
 16. Parameter Settings for User Entity Instance: FSM:Control
 17. Port Connectivity Checks: "FSM:Control"
 18. Port Connectivity Checks: "contador:ADC_CNT_80"
 19. Port Connectivity Checks: "contador:ADC_CNT1_HALF"
 20. Port Connectivity Checks: "contador:ADC_CNT1"
 21. Post-Synthesis Netlist Statistics for Top Partition
 22. Elapsed Time Per Partition
 23. Analysis & Synthesis Messages



----------------
; Legal Notice ;
----------------
Copyright (C) 2017  Intel Corporation. All rights reserved.
Your use of Intel Corporation's design tools, logic functions 
and other software and tools, and its AMPP partner logic 
functions, and any output files from any of the foregoing 
(including device programming or simulation files), and any 
associated documentation or information are expressly subject 
to the terms and conditions of the Intel Program License 
Subscription Agreement, the Intel Quartus Prime License Agreement,
the Intel FPGA IP License Agreement, or other applicable license
agreement, including, without limitation, that your use is for
the sole purpose of programming logic devices manufactured by
Intel and sold by Intel or its authorized distributors.  Please
refer to the applicable agreement for further details.



+-----------------------------------------------------------------------------------------------+
; Analysis & Synthesis Summary                                                                  ;
+------------------------------------+----------------------------------------------------------+
; Analysis & Synthesis Status        ; Successful - Tue Dec 21 17:49:05 2021                    ;
; Quartus Prime Version              ; 17.1.1 Internal Build 593 12/11/2017 SJ Standard Edition ;
; Revision Name                      ; Practica4                                                ;
; Top-level Entity Name              ; ADC_CONTROL                                              ;
; Family                             ; Cyclone IV E                                             ;
; Total logic elements               ; 91                                                       ;
;     Total combinational functions  ; 91                                                       ;
;     Dedicated logic registers      ; 53                                                       ;
; Total registers                    ; 53                                                       ;
; Total pins                         ; 32                                                       ;
; Total virtual pins                 ; 0                                                        ;
; Total memory bits                  ; 0                                                        ;
; Embedded Multiplier 9-bit elements ; 0                                                        ;
; Total PLLs                         ; 0                                                        ;
+------------------------------------+----------------------------------------------------------+


+----------------------------------------------------------------------------------------------------------------------+
; Analysis & Synthesis Settings                                                                                        ;
+----------------------------------------------------------------------------+--------------------+--------------------+
; Option                                                                     ; Setting            ; Default Value      ;
+----------------------------------------------------------------------------+--------------------+--------------------+
; Device                                                                     ; EP4CE115F29C7      ;                    ;
; Top-level entity name                                                      ; ADC_CONTROL        ; Practica4          ;
; Family name                                                                ; Cyclone IV E       ; Cyclone V          ;
; Use smart compilation                                                      ; Off                ; Off                ;
; Enable parallel Assembler and TimeQuest Timing Analyzer during compilation ; On                 ; On                 ;
; Enable compact report table                                                ; Off                ; Off                ;
; Restructure Multiplexers                                                   ; Auto               ; Auto               ;
; Create Debugging Nodes for IP Cores                                        ; Off                ; Off                ;
; Preserve fewer node names                                                  ; On                 ; On                 ;
; Intel FPGA IP Evaluation Mode                                              ; Enable             ; Enable             ;
; Verilog Version                                                            ; Verilog_2001       ; Verilog_2001       ;
; VHDL Version                                                               ; VHDL_1993          ; VHDL_1993          ;
; State Machine Processing                                                   ; Auto               ; Auto               ;
; Safe State Machine                                                         ; Off                ; Off                ;
; Extract Verilog State Machines                                             ; On                 ; On                 ;
; Extract VHDL State Machines                                                ; On                 ; On                 ;
; Ignore Verilog initial constructs                                          ; Off                ; Off                ;
; Iteration limit for constant Verilog loops                                 ; 5000               ; 5000               ;
; Iteration limit for non-constant Verilog loops                             ; 250                ; 250                ;
; Add Pass-Through Logic to Inferred RAMs                                    ; On                 ; On                 ;
; Infer RAMs from Raw Logic                                                  ; On                 ; On                 ;
; Parallel Synthesis                                                         ; On                 ; On                 ;
; DSP Block Balancing                                                        ; Auto               ; Auto               ;
; NOT Gate Push-Back                                                         ; On                 ; On                 ;
; Power-Up Don't Care                                                        ; On                 ; On                 ;
; Remove Redundant Logic Cells                                               ; Off                ; Off                ;
; Remove Duplicate Registers                                                 ; On                 ; On                 ;
; Ignore CARRY Buffers                                                       ; Off                ; Off                ;
; Ignore CASCADE Buffers                                                     ; Off                ; Off                ;
; Ignore GLOBAL Buffers                                                      ; Off                ; Off                ;
; Ignore ROW GLOBAL Buffers                                                  ; Off                ; Off                ;
; Ignore LCELL Buffers                                                       ; Off                ; Off                ;
; Ignore SOFT Buffers                                                        ; On                 ; On                 ;
; Limit AHDL Integers to 32 Bits                                             ; Off                ; Off                ;
; Optimization Technique                                                     ; Balanced           ; Balanced           ;
; Carry Chain Length                                                         ; 70                 ; 70                 ;
; Auto Carry Chains                                                          ; On                 ; On                 ;
; Auto Open-Drain Pins                                                       ; On                 ; On                 ;
; Perform WYSIWYG Primitive Resynthesis                                      ; Off                ; Off                ;
; Auto ROM Replacement                                                       ; On                 ; On                 ;
; Auto RAM Replacement                                                       ; On                 ; On                 ;
; Auto DSP Block Replacement                                                 ; On                 ; On                 ;
; Auto Shift Register Replacement                                            ; Auto               ; Auto               ;
; Allow Shift Register Merging across Hierarchies                            ; Auto               ; Auto               ;
; Auto Clock Enable Replacement                                              ; On                 ; On                 ;
; Strict RAM Replacement                                                     ; Off                ; Off                ;
; Allow Synchronous Control Signals                                          ; On                 ; On                 ;
; Force Use of Synchronous Clear Signals                                     ; Off                ; Off                ;
; Auto RAM Block Balancing                                                   ; On                 ; On                 ;
; Auto RAM to Logic Cell Conversion                                          ; Off                ; Off                ;
; Auto Resource Sharing                                                      ; Off                ; Off                ;
; Allow Any RAM Size For Recognition                                         ; Off                ; Off                ;
; Allow Any ROM Size For Recognition                                         ; Off                ; Off                ;
; Allow Any Shift Register Size For Recognition                              ; Off                ; Off                ;
; Use LogicLock Constraints during Resource Balancing                        ; On                 ; On                 ;
; Ignore translate_off and synthesis_off directives                          ; Off                ; Off                ;
; Timing-Driven Synthesis                                                    ; On                 ; On                 ;
; Report Parameter Settings                                                  ; On                 ; On                 ;
; Report Source Assignments                                                  ; On                 ; On                 ;
; Report Connectivity Checks                                                 ; On                 ; On                 ;
; Ignore Maximum Fan-Out Assignments                                         ; Off                ; Off                ;
; Synchronization Register Chain Length                                      ; 2                  ; 2                  ;
; Power Optimization During Synthesis                                        ; Normal compilation ; Normal compilation ;
; HDL message level                                                          ; Level2             ; Level2             ;
; Suppress Register Optimization Related Messages                            ; Off                ; Off                ;
; Number of Removed Registers Reported in Synthesis Report                   ; 5000               ; 5000               ;
; Number of Swept Nodes Reported in Synthesis Report                         ; 5000               ; 5000               ;
; Number of Inverted Registers Reported in Synthesis Report                  ; 100                ; 100                ;
; Clock MUX Protection                                                       ; On                 ; On                 ;
; Auto Gated Clock Conversion                                                ; Off                ; Off                ;
; Block Design Naming                                                        ; Auto               ; Auto               ;
; SDC constraint protection                                                  ; Off                ; Off                ;
; Synthesis Effort                                                           ; Auto               ; Auto               ;
; Shift Register Replacement - Allow Asynchronous Clear Signal               ; On                 ; On                 ;
; Pre-Mapping Resynthesis Optimization                                       ; Off                ; Off                ;
; Analysis & Synthesis Message Level                                         ; Medium             ; Medium             ;
; Disable Register Merging Across Hierarchies                                ; Auto               ; Auto               ;
; Resource Aware Inference For Block RAM                                     ; On                 ; On                 ;
+----------------------------------------------------------------------------+--------------------+--------------------+


+------------------------------------------+
; Parallel Compilation                     ;
+----------------------------+-------------+
; Processors                 ; Number      ;
+----------------------------+-------------+
; Number detected on machine ; 12          ;
; Maximum allowed            ; 6           ;
;                            ;             ;
; Average used               ; 1.00        ;
; Maximum used               ; 6           ;
;                            ;             ;
; Usage by Processor         ; % Time Used ;
;     Processor 1            ; 100.0%      ;
;     Processors 2-6         ;   0.0%      ;
+----------------------------+-------------+


+-----------------------------------------------------------------------------------------------------------------------------------------------------------------------------------------------+
; Analysis & Synthesis Source Files Read                                                                                                                                                        ;
+----------------------------------+-----------------+------------------------+-------------------------------------------------------------------------------------------------------+---------+
; File Name with User-Entered Path ; Used in Netlist ; File Type              ; File Name with Absolute Path                                                                          ; Library ;
+----------------------------------+-----------------+------------------------+-------------------------------------------------------------------------------------------------------+---------+
; MathFun.vh                       ; yes             ; User Unspecified File  ; W:/www/MUISE/Sistemas digitales programables/Practica1 Subir/SDP-laboratories/Practica4/MathFun.vh    ;         ;
; contador.v                       ; yes             ; User Verilog HDL File  ; W:/www/MUISE/Sistemas digitales programables/Practica1 Subir/SDP-laboratories/Practica4/contador.v    ;         ;
; ADC_CONTROL.v                    ; yes             ; User Verilog HDL File  ; W:/www/MUISE/Sistemas digitales programables/Practica1 Subir/SDP-laboratories/Practica4/ADC_CONTROL.v ;         ;
; FSM.v                            ; yes             ; User Verilog HDL File  ; W:/www/MUISE/Sistemas digitales programables/Practica1 Subir/SDP-laboratories/Practica4/FSM.v         ;         ;
+----------------------------------+-----------------+------------------------+-------------------------------------------------------------------------------------------------------+---------+


+----------------------------------------------------------+
; Analysis & Synthesis Resource Usage Summary              ;
+---------------------------------------------+------------+
; Resource                                    ; Usage      ;
+---------------------------------------------+------------+
; Estimated Total logic elements              ; 91         ;
;                                             ;            ;
; Total combinational functions               ; 91         ;
; Logic element usage by number of LUT inputs ;            ;
;     -- 4 input functions                    ; 41         ;
;     -- 3 input functions                    ; 15         ;
;     -- <=2 input functions                  ; 35         ;
;                                             ;            ;
; Logic elements by mode                      ;            ;
;     -- normal mode                          ; 70         ;
;     -- arithmetic mode                      ; 21         ;
;                                             ;            ;
; Total registers                             ; 53         ;
;     -- Dedicated logic registers            ; 53         ;
;     -- I/O registers                        ; 0          ;
;                                             ;            ;
; I/O pins                                    ; 32         ;
;                                             ;            ;
; Embedded Multiplier 9-bit elements          ; 0          ;
;                                             ;            ;
; Maximum fan-out node                        ; iCLK~input ;
; Maximum fan-out                             ; 54         ;
; Total fan-out                               ; 517        ;
; Average fan-out                             ; 2.49       ;
+---------------------------------------------+------------+


+---------------------------------------------------------------------------------------------------------------------------------------------------------------------------------------------------------------------------+
; Analysis & Synthesis Resource Utilization by Entity                                                                                                                                                                       ;
+-----------------------------+---------------------+---------------------------+-------------+--------------+---------+-----------+------+--------------+-------------------------------------+-------------+--------------+
; Compilation Hierarchy Node  ; Combinational ALUTs ; Dedicated Logic Registers ; Memory Bits ; DSP Elements ; DSP 9x9 ; DSP 18x18 ; Pins ; Virtual Pins ; Full Hierarchy Name                 ; Entity Name ; Library Name ;
+-----------------------------+---------------------+---------------------------+-------------+--------------+---------+-----------+------+--------------+-------------------------------------+-------------+--------------+
; |ADC_CONTROL                ; 91 (51)             ; 53 (25)                   ; 0           ; 0            ; 0       ; 0         ; 32   ; 0            ; |ADC_CONTROL                        ; ADC_CONTROL ; work         ;
;    |FSM:Control|            ; 5 (5)               ; 4 (4)                     ; 0           ; 0            ; 0       ; 0         ; 0    ; 0            ; |ADC_CONTROL|FSM:Control            ; FSM         ; work         ;
;    |contador:ADC_CNT1_HALF| ; 11 (11)             ; 8 (8)                     ; 0           ; 0            ; 0       ; 0         ; 0    ; 0            ; |ADC_CONTROL|contador:ADC_CNT1_HALF ; contador    ; work         ;
;    |contador:ADC_CNT1|      ; 13 (13)             ; 9 (9)                     ; 0           ; 0            ; 0       ; 0         ; 0    ; 0            ; |ADC_CONTROL|contador:ADC_CNT1      ; contador    ; work         ;
;    |contador:ADC_CNT_80|    ; 11 (11)             ; 7 (7)                     ; 0           ; 0            ; 0       ; 0         ; 0    ; 0            ; |ADC_CONTROL|contador:ADC_CNT_80    ; contador    ; work         ;
+-----------------------------+---------------------+---------------------------+-------------+--------------+---------+-----------+------+--------------+-------------------------------------+-------------+--------------+
Note: For table entries with two numbers listed, the numbers in parentheses indicate the number of resources of the given type used by the specific entity alone. The numbers listed outside of parentheses indicate the total resources of the given type used by the specific entity and all of its sub-entities in the hierarchy.


Encoding Type:  One-Hot
+------------------------------------------------------+
; State Machine - |ADC_CONTROL|FSM:Control|state       ;
+----------+----------+----------+----------+----------+
; Name     ; state.S3 ; state.S2 ; state.S1 ; state.S0 ;
+----------+----------+----------+----------+----------+
; state.S0 ; 0        ; 0        ; 0        ; 0        ;
; state.S1 ; 0        ; 0        ; 1        ; 1        ;
; state.S2 ; 0        ; 1        ; 0        ; 1        ;
; state.S3 ; 1        ; 0        ; 0        ; 1        ;
+----------+----------+----------+----------+----------+


+------------------------------------------------------------+
; Registers Removed During Synthesis                         ;
+---------------------------------------+--------------------+
; Register name                         ; Reason for Removal ;
+---------------------------------------+--------------------+
; FSM:Control|state~4                   ; Lost fanout        ;
; FSM:Control|state~5                   ; Lost fanout        ;
; Total Number of Removed Registers = 2 ;                    ;
+---------------------------------------+--------------------+


+------------------------------------------------------+
; General Register Statistics                          ;
+----------------------------------------------+-------+
; Statistic                                    ; Value ;
+----------------------------------------------+-------+
; Total registers                              ; 53    ;
; Number of registers using Synchronous Clear  ; 49    ;
; Number of registers using Synchronous Load   ; 0     ;
; Number of registers using Asynchronous Clear ; 4     ;
; Number of registers using Asynchronous Load  ; 0     ;
; Number of registers using Clock Enable       ; 24    ;
; Number of registers using Preset             ; 0     ;
+----------------------------------------------+-------+


+-------------------------------------------------------------------------------------------------------------------------------------------------------------+
; Multiplexer Restructuring Statistics (Restructuring Performed)                                                                                              ;
+--------------------+-----------+---------------+----------------------+------------------------+------------+-----------------------------------------------+
; Multiplexer Inputs ; Bus Width ; Baseline Area ; Area if Restructured ; Saving if Restructured ; Registered ; Example Multiplexer Output                    ;
+--------------------+-----------+---------------+----------------------+------------------------+------------+-----------------------------------------------+
; 4:1                ; 7 bits    ; 14 LEs        ; 7 LEs                ; 7 LEs                  ; Yes        ; |ADC_CONTROL|contador:ADC_CNT_80|oCOUNT[0]    ;
; 4:1                ; 9 bits    ; 18 LEs        ; 9 LEs                ; 9 LEs                  ; Yes        ; |ADC_CONTROL|contador:ADC_CNT1|oCOUNT[5]      ;
; 4:1                ; 8 bits    ; 16 LEs        ; 8 LEs                ; 8 LEs                  ; Yes        ; |ADC_CONTROL|contador:ADC_CNT1_HALF|oCOUNT[5] ;
+--------------------+-----------+---------------+----------------------+------------------------+------------+-----------------------------------------------+


+-----------------------------------------------------------------------------+
; Parameter Settings for User Entity Instance: Top-level Entity: |ADC_CONTROL ;
+----------------+----------+-------------------------------------------------+
; Parameter Name ; Value    ; Type                                            ;
+----------------+----------+-------------------------------------------------+
; SYSCLK_FRQ     ; 50000000 ; Signed Integer                                  ;
; ADC_DCLK_FRQ   ; 70000    ; Signed Integer                                  ;
; ADC_DCLK_CNT   ; 357      ; Signed Integer                                  ;
+----------------+----------+-------------------------------------------------+
Note: In order to hide this table in the UI and the text report file, please set the "Show Parameter Settings in Synthesis Report" option in "Analysis and Synthesis Settings -> More Settings" to "Off".


+----------------------------------------------------------------+
; Parameter Settings for User Entity Instance: contador:ADC_CNT1 ;
+----------------+-------+---------------------------------------+
; Parameter Name ; Value ; Type                                  ;
+----------------+-------+---------------------------------------+
; fin_cuenta     ; 357   ; Signed Integer                        ;
; n              ; 9     ; Signed Integer                        ;
+----------------+-------+---------------------------------------+
Note: In order to hide this table in the UI and the text report file, please set the "Show Parameter Settings in Synthesis Report" option in "Analysis and Synthesis Settings -> More Settings" to "Off".


+---------------------------------------------------------------------+
; Parameter Settings for User Entity Instance: contador:ADC_CNT1_HALF ;
+----------------+-------+--------------------------------------------+
; Parameter Name ; Value ; Type                                       ;
+----------------+-------+--------------------------------------------+
; fin_cuenta     ; 178   ; Signed Integer                             ;
; n              ; 8     ; Signed Integer                             ;
+----------------+-------+--------------------------------------------+
Note: In order to hide this table in the UI and the text report file, please set the "Show Parameter Settings in Synthesis Report" option in "Analysis and Synthesis Settings -> More Settings" to "Off".


+------------------------------------------------------------------+
; Parameter Settings for User Entity Instance: contador:ADC_CNT_80 ;
+----------------+-------+-----------------------------------------+
; Parameter Name ; Value ; Type                                    ;
+----------------+-------+-----------------------------------------+
; fin_cuenta     ; 80    ; Signed Integer                          ;
; n              ; 7     ; Signed Integer                          ;
+----------------+-------+-----------------------------------------+
Note: In order to hide this table in the UI and the text report file, please set the "Show Parameter Settings in Synthesis Report" option in "Analysis and Synthesis Settings -> More Settings" to "Off".


+----------------------------------------------------------+
; Parameter Settings for User Entity Instance: FSM:Control ;
+----------------+-------+---------------------------------+
; Parameter Name ; Value ; Type                            ;
+----------------+-------+---------------------------------+
; S0             ; 00    ; Unsigned Binary                 ;
; S1             ; 01    ; Unsigned Binary                 ;
; S2             ; 10    ; Unsigned Binary                 ;
; S3             ; 11    ; Unsigned Binary                 ;
+----------------+-------+---------------------------------+
Note: In order to hide this table in the UI and the text report file, please set the "Show Parameter Settings in Synthesis Report" option in "Analysis and Synthesis Settings -> More Settings" to "Off".


+---------------------------------------------------------------------------------------------------------------------+
; Port Connectivity Checks: "FSM:Control"                                                                             ;
+-----------+--------+----------+-------------------------------------------------------------------------------------+
; Port      ; Type   ; Severity ; Details                                                                             ;
+-----------+--------+----------+-------------------------------------------------------------------------------------+
; Fin_Trans ; Output ; Info     ; Connected to dangling logic. Logic that only feeds a dangling port will be removed. ;
+-----------+--------+----------+-------------------------------------------------------------------------------------+


+----------------------------------------------------------------------------------------------------------------------------------------------------------------------------------------------------------------------+
; Port Connectivity Checks: "contador:ADC_CNT_80"                                                                                                                                                                      ;
+--------------+-------+----------+------------------------------------------------------------------------------------------------------------------------------------------------------------------------------------+
; Port         ; Type  ; Severity ; Details                                                                                                                                                                            ;
+--------------+-------+----------+------------------------------------------------------------------------------------------------------------------------------------------------------------------------------------+
; iUP_DOWN     ; Input ; Warning  ; Input port expression (32 bits) is wider than the input port (1 bits) it drives.  The 31 most-significant bit(s) in the expression will be dangling if they have no other fanouts. ;
; iUP_DOWN[-1] ; Input ; Info     ; Stuck at VCC                                                                                                                                                                       ;
+--------------+-------+----------+------------------------------------------------------------------------------------------------------------------------------------------------------------------------------------+


+-----------------------------------------------------------------------------------------------------------------------------------------------------------------------------------------------------------------------+
; Port Connectivity Checks: "contador:ADC_CNT1_HALF"                                                                                                                                                                    ;
+--------------+--------+----------+------------------------------------------------------------------------------------------------------------------------------------------------------------------------------------+
; Port         ; Type   ; Severity ; Details                                                                                                                                                                            ;
+--------------+--------+----------+------------------------------------------------------------------------------------------------------------------------------------------------------------------------------------+
; iUP_DOWN     ; Input  ; Warning  ; Input port expression (32 bits) is wider than the input port (1 bits) it drives.  The 31 most-significant bit(s) in the expression will be dangling if they have no other fanouts. ;
; iUP_DOWN[-1] ; Input  ; Info     ; Stuck at VCC                                                                                                                                                                       ;
; oCOUNT       ; Output ; Info     ; Explicitly unconnected                                                                                                                                                             ;
+--------------+--------+----------+------------------------------------------------------------------------------------------------------------------------------------------------------------------------------------+


+-----------------------------------------------------------------------------------------------------------------------------------------------------------------------------------------------------------------------+
; Port Connectivity Checks: "contador:ADC_CNT1"                                                                                                                                                                         ;
+--------------+--------+----------+------------------------------------------------------------------------------------------------------------------------------------------------------------------------------------+
; Port         ; Type   ; Severity ; Details                                                                                                                                                                            ;
+--------------+--------+----------+------------------------------------------------------------------------------------------------------------------------------------------------------------------------------------+
; iUP_DOWN     ; Input  ; Warning  ; Input port expression (32 bits) is wider than the input port (1 bits) it drives.  The 31 most-significant bit(s) in the expression will be dangling if they have no other fanouts. ;
; iUP_DOWN[-1] ; Input  ; Info     ; Stuck at VCC                                                                                                                                                                       ;
; oCOUNT       ; Output ; Info     ; Explicitly unconnected                                                                                                                                                             ;
+--------------+--------+----------+------------------------------------------------------------------------------------------------------------------------------------------------------------------------------------+


+-----------------------------------------------------+
; Post-Synthesis Netlist Statistics for Top Partition ;
+-----------------------+-----------------------------+
; Type                  ; Count                       ;
+-----------------------+-----------------------------+
; boundary_port         ; 32                          ;
; cycloneiii_ff         ; 53                          ;
;     CLR               ; 4                           ;
;     ENA SCLR          ; 24                          ;
;     SCLR              ; 25                          ;
; cycloneiii_lcell_comb ; 91                          ;
;     arith             ; 21                          ;
;         2 data inputs ; 21                          ;
;     normal            ; 70                          ;
;         1 data inputs ; 4                           ;
;         2 data inputs ; 10                          ;
;         3 data inputs ; 15                          ;
;         4 data inputs ; 41                          ;
;                       ;                             ;
; Max LUT depth         ; 4.00                        ;
; Average LUT depth     ; 2.41                        ;
+-----------------------+-----------------------------+


+-------------------------------+
; Elapsed Time Per Partition    ;
+----------------+--------------+
; Partition Name ; Elapsed Time ;
+----------------+--------------+
; Top            ; 00:00:00     ;
+----------------+--------------+


+-------------------------------+
; Analysis & Synthesis Messages ;
+-------------------------------+
Info: *******************************************************************
Info: Running Quartus Prime Analysis & Synthesis
    Info: Version 17.1.1 Internal Build 593 12/11/2017 SJ Standard Edition
    Info: Processing started: Tue Dec 21 17:48:55 2021
Info: Command: quartus_map --read_settings_files=on --write_settings_files=off Practica4 -c Practica4
Warning (18236): Number of processors has not been specified which may cause overloading on shared machines.  Set the global assignment NUM_PARALLEL_PROCESSORS in your QSF to an appropriate value for best performance.
Info (20030): Parallel compilation is enabled and will use 6 of the 6 processors detected
Info (12021): Found 1 design units, including 1 entities, in source file contador.v
    Info (12023): Found entity 1: contador File: W:/www/MUISE/Sistemas digitales programables/Practica1 Subir/SDP-laboratories/Practica4/contador.v Line: 27
Info (12021): Found 1 design units, including 1 entities, in source file adc_control.v
    Info (12023): Found entity 1: ADC_CONTROL File: W:/www/MUISE/Sistemas digitales programables/Practica1 Subir/SDP-laboratories/Practica4/ADC_CONTROL.v Line: 2
Info (12021): Found 1 design units, including 1 entities, in source file fsm.v
    Info (12023): Found entity 1: FSM File: W:/www/MUISE/Sistemas digitales programables/Practica1 Subir/SDP-laboratories/Practica4/FSM.v Line: 8
Info (12127): Elaborating entity "ADC_CONTROL" for the top level hierarchy
Warning (10230): Verilog HDL assignment warning at ADC_CONTROL.v(50): truncated value with size 32 to match size of target (1) File: W:/www/MUISE/Sistemas digitales programables/Practica1 Subir/SDP-laboratories/Practica4/ADC_CONTROL.v Line: 50
Info (12128): Elaborating entity "contador" for hierarchy "contador:ADC_CNT1" File: W:/www/MUISE/Sistemas digitales programables/Practica1 Subir/SDP-laboratories/Practica4/ADC_CONTROL.v Line: 41
Warning (10230): Verilog HDL assignment warning at contador.v(58): truncated value with size 32 to match size of target (9) File: W:/www/MUISE/Sistemas digitales programables/Practica1 Subir/SDP-laboratories/Practica4/contador.v Line: 58
Warning (10230): Verilog HDL assignment warning at contador.v(64): truncated value with size 32 to match size of target (9) File: W:/www/MUISE/Sistemas digitales programables/Practica1 Subir/SDP-laboratories/Practica4/contador.v Line: 64
Warning (10230): Verilog HDL assignment warning at contador.v(69): truncated value with size 32 to match size of target (9) File: W:/www/MUISE/Sistemas digitales programables/Practica1 Subir/SDP-laboratories/Practica4/contador.v Line: 69
Info (12128): Elaborating entity "contador" for hierarchy "contador:ADC_CNT1_HALF" File: W:/www/MUISE/Sistemas digitales programables/Practica1 Subir/SDP-laboratories/Practica4/ADC_CONTROL.v Line: 44
Warning (10230): Verilog HDL assignment warning at contador.v(58): truncated value with size 32 to match size of target (8) File: W:/www/MUISE/Sistemas digitales programables/Practica1 Subir/SDP-laboratories/Practica4/contador.v Line: 58
Warning (10230): Verilog HDL assignment warning at contador.v(64): truncated value with size 32 to match size of target (8) File: W:/www/MUISE/Sistemas digitales programables/Practica1 Subir/SDP-laboratories/Practica4/contador.v Line: 64
Warning (10230): Verilog HDL assignment warning at contador.v(69): truncated value with size 32 to match size of target (8) File: W:/www/MUISE/Sistemas digitales programables/Practica1 Subir/SDP-laboratories/Practica4/contador.v Line: 69
Info (12128): Elaborating entity "contador" for hierarchy "contador:ADC_CNT_80" File: W:/www/MUISE/Sistemas digitales programables/Practica1 Subir/SDP-laboratories/Practica4/ADC_CONTROL.v Line: 47
Warning (10230): Verilog HDL assignment warning at contador.v(58): truncated value with size 32 to match size of target (7) File: W:/www/MUISE/Sistemas digitales programables/Practica1 Subir/SDP-laboratories/Practica4/contador.v Line: 58
Warning (10230): Verilog HDL assignment warning at contador.v(64): truncated value with size 32 to match size of target (7) File: W:/www/MUISE/Sistemas digitales programables/Practica1 Subir/SDP-laboratories/Practica4/contador.v Line: 64
Warning (10230): Verilog HDL assignment warning at contador.v(69): truncated value with size 32 to match size of target (7) File: W:/www/MUISE/Sistemas digitales programables/Practica1 Subir/SDP-laboratories/Practica4/contador.v Line: 69
Info (12128): Elaborating entity "FSM" for hierarchy "FSM:Control" File: W:/www/MUISE/Sistemas digitales programables/Practica1 Subir/SDP-laboratories/Practica4/ADC_CONTROL.v Line: 53
Warning (10235): Verilog HDL Always Construct warning at FSM.v(80): variable "ADC_PENIRQ_n" is read inside the Always Construct but isn't in the Always Construct's Event Control File: W:/www/MUISE/Sistemas digitales programables/Practica1 Subir/SDP-laboratories/Practica4/FSM.v Line: 80
Warning (10235): Verilog HDL Always Construct warning at FSM.v(85): variable "dclk" is read inside the Always Construct but isn't in the Always Construct's Event Control File: W:/www/MUISE/Sistemas digitales programables/Practica1 Subir/SDP-laboratories/Practica4/FSM.v Line: 85
Warning (10235): Verilog HDL Always Construct warning at FSM.v(85): variable "fin_80" is read inside the Always Construct but isn't in the Always Construct's Event Control File: W:/www/MUISE/Sistemas digitales programables/Practica1 Subir/SDP-laboratories/Practica4/FSM.v Line: 85
Warning (12241): 3 hierarchies have connectivity warnings - see the Connectivity Checks report folder
Info (286030): Timing-Driven Synthesis is running
Info (17049): 2 registers lost all their fanouts during netlist optimizations.
Info (16010): Generating hard_block partition "hard_block:auto_generated_inst"
    Info (16011): Adding 0 node(s), including 0 DDIO, 0 PLL, 0 transceiver and 0 LCELL
Warning (21074): Design contains 1 input pin(s) that do not drive logic
    Warning (15610): No output dependent on input pin "iADC_BUSY" File: W:/www/MUISE/Sistemas digitales programables/Practica1 Subir/SDP-laboratories/Practica4/ADC_CONTROL.v Line: 25
Info (21057): Implemented 123 device resources after synthesis - the final resource count might be different
    Info (21058): Implemented 5 input pins
    Info (21059): Implemented 27 output pins
    Info (21061): Implemented 91 logic cells
Info: Quartus Prime Analysis & Synthesis was successful. 0 errors, 17 warnings
    Info: Peak virtual memory: 4788 megabytes
    Info: Processing ended: Tue Dec 21 17:49:05 2021
    Info: Elapsed time: 00:00:10
    Info: Total CPU time (on all processors): 00:00:18


